ARM GAS  C:\Users\ktkuru\AppData\Local\Temp\cc3Pay1e.s 			page 1


   1              		.cpu cortex-m4
   2              		.arch armv7e-m
   3              		.fpu fpv4-sp-d16
   4              		.eabi_attribute 27, 1
   5              		.eabi_attribute 28, 1
   6              		.eabi_attribute 20, 1
   7              		.eabi_attribute 21, 1
   8              		.eabi_attribute 23, 3
   9              		.eabi_attribute 24, 1
  10              		.eabi_attribute 25, 1
  11              		.eabi_attribute 26, 1
  12              		.eabi_attribute 30, 1
  13              		.eabi_attribute 34, 1
  14              		.eabi_attribute 18, 4
  15              		.file	"BSP.c"
  16              		.text
  17              	.Ltext0:
  18              		.cfi_sections	.debug_frame
  19              		.file 1 "Lib/src/BSP.c"
  20              		.section	.text.BSP_Init,"ax",%progbits
  21              		.align	1
  22              		.global	BSP_Init
  23              		.syntax unified
  24              		.thumb
  25              		.thumb_func
  27              	BSP_Init:
  28              	.LFB126:
   1:Lib/src/BSP.c **** #include <stm32f4xx.h>
   2:Lib/src/BSP.c **** #include <touch.h>
   3:Lib/src/BSP.c **** #include <JY61_usart6.h>
   4:Lib/src/BSP.c **** #include <usart.h>
   5:Lib/src/BSP.c **** 
   6:Lib/src/BSP.c **** void BSP_Init()
   7:Lib/src/BSP.c **** {
  29              		.loc 1 7 1 view -0
  30              		.cfi_startproc
  31              		@ args = 0, pretend = 0, frame = 0
  32              		@ frame_needed = 0, uses_anonymous_args = 0
  33 0000 08B5     		push	{r3, lr}
  34              	.LCFI0:
  35              		.cfi_def_cfa_offset 8
  36              		.cfi_offset 3, -8
  37              		.cfi_offset 14, -4
   8:Lib/src/BSP.c ****     delay_init(180);
  38              		.loc 1 8 5 view .LVU1
  39 0002 B420     		movs	r0, #180
  40 0004 FFF7FEFF 		bl	delay_init
  41              	.LVL0:
   9:Lib/src/BSP.c ****     //uart_init(90,115200);
  10:Lib/src/BSP.c ****     USART1_Init(115200);
  42              		.loc 1 10 5 view .LVU2
  43 0008 4FF4E130 		mov	r0, #115200
  44 000c FFF7FEFF 		bl	USART1_Init
  45              	.LVL1:
  11:Lib/src/BSP.c ****     USART2_Init(115200);
  46              		.loc 1 11 5 view .LVU3
  47 0010 4FF4E130 		mov	r0, #115200
ARM GAS  C:\Users\ktkuru\AppData\Local\Temp\cc3Pay1e.s 			page 2


  48 0014 FFF7FEFF 		bl	USART2_Init
  49              	.LVL2:
  12:Lib/src/BSP.c ****     SDRAM_Init();
  50              		.loc 1 12 5 view .LVU4
  51 0018 FFF7FEFF 		bl	SDRAM_Init
  52              	.LVL3:
  13:Lib/src/BSP.c ****     LCD_Init();
  53              		.loc 1 13 5 view .LVU5
  54 001c FFF7FEFF 		bl	LCD_Init
  55              	.LVL4:
  14:Lib/src/BSP.c ****     gt9xxx_init();
  56              		.loc 1 14 5 view .LVU6
  57 0020 FFF7FEFF 		bl	gt9xxx_init
  58              	.LVL5:
  15:Lib/src/BSP.c ****     EXTI_Configuration();
  59              		.loc 1 15 5 view .LVU7
  60 0024 FFF7FEFF 		bl	EXTI_Configuration
  61              	.LVL6:
  16:Lib/src/BSP.c ****     
  17:Lib/src/BSP.c ****     
  18:Lib/src/BSP.c **** }...
  62              		.loc 1 18 1 is_stmt 0 view .LVU8
  63 0028 08BD     		pop	{r3, pc}
  64              		.cfi_endproc
  65              	.LFE126:
  67              		.text
  68              	.Letext0:
  69              		.file 2 "C:/Program Files (x86)/Arm GNU Toolchain arm-none-eabi/13.3 rel1/arm-none-eabi/include/ma
  70              		.file 3 "C:/Program Files (x86)/Arm GNU Toolchain arm-none-eabi/13.3 rel1/arm-none-eabi/include/sy
  71              		.file 4 "libraries/CMSIS/Device/ST/STM32F4xx/include/stm32f4xx.h"
  72              		.file 5 "Lib/inc/lib.h"
  73              		.file 6 "HADRWARE/LCD/lcd.h"
  74              		.file 7 "HADRWARE/SDRAM/sdram.h"
  75              		.file 8 "SYSTEM/usart/usart.h"
  76              		.file 9 "SYSTEM/delay/delay.h"
  77              		.file 10 "HADRWARE/TOUCH/gt9xxx.h"
ARM GAS  C:\Users\ktkuru\AppData\Local\Temp\cc3Pay1e.s 			page 3


DEFINED SYMBOLS
                            *ABS*:00000000 BSP.c
C:\Users\ktkuru\AppData\Local\Temp\cc3Pay1e.s:21     .text.BSP_Init:00000000 $t
C:\Users\ktkuru\AppData\Local\Temp\cc3Pay1e.s:27     .text.BSP_Init:00000000 BSP_Init

UNDEFINED SYMBOLS
delay_init
USART1_Init
USART2_Init
SDRAM_Init
LCD_Init
gt9xxx_init
EXTI_Configuration
