ARM GAS  C:\Users\ktkuru\AppData\Local\Temp\ccxDVj5y.s 			page 1


   1              		.cpu cortex-m4
   2              		.arch armv7e-m
   3              		.fpu fpv4-sp-d16
   4              		.eabi_attribute 27, 1
   5              		.eabi_attribute 28, 1
   6              		.eabi_attribute 20, 1
   7              		.eabi_attribute 21, 1
   8              		.eabi_attribute 23, 3
   9              		.eabi_attribute 24, 1
  10              		.eabi_attribute 25, 1
  11              		.eabi_attribute 26, 1
  12              		.eabi_attribute 30, 1
  13              		.eabi_attribute 34, 1
  14              		.eabi_attribute 18, 4
  15              		.file	"exit.c"
  16              		.text
  17              	.Ltext0:
  18              		.cfi_sections	.debug_frame
  19              		.file 1 "Lib/src/exit.c"
  20              		.section	.text.EXTI_Configuration,"ax",%progbits
  21              		.align	1
  22              		.global	EXTI_Configuration
  23              		.syntax unified
  24              		.thumb
  25              		.thumb_func
  27              	EXTI_Configuration:
  28              	.LFB126:
   1:Lib/src/exit.c **** #include <stm32f4xx.h>
   2:Lib/src/exit.c **** #include <lib.h>
   3:Lib/src/exit.c **** 
   4:Lib/src/exit.c **** void EXTI_Configuration(void)
   5:Lib/src/exit.c **** {
  29              		.loc 1 5 1 view -0
  30              		.cfi_startproc
  31              		@ args = 0, pretend = 0, frame = 16
  32              		@ frame_needed = 0, uses_anonymous_args = 0
  33 0000 10B5     		push	{r4, lr}
  34              	.LCFI0:
  35              		.cfi_def_cfa_offset 8
  36              		.cfi_offset 4, -8
  37              		.cfi_offset 14, -4
  38 0002 84B0     		sub	sp, sp, #16
  39              	.LCFI1:
  40              		.cfi_def_cfa_offset 24
   6:Lib/src/exit.c ****     // Enable SYSCFG clock
   7:Lib/src/exit.c ****     RCC_APB2PeriphClockCmd(RCC_APB2Periph_SYSCFG, ENABLE);
  41              		.loc 1 7 5 view .LVU1
  42 0004 0121     		movs	r1, #1
  43 0006 4FF48040 		mov	r0, #16384
  44 000a FFF7FEFF 		bl	RCC_APB2PeriphClockCmd
  45              	.LVL0:
   8:Lib/src/exit.c **** 
   9:Lib/src/exit.c ****     // Connect EXTI Line7 to PH7
  10:Lib/src/exit.c ****     SYSCFG_EXTILineConfig(EXTI_PortSourceGPIOH, EXTI_PinSource7);
  46              		.loc 1 10 5 view .LVU2
  47 000e 0721     		movs	r1, #7
  48 0010 0846     		mov	r0, r1
ARM GAS  C:\Users\ktkuru\AppData\Local\Temp\ccxDVj5y.s 			page 2


  49 0012 FFF7FEFF 		bl	SYSCFG_EXTILineConfig
  50              	.LVL1:
  11:Lib/src/exit.c **** 
  12:Lib/src/exit.c ****     // Configure EXTI Line7
  13:Lib/src/exit.c ****     EXTI_InitTypeDef EXTI_InitStructure;
  51              		.loc 1 13 5 view .LVU3
  14:Lib/src/exit.c ****     EXTI_InitStructure.EXTI_Line = EXTI_Line7;
  52              		.loc 1 14 5 view .LVU4
  53              		.loc 1 14 34 is_stmt 0 view .LVU5
  54 0016 8023     		movs	r3, #128
  55 0018 0293     		str	r3, [sp, #8]
  15:Lib/src/exit.c ****     EXTI_InitStructure.EXTI_Mode = EXTI_Mode_Interrupt;
  56              		.loc 1 15 5 is_stmt 1 view .LVU6
  57              		.loc 1 15 34 is_stmt 0 view .LVU7
  58 001a 0023     		movs	r3, #0
  59 001c 8DF80C30 		strb	r3, [sp, #12]
  16:Lib/src/exit.c ****     EXTI_InitStructure.EXTI_Trigger = EXTI_Trigger_Rising_Falling; // Change this to the desired tr
  60              		.loc 1 16 5 is_stmt 1 view .LVU8
  61              		.loc 1 16 37 is_stmt 0 view .LVU9
  62 0020 1023     		movs	r3, #16
  63 0022 8DF80D30 		strb	r3, [sp, #13]
  17:Lib/src/exit.c ****     EXTI_InitStructure.EXTI_LineCmd = ENABLE;
  64              		.loc 1 17 5 is_stmt 1 view .LVU10
  65              		.loc 1 17 37 is_stmt 0 view .LVU11
  66 0026 0124     		movs	r4, #1
  67 0028 8DF80E40 		strb	r4, [sp, #14]
  18:Lib/src/exit.c ****     EXTI_Init(&EXTI_InitStructure);
  68              		.loc 1 18 5 is_stmt 1 view .LVU12
  69 002c 02A8     		add	r0, sp, #8
  70 002e FFF7FEFF 		bl	EXTI_Init
  71              	.LVL2:
  19:Lib/src/exit.c **** 
  20:Lib/src/exit.c ****     // Enable and set EXTI Line7 Interrupt to the lowest priority
  21:Lib/src/exit.c ****     NVIC_InitTypeDef NVIC_InitStructure;
  72              		.loc 1 21 5 view .LVU13
  22:Lib/src/exit.c ****     NVIC_InitStructure.NVIC_IRQChannel = EXTI9_5_IRQn; // Change this to the appropriate IRQ channe
  73              		.loc 1 22 5 view .LVU14
  74              		.loc 1 22 40 is_stmt 0 view .LVU15
  75 0032 1723     		movs	r3, #23
  76 0034 8DF80430 		strb	r3, [sp, #4]
  23:Lib/src/exit.c ****     NVIC_InitStructure.NVIC_IRQChannelPreemptionPriority = 0x0F; // Change this to the desired pree
  77              		.loc 1 23 5 is_stmt 1 view .LVU16
  78              		.loc 1 23 58 is_stmt 0 view .LVU17
  79 0038 0F23     		movs	r3, #15
  80 003a 8DF80530 		strb	r3, [sp, #5]
  24:Lib/src/exit.c ****     NVIC_InitStructure.NVIC_IRQChannelSubPriority = 0x0F; // Change this to the desired subpriority
  81              		.loc 1 24 5 is_stmt 1 view .LVU18
  82              		.loc 1 24 51 is_stmt 0 view .LVU19
  83 003e 8DF80630 		strb	r3, [sp, #6]
  25:Lib/src/exit.c ****     NVIC_InitStructure.NVIC_IRQChannelCmd = ENABLE;
  84              		.loc 1 25 5 is_stmt 1 view .LVU20
  85              		.loc 1 25 43 is_stmt 0 view .LVU21
  86 0042 8DF80740 		strb	r4, [sp, #7]
  26:Lib/src/exit.c ****     NVIC_Init(&NVIC_InitStructure);
  87              		.loc 1 26 5 is_stmt 1 view .LVU22
  88 0046 01A8     		add	r0, sp, #4
  89 0048 FFF7FEFF 		bl	NVIC_Init
ARM GAS  C:\Users\ktkuru\AppData\Local\Temp\ccxDVj5y.s 			page 3


  90              	.LVL3:
  27:Lib/src/exit.c **** }
  91              		.loc 1 27 1 is_stmt 0 view .LVU23
  92 004c 04B0     		add	sp, sp, #16
  93              	.LCFI2:
  94              		.cfi_def_cfa_offset 8
  95              		@ sp needed
  96 004e 10BD     		pop	{r4, pc}
  97              		.cfi_endproc
  98              	.LFE126:
 100              		.section	.rodata.EXTI9_5_IRQHandler.str1.4,"aMS",%progbits,1
 101              		.align	2
 102              	.LC0:
 103 0000 456E7465 		.ascii	"Enter\000"
 103      7200
 104 0006 0000     		.align	2
 105              	.LC1:
 106 0008 45736300 		.ascii	"Esc\000"
 107              		.section	.text.EXTI9_5_IRQHandler,"ax",%progbits
 108              		.align	1
 109              		.global	EXTI9_5_IRQHandler
 110              		.syntax unified
 111              		.thumb
 112              		.thumb_func
 114              	EXTI9_5_IRQHandler:
 115              	.LFB127:
  28:Lib/src/exit.c **** 
  29:Lib/src/exit.c **** uint8_t act_sign_1,act_sign_2;
  30:Lib/src/exit.c **** 
  31:Lib/src/exit.c **** void EXTI9_5_IRQHandler(void)
  32:Lib/src/exit.c **** {
 116              		.loc 1 32 1 is_stmt 1 view -0
 117              		.cfi_startproc
 118              		@ args = 0, pretend = 0, frame = 0
 119              		@ frame_needed = 0, uses_anonymous_args = 0
 120 0000 30B5     		push	{r4, r5, lr}
 121              	.LCFI3:
 122              		.cfi_def_cfa_offset 12
 123              		.cfi_offset 4, -12
 124              		.cfi_offset 5, -8
 125              		.cfi_offset 14, -4
 126 0002 85B0     		sub	sp, sp, #20
 127              	.LCFI4:
 128              		.cfi_def_cfa_offset 32
  33:Lib/src/exit.c ****     // Check if EXTI_Line7 is asserted
  34:Lib/src/exit.c ****     if (EXTI_GetITStatus(EXTI_Line7) != RESET)
 129              		.loc 1 34 5 view .LVU25
 130              		.loc 1 34 9 is_stmt 0 view .LVU26
 131 0004 8020     		movs	r0, #128
 132 0006 FFF7FEFF 		bl	EXTI_GetITStatus
 133              	.LVL4:
 134              		.loc 1 34 8 discriminator 1 view .LVU27
 135 000a F0B1     		cbz	r0, .L3
 136              	.LBB2:
  35:Lib/src/exit.c ****     {
  36:Lib/src/exit.c ****         tp_dev.scan(0);     //读坐标
 137              		.loc 1 36 9 is_stmt 1 view .LVU28
ARM GAS  C:\Users\ktkuru\AppData\Local\Temp\ccxDVj5y.s 			page 4


 138              		.loc 1 36 15 is_stmt 0 view .LVU29
 139 000c 104B     		ldr	r3, .L6
 140 000e 5B68     		ldr	r3, [r3, #4]
 141              		.loc 1 36 9 view .LVU30
 142 0010 0020     		movs	r0, #0
 143 0012 9847     		blx	r3
 144              	.LVL5:
  37:Lib/src/exit.c ****         Button_check(&act_sign_1,0,360,250,100,50,"Enter");
 145              		.loc 1 37 9 is_stmt 1 view .LVU31
 146 0014 0F4B     		ldr	r3, .L6+4
 147 0016 0293     		str	r3, [sp, #8]
 148 0018 3225     		movs	r5, #50
 149 001a 0195     		str	r5, [sp, #4]
 150 001c 6424     		movs	r4, #100
 151 001e 0094     		str	r4, [sp]
 152 0020 FA23     		movs	r3, #250
 153 0022 4FF4B472 		mov	r2, #360
 154 0026 0021     		movs	r1, #0
 155 0028 0B48     		ldr	r0, .L6+8
 156 002a FFF7FEFF 		bl	Button_check
 157              	.LVL6:
  38:Lib/src/exit.c ****         Button_check(&act_sign_2,1,520,250,100,50,"Esc");
 158              		.loc 1 38 9 view .LVU32
 159 002e 0B4B     		ldr	r3, .L6+12
 160 0030 0293     		str	r3, [sp, #8]
 161 0032 0195     		str	r5, [sp, #4]
 162 0034 0094     		str	r4, [sp]
 163 0036 FA23     		movs	r3, #250
 164 0038 4FF40272 		mov	r2, #520
 165 003c 0121     		movs	r1, #1
 166 003e 0848     		ldr	r0, .L6+16
 167 0040 FFF7FEFF 		bl	Button_check
 168              	.LVL7:
  39:Lib/src/exit.c ****         // Clear the EXTI line pending bit
  40:Lib/src/exit.c ****         EXTI_ClearITPendingBit(EXTI_Line7);
 169              		.loc 1 40 9 view .LVU33
 170 0044 8020     		movs	r0, #128
 171 0046 FFF7FEFF 		bl	EXTI_ClearITPendingBit
 172              	.LVL8:
 173              	.L3:
 174              	.LBE2:
  41:Lib/src/exit.c ****     }
  42:Lib/src/exit.c **** }...
 175              		.loc 1 42 1 is_stmt 0 view .LVU34
 176 004a 05B0     		add	sp, sp, #20
 177              	.LCFI5:
 178              		.cfi_def_cfa_offset 12
 179              		@ sp needed
 180 004c 30BD     		pop	{r4, r5, pc}
 181              	.L7:
 182 004e 00BF     		.align	2
 183              	.L6:
 184 0050 00000000 		.word	tp_dev
 185 0054 00000000 		.word	.LC0
 186 0058 00000000 		.word	act_sign_1
 187 005c 08000000 		.word	.LC1
 188 0060 00000000 		.word	act_sign_2
ARM GAS  C:\Users\ktkuru\AppData\Local\Temp\ccxDVj5y.s 			page 5


 189              		.cfi_endproc
 190              	.LFE127:
 192              		.global	act_sign_2
 193              		.section	.bss.act_sign_2,"aw",%nobits
 196              	act_sign_2:
 197 0000 00       		.space	1
 198              		.global	act_sign_1
 199              		.section	.bss.act_sign_1,"aw",%nobits
 202              	act_sign_1:
 203 0000 00       		.space	1
 204              		.text
 205              	.Letext0:
 206              		.file 2 "C:/Program Files (x86)/Arm GNU Toolchain arm-none-eabi/13.3 rel1/arm-none-eabi/include/ma
 207              		.file 3 "C:/Program Files (x86)/Arm GNU Toolchain arm-none-eabi/13.3 rel1/arm-none-eabi/include/sy
 208              		.file 4 "libraries/CMSIS/Device/ST/STM32F4xx/include/stm32f4xx.h"
 209              		.file 5 "libraries/STM32F4xx_StdPeriph_Driver/inc/stm32f4xx_exti.h"
 210              		.file 6 "libraries/STM32F4xx_StdPeriph_Driver/inc/misc.h"
 211              		.file 7 "HADRWARE/TOUCH/touch.h"
 212              		.file 8 "libraries/STM32F4xx_StdPeriph_Driver/inc/stm32f4xx_syscfg.h"
 213              		.file 9 "libraries/STM32F4xx_StdPeriph_Driver/inc/stm32f4xx_rcc.h"
ARM GAS  C:\Users\ktkuru\AppData\Local\Temp\ccxDVj5y.s 			page 6


DEFINED SYMBOLS
                            *ABS*:00000000 exit.c
C:\Users\ktkuru\AppData\Local\Temp\ccxDVj5y.s:21     .text.EXTI_Configuration:00000000 $t
C:\Users\ktkuru\AppData\Local\Temp\ccxDVj5y.s:27     .text.EXTI_Configuration:00000000 EXTI_Configuration
C:\Users\ktkuru\AppData\Local\Temp\ccxDVj5y.s:101    .rodata.EXTI9_5_IRQHandler.str1.4:00000000 $d
C:\Users\ktkuru\AppData\Local\Temp\ccxDVj5y.s:108    .text.EXTI9_5_IRQHandler:00000000 $t
C:\Users\ktkuru\AppData\Local\Temp\ccxDVj5y.s:114    .text.EXTI9_5_IRQHandler:00000000 EXTI9_5_IRQHandler
C:\Users\ktkuru\AppData\Local\Temp\ccxDVj5y.s:184    .text.EXTI9_5_IRQHandler:00000050 $d
C:\Users\ktkuru\AppData\Local\Temp\ccxDVj5y.s:202    .bss.act_sign_1:00000000 act_sign_1
C:\Users\ktkuru\AppData\Local\Temp\ccxDVj5y.s:196    .bss.act_sign_2:00000000 act_sign_2
C:\Users\ktkuru\AppData\Local\Temp\ccxDVj5y.s:197    .bss.act_sign_2:00000000 $d
C:\Users\ktkuru\AppData\Local\Temp\ccxDVj5y.s:203    .bss.act_sign_1:00000000 $d

UNDEFINED SYMBOLS
RCC_APB2PeriphClockCmd
SYSCFG_EXTILineConfig
EXTI_Init
NVIC_Init
EXTI_GetITStatus
Button_check
EXTI_ClearITPendingBit
tp_dev
