ARM GAS  /tmp/ccpH8xV9.s 			page 1


   1              		.cpu cortex-m4
   2              		.eabi_attribute 27, 1
   3              		.eabi_attribute 28, 1
   4              		.eabi_attribute 20, 1
   5              		.eabi_attribute 21, 1
   6              		.eabi_attribute 23, 3
   7              		.eabi_attribute 24, 1
   8              		.eabi_attribute 25, 1
   9              		.eabi_attribute 26, 1
  10              		.eabi_attribute 30, 1
  11              		.eabi_attribute 34, 1
  12              		.eabi_attribute 18, 4
  13              		.file	"main.c"
  14              		.text
  15              	.Ltext0:
  16              		.cfi_sections	.debug_frame
  17              		.section	.text.main,"ax",%progbits
  18              		.align	1
  19              		.global	main
  20              		.arch armv7e-m
  21              		.syntax unified
  22              		.thumb
  23              		.thumb_func
  24              		.fpu fpv4-sp-d16
  26              	main:
  27              	.LFB126:
  28              		.file 1 "USER/main.c"
   1:USER/main.c   **** //#define STM32F40_41xxx
   2:USER/main.c   **** 
   3:USER/main.c   **** #include <stm32f4xx.h>
   4:USER/main.c   **** #include <touch.h>
   5:USER/main.c   **** #include <JY61_usart6.h>
   6:USER/main.c   **** 
   7:USER/main.c   **** extern float Angle_S[3];
   8:USER/main.c   **** 
   9:USER/main.c   **** int main()
  10:USER/main.c   **** {
  29              		.loc 1 10 1 view -0
  30              		.cfi_startproc
  31              		@ Volatile: function does not return.
  32              		@ args = 0, pretend = 0, frame = 0
  33              		@ frame_needed = 0, uses_anonymous_args = 0
  34 0000 08B5     		push	{r3, lr}
  35              	.LCFI0:
  36              		.cfi_def_cfa_offset 8
  37              		.cfi_offset 3, -8
  38              		.cfi_offset 14, -4
  11:USER/main.c   ****     BSP_Init();
  39              		.loc 1 11 5 view .LVU1
  40 0002 FFF7FEFF 		bl	BSP_Init
  41              	.LVL0:
  12:USER/main.c   ****     
  13:USER/main.c   **** 
  14:USER/main.c   ****     LCD_DrawRectangle(360,250,100,50);
  42              		.loc 1 14 5 view .LVU2
  43 0006 3223     		movs	r3, #50
  44 0008 6422     		movs	r2, #100
ARM GAS  /tmp/ccpH8xV9.s 			page 2


  45 000a FA21     		movs	r1, #250
  46 000c 4FF4B470 		mov	r0, #360
  47 0010 FFF7FEFF 		bl	LCD_DrawRectangle
  48              	.LVL1:
  15:USER/main.c   ****     LCD_DrawRectangle(520,250,100,50);
  49              		.loc 1 15 5 view .LVU3
  50 0014 3223     		movs	r3, #50
  51 0016 6422     		movs	r2, #100
  52 0018 FA21     		movs	r1, #250
  53 001a 4FF40270 		mov	r0, #520
  54 001e FFF7FEFF 		bl	LCD_DrawRectangle
  55              	.LVL2:
  56              	.L2:
  16:USER/main.c   ****     
  17:USER/main.c   **** 
  18:USER/main.c   ****     while(1)
  57              		.loc 1 18 5 discriminator 1 view .LVU4
  19:USER/main.c   ****     {    
  20:USER/main.c   ****         //Printf(0,0,240,32,32,0,"x:%d,y:%d",tp_dev.x[0],tp_dev.y[0]);
  21:USER/main.c   ****         //printf("%d,%d\r\n",tp_dev.x[0],tp_dev.y[0]);
  22:USER/main.c   ****     }
  58              		.loc 1 22 5 discriminator 1 view .LVU5
  18:USER/main.c   ****     {    
  59              		.loc 1 18 10 discriminator 1 view .LVU6
  60 0022 FEE7     		b	.L2
  61              		.cfi_endproc
  62              	.LFE126:
  64              		.section	.rodata.button_response.str1.4,"aMS",%progbits,1
  65              		.align	2
  66              	.LC0:
  67 0000 613A2564 		.ascii	"a:%d\000"
  67      00
  68 0005 000000   		.align	2
  69              	.LC1:
  70 0008 25640D0A 		.ascii	"%d\015\012\000"
  70      00
  71              		.section	.text.button_response,"ax",%progbits
  72              		.align	1
  73              		.global	button_response
  74              		.syntax unified
  75              		.thumb
  76              		.thumb_func
  77              		.fpu fpv4-sp-d16
  79              	button_response:
  80              	.LVL3:
  81              	.LFB127:
  23:USER/main.c   **** }
  24:USER/main.c   **** 
  25:USER/main.c   **** int a;
  26:USER/main.c   **** 
  27:USER/main.c   **** void button_response(uint8_t *act_sign)
  28:USER/main.c   **** {
  82              		.loc 1 28 1 view -0
  83              		.cfi_startproc
  84              		@ args = 0, pretend = 0, frame = 0
  85              		@ frame_needed = 0, uses_anonymous_args = 0
  86              		.loc 1 28 1 is_stmt 0 view .LVU8
ARM GAS  /tmp/ccpH8xV9.s 			page 3


  87 0000 10B5     		push	{r4, lr}
  88              	.LCFI1:
  89              		.cfi_def_cfa_offset 8
  90              		.cfi_offset 4, -8
  91              		.cfi_offset 14, -4
  92 0002 84B0     		sub	sp, sp, #16
  93              	.LCFI2:
  94              		.cfi_def_cfa_offset 24
  29:USER/main.c   ****     switch (*act_sign)
  95              		.loc 1 29 5 is_stmt 1 view .LVU9
  96              		.loc 1 29 13 is_stmt 0 view .LVU10
  97 0004 0378     		ldrb	r3, [r0]	@ zero_extendqisi2
  98              		.loc 1 29 5 view .LVU11
  99 0006 1BB1     		cbz	r3, .L5
 100 0008 012B     		cmp	r3, #1
 101 000a 15D0     		beq	.L6
 102              	.LVL4:
 103              	.L4:
  30:USER/main.c   ****     {
  31:USER/main.c   ****         case 0:
  32:USER/main.c   ****         {
  33:USER/main.c   ****             a +=2;
  34:USER/main.c   ****             Printf(0,64,240,32,32,0,"a:%d",a); 
  35:USER/main.c   ****             printf("%d\r\n",a);
  36:USER/main.c   ****         }   
  37:USER/main.c   ****         break;
  38:USER/main.c   ****         
  39:USER/main.c   ****         case 1:
  40:USER/main.c   ****         {
  41:USER/main.c   ****             a--;
  42:USER/main.c   ****             Printf(0,64,240,32,32,0,"a:%d",a); 
  43:USER/main.c   ****             printf("%d\r\n",a);
  44:USER/main.c   ****         }
  45:USER/main.c   ****         break;
  46:USER/main.c   ****         default:
  47:USER/main.c   ****             break;
  48:USER/main.c   ****     }
  49:USER/main.c   **** 
  50:USER/main.c   **** }
 104              		.loc 1 50 1 view .LVU12
 105 000c 04B0     		add	sp, sp, #16
 106              	.LCFI3:
 107              		.cfi_remember_state
 108              		.cfi_def_cfa_offset 8
 109              		@ sp needed
 110 000e 10BD     		pop	{r4, pc}
 111              	.LVL5:
 112              	.L5:
 113              	.LCFI4:
 114              		.cfi_restore_state
  33:USER/main.c   ****             Printf(0,64,240,32,32,0,"a:%d",a); 
 115              		.loc 1 33 13 is_stmt 1 view .LVU13
  33:USER/main.c   ****             Printf(0,64,240,32,32,0,"a:%d",a); 
 116              		.loc 1 33 15 is_stmt 0 view .LVU14
 117 0010 134C     		ldr	r4, .L9
 118 0012 2368     		ldr	r3, [r4]
 119 0014 0233     		adds	r3, r3, #2
ARM GAS  /tmp/ccpH8xV9.s 			page 4


 120 0016 2360     		str	r3, [r4]
  34:USER/main.c   ****             printf("%d\r\n",a);
 121              		.loc 1 34 13 is_stmt 1 view .LVU15
 122 0018 0393     		str	r3, [sp, #12]
 123 001a 124B     		ldr	r3, .L9+4
 124 001c 0293     		str	r3, [sp, #8]
 125 001e 0020     		movs	r0, #0
 126              	.LVL6:
  34:USER/main.c   ****             printf("%d\r\n",a);
 127              		.loc 1 34 13 is_stmt 0 view .LVU16
 128 0020 0190     		str	r0, [sp, #4]
 129 0022 2023     		movs	r3, #32
 130 0024 0093     		str	r3, [sp]
 131 0026 F022     		movs	r2, #240
 132 0028 4021     		movs	r1, #64
 133 002a FFF7FEFF 		bl	Printf
 134              	.LVL7:
  35:USER/main.c   ****         }   
 135              		.loc 1 35 13 is_stmt 1 view .LVU17
 136 002e 2168     		ldr	r1, [r4]
 137 0030 0D48     		ldr	r0, .L9+8
 138 0032 FFF7FEFF 		bl	printf
 139              	.LVL8:
  37:USER/main.c   ****         
 140              		.loc 1 37 9 view .LVU18
 141 0036 E9E7     		b	.L4
 142              	.LVL9:
 143              	.L6:
  41:USER/main.c   ****             Printf(0,64,240,32,32,0,"a:%d",a); 
 144              		.loc 1 41 13 view .LVU19
  41:USER/main.c   ****             Printf(0,64,240,32,32,0,"a:%d",a); 
 145              		.loc 1 41 14 is_stmt 0 view .LVU20
 146 0038 094C     		ldr	r4, .L9
 147 003a 2368     		ldr	r3, [r4]
 148 003c 013B     		subs	r3, r3, #1
 149 003e 2360     		str	r3, [r4]
  42:USER/main.c   ****             printf("%d\r\n",a);
 150              		.loc 1 42 13 is_stmt 1 view .LVU21
 151 0040 0393     		str	r3, [sp, #12]
 152 0042 084B     		ldr	r3, .L9+4
 153 0044 0293     		str	r3, [sp, #8]
 154 0046 0020     		movs	r0, #0
 155              	.LVL10:
  42:USER/main.c   ****             printf("%d\r\n",a);
 156              		.loc 1 42 13 is_stmt 0 view .LVU22
 157 0048 0190     		str	r0, [sp, #4]
 158 004a 2023     		movs	r3, #32
 159 004c 0093     		str	r3, [sp]
 160 004e F022     		movs	r2, #240
 161 0050 4021     		movs	r1, #64
 162 0052 FFF7FEFF 		bl	Printf
 163              	.LVL11:
  43:USER/main.c   ****         }
 164              		.loc 1 43 13 is_stmt 1 view .LVU23
 165 0056 2168     		ldr	r1, [r4]
 166 0058 0348     		ldr	r0, .L9+8
 167 005a FFF7FEFF 		bl	printf
ARM GAS  /tmp/ccpH8xV9.s 			page 5


 168              	.LVL12:
  45:USER/main.c   ****         default:
 169              		.loc 1 45 9 view .LVU24
 170              		.loc 1 50 1 is_stmt 0 view .LVU25
 171 005e D5E7     		b	.L4
 172              	.L10:
 173              		.align	2
 174              	.L9:
 175 0060 00000000 		.word	.LANCHOR0
 176 0064 00000000 		.word	.LC0
 177 0068 08000000 		.word	.LC1
 178              		.cfi_endproc
 179              	.LFE127:
 181              		.global	a
 182              		.section	.bss.a,"aw",%nobits
 183              		.align	2
 184              		.set	.LANCHOR0,. + 0
 187              	a:
 188 0000 00000000 		.space	4
 189              		.text
 190              	.Letext0:
 191              		.file 2 "/home/ktkuri/arm-gcc-tools/arm-none-eabi/include/machine/_default_types.h"
 192              		.file 3 "/home/ktkuri/arm-gcc-tools/arm-none-eabi/include/sys/_stdint.h"
 193              		.file 4 "HADRWARE/LCD/lcd.h"
 194              		.file 5 "/home/ktkuri/arm-gcc-tools/arm-none-eabi/include/stdio.h"
 195              		.file 6 "Lib/inc/lib.h"
ARM GAS  /tmp/ccpH8xV9.s 			page 6


DEFINED SYMBOLS
                            *ABS*:0000000000000000 main.c
     /tmp/ccpH8xV9.s:18     .text.main:0000000000000000 $t
     /tmp/ccpH8xV9.s:26     .text.main:0000000000000000 main
     /tmp/ccpH8xV9.s:65     .rodata.button_response.str1.4:0000000000000000 $d
     /tmp/ccpH8xV9.s:72     .text.button_response:0000000000000000 $t
     /tmp/ccpH8xV9.s:79     .text.button_response:0000000000000000 button_response
     /tmp/ccpH8xV9.s:175    .text.button_response:0000000000000060 $d
     /tmp/ccpH8xV9.s:187    .bss.a:0000000000000000 a
     /tmp/ccpH8xV9.s:183    .bss.a:0000000000000000 $d

UNDEFINED SYMBOLS
BSP_Init
LCD_DrawRectangle
Printf
printf
