ARM GAS  C:\Users\ktkuru\AppData\Local\Temp\ccsJTvSw.s 			page 1


   1              		.cpu cortex-m4
   2              		.arch armv7e-m
   3              		.fpu fpv4-sp-d16
   4              		.eabi_attribute 27, 1
   5              		.eabi_attribute 28, 1
   6              		.eabi_attribute 20, 1
   7              		.eabi_attribute 21, 1
   8              		.eabi_attribute 23, 3
   9              		.eabi_attribute 24, 1
  10              		.eabi_attribute 25, 1
  11              		.eabi_attribute 26, 1
  12              		.eabi_attribute 30, 1
  13              		.eabi_attribute 34, 1
  14              		.eabi_attribute 18, 4
  15              		.file	"misc.c"
  16              		.text
  17              	.Ltext0:
  18              		.cfi_sections	.debug_frame
  19              		.file 1 "libraries/STM32F4xx_StdPeriph_Driver/src/misc.c"
  20              		.section	.text.NVIC_PriorityGroupConfig,"ax",%progbits
  21              		.align	1
  22              		.global	NVIC_PriorityGroupConfig
  23              		.syntax unified
  24              		.thumb
  25              		.thumb_func
  27              	NVIC_PriorityGroupConfig:
  28              	.LVL0:
  29              	.LFB123:
   1:libraries/STM32F4xx_StdPeriph_Driver/src/misc.c **** /**
   2:libraries/STM32F4xx_StdPeriph_Driver/src/misc.c ****   ******************************************************************************
   3:libraries/STM32F4xx_StdPeriph_Driver/src/misc.c ****   * @file    misc.c
   4:libraries/STM32F4xx_StdPeriph_Driver/src/misc.c ****   * @author  MCD Application Team
   5:libraries/STM32F4xx_StdPeriph_Driver/src/misc.c ****   * @version V1.8.1
   6:libraries/STM32F4xx_StdPeriph_Driver/src/misc.c ****   * @date    27-January-2022
   7:libraries/STM32F4xx_StdPeriph_Driver/src/misc.c ****   * @brief   This file provides all the miscellaneous firmware functions (add-on
   8:libraries/STM32F4xx_StdPeriph_Driver/src/misc.c ****   *          to CMSIS functions).
   9:libraries/STM32F4xx_StdPeriph_Driver/src/misc.c ****   *          
  10:libraries/STM32F4xx_StdPeriph_Driver/src/misc.c ****   *  @verbatim   
  11:libraries/STM32F4xx_StdPeriph_Driver/src/misc.c ****   *                               
  12:libraries/STM32F4xx_StdPeriph_Driver/src/misc.c ****   *          ===================================================================      
  13:libraries/STM32F4xx_StdPeriph_Driver/src/misc.c ****   *                        How to configure Interrupts using driver 
  14:libraries/STM32F4xx_StdPeriph_Driver/src/misc.c ****   *          ===================================================================      
  15:libraries/STM32F4xx_StdPeriph_Driver/src/misc.c ****   * 
  16:libraries/STM32F4xx_StdPeriph_Driver/src/misc.c ****   *            This section provide functions allowing to configure the NVIC interrupts (IRQ).
  17:libraries/STM32F4xx_StdPeriph_Driver/src/misc.c ****   *            The Cortex-M4 exceptions are managed by CMSIS functions.
  18:libraries/STM32F4xx_StdPeriph_Driver/src/misc.c ****   *
  19:libraries/STM32F4xx_StdPeriph_Driver/src/misc.c ****   *            1. Configure the NVIC Priority Grouping using NVIC_PriorityGroupConfig()
  20:libraries/STM32F4xx_StdPeriph_Driver/src/misc.c ****   *                function according to the following table.
  21:libraries/STM32F4xx_StdPeriph_Driver/src/misc.c ****  
  22:libraries/STM32F4xx_StdPeriph_Driver/src/misc.c ****   *  The table below gives the allowed values of the pre-emption priority and subpriority according
  23:libraries/STM32F4xx_StdPeriph_Driver/src/misc.c ****   *  to the Priority Grouping configuration performed by NVIC_PriorityGroupConfig function
  24:libraries/STM32F4xx_StdPeriph_Driver/src/misc.c ****   *    ============================================================================================
  25:libraries/STM32F4xx_StdPeriph_Driver/src/misc.c ****   *      NVIC_PriorityGroup   | NVIC_IRQChannelPreemptionPriority | NVIC_IRQChannelSubPriority  |  
  26:libraries/STM32F4xx_StdPeriph_Driver/src/misc.c ****   *    ============================================================================================
  27:libraries/STM32F4xx_StdPeriph_Driver/src/misc.c ****   *     NVIC_PriorityGroup_0  |                0                  |            0-15             | 0
  28:libraries/STM32F4xx_StdPeriph_Driver/src/misc.c ****   *                           |                                   |                             | 4
  29:libraries/STM32F4xx_StdPeriph_Driver/src/misc.c ****   *    --------------------------------------------------------------------------------------------
ARM GAS  C:\Users\ktkuru\AppData\Local\Temp\ccsJTvSw.s 			page 2


  30:libraries/STM32F4xx_StdPeriph_Driver/src/misc.c ****   *     NVIC_PriorityGroup_1  |                0-1                |            0-7              | 1
  31:libraries/STM32F4xx_StdPeriph_Driver/src/misc.c ****   *                           |                                   |                             | 3
  32:libraries/STM32F4xx_StdPeriph_Driver/src/misc.c ****   *    --------------------------------------------------------------------------------------------
  33:libraries/STM32F4xx_StdPeriph_Driver/src/misc.c ****   *     NVIC_PriorityGroup_2  |                0-3                |            0-3              | 2
  34:libraries/STM32F4xx_StdPeriph_Driver/src/misc.c ****   *                           |                                   |                             | 2
  35:libraries/STM32F4xx_StdPeriph_Driver/src/misc.c ****   *    --------------------------------------------------------------------------------------------
  36:libraries/STM32F4xx_StdPeriph_Driver/src/misc.c ****   *     NVIC_PriorityGroup_3  |                0-7                |            0-1              | 3
  37:libraries/STM32F4xx_StdPeriph_Driver/src/misc.c ****   *                           |                                   |                             | 1
  38:libraries/STM32F4xx_StdPeriph_Driver/src/misc.c ****   *    --------------------------------------------------------------------------------------------
  39:libraries/STM32F4xx_StdPeriph_Driver/src/misc.c ****   *     NVIC_PriorityGroup_4  |                0-15               |            0                | 4
  40:libraries/STM32F4xx_StdPeriph_Driver/src/misc.c ****   *                           |                                   |                             | 0
  41:libraries/STM32F4xx_StdPeriph_Driver/src/misc.c ****   *    ============================================================================================
  42:libraries/STM32F4xx_StdPeriph_Driver/src/misc.c ****   *
  43:libraries/STM32F4xx_StdPeriph_Driver/src/misc.c ****   *            2. Enable and Configure the priority of the selected IRQ Channels using NVIC_Init() 
  44:libraries/STM32F4xx_StdPeriph_Driver/src/misc.c ****   *
  45:libraries/STM32F4xx_StdPeriph_Driver/src/misc.c ****   * @note  When the NVIC_PriorityGroup_0 is selected, IRQ pre-emption is no more possible. 
  46:libraries/STM32F4xx_StdPeriph_Driver/src/misc.c ****   *        The pending IRQ priority will be managed only by the subpriority.
  47:libraries/STM32F4xx_StdPeriph_Driver/src/misc.c ****   *
  48:libraries/STM32F4xx_StdPeriph_Driver/src/misc.c ****   * @note  IRQ priority order (sorted by highest to lowest priority):
  49:libraries/STM32F4xx_StdPeriph_Driver/src/misc.c ****   *         - Lowest pre-emption priority
  50:libraries/STM32F4xx_StdPeriph_Driver/src/misc.c ****   *         - Lowest subpriority
  51:libraries/STM32F4xx_StdPeriph_Driver/src/misc.c ****   *         - Lowest hardware priority (IRQ number)
  52:libraries/STM32F4xx_StdPeriph_Driver/src/misc.c ****   *
  53:libraries/STM32F4xx_StdPeriph_Driver/src/misc.c ****   *  @endverbatim
  54:libraries/STM32F4xx_StdPeriph_Driver/src/misc.c ****   *
  55:libraries/STM32F4xx_StdPeriph_Driver/src/misc.c ****   ******************************************************************************
  56:libraries/STM32F4xx_StdPeriph_Driver/src/misc.c ****   * @attention
  57:libraries/STM32F4xx_StdPeriph_Driver/src/misc.c ****   *
  58:libraries/STM32F4xx_StdPeriph_Driver/src/misc.c ****   * Copyright (c) 2016 STMicroelectronics.
  59:libraries/STM32F4xx_StdPeriph_Driver/src/misc.c ****   * All rights reserved.
  60:libraries/STM32F4xx_StdPeriph_Driver/src/misc.c ****   *
  61:libraries/STM32F4xx_StdPeriph_Driver/src/misc.c ****   * This software is licensed under terms that can be found in the LICENSE file
  62:libraries/STM32F4xx_StdPeriph_Driver/src/misc.c ****   * in the root directory of this software component.
  63:libraries/STM32F4xx_StdPeriph_Driver/src/misc.c ****   * If no LICENSE file comes with this software, it is provided AS-IS.
  64:libraries/STM32F4xx_StdPeriph_Driver/src/misc.c ****   *
  65:libraries/STM32F4xx_StdPeriph_Driver/src/misc.c ****   ******************************************************************************
  66:libraries/STM32F4xx_StdPeriph_Driver/src/misc.c ****   */
  67:libraries/STM32F4xx_StdPeriph_Driver/src/misc.c **** 
  68:libraries/STM32F4xx_StdPeriph_Driver/src/misc.c **** /* Includes ------------------------------------------------------------------*/
  69:libraries/STM32F4xx_StdPeriph_Driver/src/misc.c **** #include "misc.h"
  70:libraries/STM32F4xx_StdPeriph_Driver/src/misc.c **** 
  71:libraries/STM32F4xx_StdPeriph_Driver/src/misc.c **** /** @addtogroup STM32F4xx_StdPeriph_Driver
  72:libraries/STM32F4xx_StdPeriph_Driver/src/misc.c ****   * @{
  73:libraries/STM32F4xx_StdPeriph_Driver/src/misc.c ****   */
  74:libraries/STM32F4xx_StdPeriph_Driver/src/misc.c **** 
  75:libraries/STM32F4xx_StdPeriph_Driver/src/misc.c **** /** @defgroup MISC 
  76:libraries/STM32F4xx_StdPeriph_Driver/src/misc.c ****   * @brief MISC driver modules
  77:libraries/STM32F4xx_StdPeriph_Driver/src/misc.c ****   * @{
  78:libraries/STM32F4xx_StdPeriph_Driver/src/misc.c ****   */
  79:libraries/STM32F4xx_StdPeriph_Driver/src/misc.c **** 
  80:libraries/STM32F4xx_StdPeriph_Driver/src/misc.c **** /* Private typedef -----------------------------------------------------------*/
  81:libraries/STM32F4xx_StdPeriph_Driver/src/misc.c **** /* Private define ------------------------------------------------------------*/
  82:libraries/STM32F4xx_StdPeriph_Driver/src/misc.c **** #define AIRCR_VECTKEY_MASK    ((uint32_t)0x05FA0000)
  83:libraries/STM32F4xx_StdPeriph_Driver/src/misc.c **** 
  84:libraries/STM32F4xx_StdPeriph_Driver/src/misc.c **** /* Private macro -------------------------------------------------------------*/
  85:libraries/STM32F4xx_StdPeriph_Driver/src/misc.c **** /* Private variables ---------------------------------------------------------*/
  86:libraries/STM32F4xx_StdPeriph_Driver/src/misc.c **** /* Private function prototypes -----------------------------------------------*/
ARM GAS  C:\Users\ktkuru\AppData\Local\Temp\ccsJTvSw.s 			page 3


  87:libraries/STM32F4xx_StdPeriph_Driver/src/misc.c **** /* Private functions ---------------------------------------------------------*/
  88:libraries/STM32F4xx_StdPeriph_Driver/src/misc.c **** 
  89:libraries/STM32F4xx_StdPeriph_Driver/src/misc.c **** /** @defgroup MISC_Private_Functions
  90:libraries/STM32F4xx_StdPeriph_Driver/src/misc.c ****   * @{
  91:libraries/STM32F4xx_StdPeriph_Driver/src/misc.c ****   */
  92:libraries/STM32F4xx_StdPeriph_Driver/src/misc.c **** 
  93:libraries/STM32F4xx_StdPeriph_Driver/src/misc.c **** /**
  94:libraries/STM32F4xx_StdPeriph_Driver/src/misc.c ****   * @brief  Configures the priority grouping: pre-emption priority and subpriority.
  95:libraries/STM32F4xx_StdPeriph_Driver/src/misc.c ****   * @param  NVIC_PriorityGroup: specifies the priority grouping bits length. 
  96:libraries/STM32F4xx_StdPeriph_Driver/src/misc.c ****   *   This parameter can be one of the following values:
  97:libraries/STM32F4xx_StdPeriph_Driver/src/misc.c ****   *     @arg NVIC_PriorityGroup_0: 0 bits for pre-emption priority
  98:libraries/STM32F4xx_StdPeriph_Driver/src/misc.c ****   *                                4 bits for subpriority
  99:libraries/STM32F4xx_StdPeriph_Driver/src/misc.c ****   *     @arg NVIC_PriorityGroup_1: 1 bits for pre-emption priority
 100:libraries/STM32F4xx_StdPeriph_Driver/src/misc.c ****   *                                3 bits for subpriority
 101:libraries/STM32F4xx_StdPeriph_Driver/src/misc.c ****   *     @arg NVIC_PriorityGroup_2: 2 bits for pre-emption priority
 102:libraries/STM32F4xx_StdPeriph_Driver/src/misc.c ****   *                                2 bits for subpriority
 103:libraries/STM32F4xx_StdPeriph_Driver/src/misc.c ****   *     @arg NVIC_PriorityGroup_3: 3 bits for pre-emption priority
 104:libraries/STM32F4xx_StdPeriph_Driver/src/misc.c ****   *                                1 bits for subpriority
 105:libraries/STM32F4xx_StdPeriph_Driver/src/misc.c ****   *     @arg NVIC_PriorityGroup_4: 4 bits for pre-emption priority
 106:libraries/STM32F4xx_StdPeriph_Driver/src/misc.c ****   *                                0 bits for subpriority
 107:libraries/STM32F4xx_StdPeriph_Driver/src/misc.c ****   * @note   When the NVIC_PriorityGroup_0 is selected, IRQ pre-emption is no more possible. 
 108:libraries/STM32F4xx_StdPeriph_Driver/src/misc.c ****   *         The pending IRQ priority will be managed only by the subpriority. 
 109:libraries/STM32F4xx_StdPeriph_Driver/src/misc.c ****   * @retval None
 110:libraries/STM32F4xx_StdPeriph_Driver/src/misc.c ****   */
 111:libraries/STM32F4xx_StdPeriph_Driver/src/misc.c **** void NVIC_PriorityGroupConfig(uint32_t NVIC_PriorityGroup)
 112:libraries/STM32F4xx_StdPeriph_Driver/src/misc.c **** {
  30              		.loc 1 112 1 view -0
  31              		.cfi_startproc
  32              		@ args = 0, pretend = 0, frame = 0
  33              		@ frame_needed = 0, uses_anonymous_args = 0
  34              		@ link register save eliminated.
 113:libraries/STM32F4xx_StdPeriph_Driver/src/misc.c ****   /* Check the parameters */
 114:libraries/STM32F4xx_StdPeriph_Driver/src/misc.c ****   assert_param(IS_NVIC_PRIORITY_GROUP(NVIC_PriorityGroup));
  35              		.loc 1 114 3 view .LVU1
 115:libraries/STM32F4xx_StdPeriph_Driver/src/misc.c ****   
 116:libraries/STM32F4xx_StdPeriph_Driver/src/misc.c ****   /* Set the PRIGROUP[10:8] bits according to NVIC_PriorityGroup value */
 117:libraries/STM32F4xx_StdPeriph_Driver/src/misc.c ****   SCB->AIRCR = AIRCR_VECTKEY_MASK | NVIC_PriorityGroup;
  36              		.loc 1 117 3 view .LVU2
  37              		.loc 1 117 35 is_stmt 0 view .LVU3
  38 0000 40F0BF60 		orr	r0, r0, #100139008
  39              	.LVL1:
  40              		.loc 1 117 35 view .LVU4
  41 0004 40F40030 		orr	r0, r0, #131072
  42              		.loc 1 117 14 view .LVU5
  43 0008 014B     		ldr	r3, .L2
  44 000a D860     		str	r0, [r3, #12]
 118:libraries/STM32F4xx_StdPeriph_Driver/src/misc.c **** }
  45              		.loc 1 118 1 view .LVU6
  46 000c 7047     		bx	lr
  47              	.L3:
  48 000e 00BF     		.align	2
  49              	.L2:
  50 0010 00ED00E0 		.word	-536810240
  51              		.cfi_endproc
  52              	.LFE123:
  54              		.section	.text.NVIC_Init,"ax",%progbits
  55              		.align	1
ARM GAS  C:\Users\ktkuru\AppData\Local\Temp\ccsJTvSw.s 			page 4


  56              		.global	NVIC_Init
  57              		.syntax unified
  58              		.thumb
  59              		.thumb_func
  61              	NVIC_Init:
  62              	.LVL2:
  63              	.LFB124:
 119:libraries/STM32F4xx_StdPeriph_Driver/src/misc.c **** 
 120:libraries/STM32F4xx_StdPeriph_Driver/src/misc.c **** /**
 121:libraries/STM32F4xx_StdPeriph_Driver/src/misc.c ****   * @brief  Initializes the NVIC peripheral according to the specified
 122:libraries/STM32F4xx_StdPeriph_Driver/src/misc.c ****   *         parameters in the NVIC_InitStruct.
 123:libraries/STM32F4xx_StdPeriph_Driver/src/misc.c ****   * @note   To configure interrupts priority correctly, the NVIC_PriorityGroupConfig()
 124:libraries/STM32F4xx_StdPeriph_Driver/src/misc.c ****   *         function should be called before. 
 125:libraries/STM32F4xx_StdPeriph_Driver/src/misc.c ****   * @param  NVIC_InitStruct: pointer to a NVIC_InitTypeDef structure that contains
 126:libraries/STM32F4xx_StdPeriph_Driver/src/misc.c ****   *         the configuration information for the specified NVIC peripheral.
 127:libraries/STM32F4xx_StdPeriph_Driver/src/misc.c ****   * @retval None
 128:libraries/STM32F4xx_StdPeriph_Driver/src/misc.c ****   */
 129:libraries/STM32F4xx_StdPeriph_Driver/src/misc.c **** void NVIC_Init(NVIC_InitTypeDef* NVIC_InitStruct)
 130:libraries/STM32F4xx_StdPeriph_Driver/src/misc.c **** {
  64              		.loc 1 130 1 is_stmt 1 view -0
  65              		.cfi_startproc
  66              		@ args = 0, pretend = 0, frame = 0
  67              		@ frame_needed = 0, uses_anonymous_args = 0
  68              		@ link register save eliminated.
 131:libraries/STM32F4xx_StdPeriph_Driver/src/misc.c ****   uint8_t tmppriority = 0x00, tmppre = 0x00, tmpsub = 0x0F;
  69              		.loc 1 131 3 view .LVU8
 132:libraries/STM32F4xx_StdPeriph_Driver/src/misc.c ****   
 133:libraries/STM32F4xx_StdPeriph_Driver/src/misc.c ****   /* Check the parameters */
 134:libraries/STM32F4xx_StdPeriph_Driver/src/misc.c ****   assert_param(IS_FUNCTIONAL_STATE(NVIC_InitStruct->NVIC_IRQChannelCmd));
  70              		.loc 1 134 3 view .LVU9
 135:libraries/STM32F4xx_StdPeriph_Driver/src/misc.c ****   assert_param(IS_NVIC_PREEMPTION_PRIORITY(NVIC_InitStruct->NVIC_IRQChannelPreemptionPriority));  
  71              		.loc 1 135 3 view .LVU10
 136:libraries/STM32F4xx_StdPeriph_Driver/src/misc.c ****   assert_param(IS_NVIC_SUB_PRIORITY(NVIC_InitStruct->NVIC_IRQChannelSubPriority));
  72              		.loc 1 136 3 view .LVU11
 137:libraries/STM32F4xx_StdPeriph_Driver/src/misc.c ****     
 138:libraries/STM32F4xx_StdPeriph_Driver/src/misc.c ****   if (NVIC_InitStruct->NVIC_IRQChannelCmd != DISABLE)
  73              		.loc 1 138 3 view .LVU12
  74              		.loc 1 138 22 is_stmt 0 view .LVU13
  75 0000 C378     		ldrb	r3, [r0, #3]	@ zero_extendqisi2
  76              		.loc 1 138 6 view .LVU14
  77 0002 FBB1     		cbz	r3, .L5
 139:libraries/STM32F4xx_StdPeriph_Driver/src/misc.c ****   {
 140:libraries/STM32F4xx_StdPeriph_Driver/src/misc.c ****     /* Compute the Corresponding IRQ Priority --------------------------------*/    
 141:libraries/STM32F4xx_StdPeriph_Driver/src/misc.c ****     tmppriority = (0x700 - ((SCB->AIRCR) & (uint32_t)0x700))>> 0x08;
  78              		.loc 1 141 5 is_stmt 1 view .LVU15
  79              		.loc 1 141 33 is_stmt 0 view .LVU16
  80 0004 154B     		ldr	r3, .L7
  81 0006 DA68     		ldr	r2, [r3, #12]
  82              		.loc 1 141 26 view .LVU17
  83 0008 D243     		mvns	r2, r2
  84              		.loc 1 141 17 view .LVU18
  85 000a C2F30222 		ubfx	r2, r2, #8, #3
  86              	.LVL3:
 142:libraries/STM32F4xx_StdPeriph_Driver/src/misc.c ****     tmppre = (0x4 - tmppriority);
  87              		.loc 1 142 5 is_stmt 1 view .LVU19
  88              		.loc 1 142 12 is_stmt 0 view .LVU20
  89 000e C2F10401 		rsb	r1, r2, #4
ARM GAS  C:\Users\ktkuru\AppData\Local\Temp\ccsJTvSw.s 			page 5


  90 0012 C9B2     		uxtb	r1, r1
  91              	.LVL4:
 143:libraries/STM32F4xx_StdPeriph_Driver/src/misc.c ****     tmpsub = tmpsub >> tmppriority;
  92              		.loc 1 143 5 is_stmt 1 view .LVU21
  93              		.loc 1 143 21 is_stmt 0 view .LVU22
  94 0014 0F23     		movs	r3, #15
  95 0016 1341     		asrs	r3, r3, r2
  96              	.LVL5:
 144:libraries/STM32F4xx_StdPeriph_Driver/src/misc.c **** 
 145:libraries/STM32F4xx_StdPeriph_Driver/src/misc.c ****     tmppriority = NVIC_InitStruct->NVIC_IRQChannelPreemptionPriority << tmppre;
  97              		.loc 1 145 5 is_stmt 1 view .LVU23
  98              		.loc 1 145 34 is_stmt 0 view .LVU24
  99 0018 4278     		ldrb	r2, [r0, #1]	@ zero_extendqisi2
 100              	.LVL6:
 101              		.loc 1 145 70 view .LVU25
 102 001a 8A40     		lsls	r2, r2, r1
 103              		.loc 1 145 17 view .LVU26
 104 001c D2B2     		uxtb	r2, r2
 105              	.LVL7:
 146:libraries/STM32F4xx_StdPeriph_Driver/src/misc.c ****     tmppriority |=  (uint8_t)(NVIC_InitStruct->NVIC_IRQChannelSubPriority & tmpsub);
 106              		.loc 1 146 5 is_stmt 1 view .LVU27
 107              		.loc 1 146 46 is_stmt 0 view .LVU28
 108 001e 8178     		ldrb	r1, [r0, #2]	@ zero_extendqisi2
 109              	.LVL8:
 110              		.loc 1 146 21 view .LVU29
 111 0020 0B40     		ands	r3, r3, r1
 112              	.LVL9:
 113              		.loc 1 146 17 view .LVU30
 114 0022 1343     		orrs	r3, r3, r2
 115              	.LVL10:
 147:libraries/STM32F4xx_StdPeriph_Driver/src/misc.c ****         
 148:libraries/STM32F4xx_StdPeriph_Driver/src/misc.c ****     tmppriority = tmppriority << 0x04;
 116              		.loc 1 148 5 is_stmt 1 view .LVU31
 117              		.loc 1 148 17 is_stmt 0 view .LVU32
 118 0024 1B01     		lsls	r3, r3, #4
 119              	.LVL11:
 120              		.loc 1 148 17 view .LVU33
 121 0026 DBB2     		uxtb	r3, r3
 122              	.LVL12:
 149:libraries/STM32F4xx_StdPeriph_Driver/src/misc.c ****         
 150:libraries/STM32F4xx_StdPeriph_Driver/src/misc.c ****     NVIC->IP[NVIC_InitStruct->NVIC_IRQChannel] = tmppriority;
 123              		.loc 1 150 5 is_stmt 1 view .LVU34
 124              		.loc 1 150 29 is_stmt 0 view .LVU35
 125 0028 0278     		ldrb	r2, [r0]	@ zero_extendqisi2
 126              		.loc 1 150 48 view .LVU36
 127 002a 0D49     		ldr	r1, .L7+4
 128 002c 0A44     		add	r2, r2, r1
 129 002e 82F80033 		strb	r3, [r2, #768]
 151:libraries/STM32F4xx_StdPeriph_Driver/src/misc.c ****     
 152:libraries/STM32F4xx_StdPeriph_Driver/src/misc.c ****     /* Enable the Selected IRQ Channels --------------------------------------*/
 153:libraries/STM32F4xx_StdPeriph_Driver/src/misc.c ****     NVIC->ISER[NVIC_InitStruct->NVIC_IRQChannel >> 0x05] =
 130              		.loc 1 153 5 is_stmt 1 view .LVU37
 154:libraries/STM32F4xx_StdPeriph_Driver/src/misc.c ****       (uint32_t)0x01 << (NVIC_InitStruct->NVIC_IRQChannel & (uint8_t)0x1F);
 131              		.loc 1 154 41 is_stmt 0 view .LVU38
 132 0032 0378     		ldrb	r3, [r0]	@ zero_extendqisi2
 133              	.LVL13:
 134              		.loc 1 154 59 view .LVU39
ARM GAS  C:\Users\ktkuru\AppData\Local\Temp\ccsJTvSw.s 			page 6


 135 0034 03F01F00 		and	r0, r3, #31
 136              	.LVL14:
 153:libraries/STM32F4xx_StdPeriph_Driver/src/misc.c ****       (uint32_t)0x01 << (NVIC_InitStruct->NVIC_IRQChannel & (uint8_t)0x1F);
 137              		.loc 1 153 49 view .LVU40
 138 0038 5B09     		lsrs	r3, r3, #5
 139              		.loc 1 154 22 view .LVU41
 140 003a 0122     		movs	r2, #1
 141              	.LVL15:
 142              		.loc 1 154 22 view .LVU42
 143 003c 8240     		lsls	r2, r2, r0
 153:libraries/STM32F4xx_StdPeriph_Driver/src/misc.c ****       (uint32_t)0x01 << (NVIC_InitStruct->NVIC_IRQChannel & (uint8_t)0x1F);
 144              		.loc 1 153 58 view .LVU43
 145 003e 41F82320 		str	r2, [r1, r3, lsl #2]
 153:libraries/STM32F4xx_StdPeriph_Driver/src/misc.c ****       (uint32_t)0x01 << (NVIC_InitStruct->NVIC_IRQChannel & (uint8_t)0x1F);
 146              		.loc 1 153 58 view .LVU44
 147 0042 7047     		bx	lr
 148              	.LVL16:
 149              	.L5:
 155:libraries/STM32F4xx_StdPeriph_Driver/src/misc.c ****   }
 156:libraries/STM32F4xx_StdPeriph_Driver/src/misc.c ****   else
 157:libraries/STM32F4xx_StdPeriph_Driver/src/misc.c ****   {
 158:libraries/STM32F4xx_StdPeriph_Driver/src/misc.c ****     /* Disable the Selected IRQ Channels -------------------------------------*/
 159:libraries/STM32F4xx_StdPeriph_Driver/src/misc.c ****     NVIC->ICER[NVIC_InitStruct->NVIC_IRQChannel >> 0x05] =
 150              		.loc 1 159 5 is_stmt 1 view .LVU45
 160:libraries/STM32F4xx_StdPeriph_Driver/src/misc.c ****       (uint32_t)0x01 << (NVIC_InitStruct->NVIC_IRQChannel & (uint8_t)0x1F);
 151              		.loc 1 160 41 is_stmt 0 view .LVU46
 152 0044 0378     		ldrb	r3, [r0]	@ zero_extendqisi2
 153              		.loc 1 160 59 view .LVU47
 154 0046 03F01F01 		and	r1, r3, #31
 159:libraries/STM32F4xx_StdPeriph_Driver/src/misc.c ****       (uint32_t)0x01 << (NVIC_InitStruct->NVIC_IRQChannel & (uint8_t)0x1F);
 155              		.loc 1 159 49 view .LVU48
 156 004a 5B09     		lsrs	r3, r3, #5
 157              		.loc 1 160 22 view .LVU49
 158 004c 0122     		movs	r2, #1
 159 004e 8A40     		lsls	r2, r2, r1
 159:libraries/STM32F4xx_StdPeriph_Driver/src/misc.c ****       (uint32_t)0x01 << (NVIC_InitStruct->NVIC_IRQChannel & (uint8_t)0x1F);
 160              		.loc 1 159 58 view .LVU50
 161 0050 2033     		adds	r3, r3, #32
 162 0052 0349     		ldr	r1, .L7+4
 163 0054 41F82320 		str	r2, [r1, r3, lsl #2]
 161:libraries/STM32F4xx_StdPeriph_Driver/src/misc.c ****   }
 162:libraries/STM32F4xx_StdPeriph_Driver/src/misc.c **** }
 164              		.loc 1 162 1 view .LVU51
 165 0058 7047     		bx	lr
 166              	.L8:
 167 005a 00BF     		.align	2
 168              	.L7:
 169 005c 00ED00E0 		.word	-536810240
 170 0060 00E100E0 		.word	-536813312
 171              		.cfi_endproc
 172              	.LFE124:
 174              		.section	.text.NVIC_SetVectorTable,"ax",%progbits
 175              		.align	1
 176              		.global	NVIC_SetVectorTable
 177              		.syntax unified
 178              		.thumb
 179              		.thumb_func
ARM GAS  C:\Users\ktkuru\AppData\Local\Temp\ccsJTvSw.s 			page 7


 181              	NVIC_SetVectorTable:
 182              	.LVL17:
 183              	.LFB125:
 163:libraries/STM32F4xx_StdPeriph_Driver/src/misc.c **** 
 164:libraries/STM32F4xx_StdPeriph_Driver/src/misc.c **** /**
 165:libraries/STM32F4xx_StdPeriph_Driver/src/misc.c ****   * @brief  Sets the vector table location and Offset.
 166:libraries/STM32F4xx_StdPeriph_Driver/src/misc.c ****   * @param  NVIC_VectTab: specifies if the vector table is in RAM or FLASH memory.
 167:libraries/STM32F4xx_StdPeriph_Driver/src/misc.c ****   *   This parameter can be one of the following values:
 168:libraries/STM32F4xx_StdPeriph_Driver/src/misc.c ****   *     @arg NVIC_VectTab_RAM: Vector Table in internal SRAM.
 169:libraries/STM32F4xx_StdPeriph_Driver/src/misc.c ****   *     @arg NVIC_VectTab_FLASH: Vector Table in internal FLASH.
 170:libraries/STM32F4xx_StdPeriph_Driver/src/misc.c ****   * @param  Offset: Vector Table base offset field. This value must be a multiple of 0x200.
 171:libraries/STM32F4xx_StdPeriph_Driver/src/misc.c ****   * @retval None
 172:libraries/STM32F4xx_StdPeriph_Driver/src/misc.c ****   */
 173:libraries/STM32F4xx_StdPeriph_Driver/src/misc.c **** void NVIC_SetVectorTable(uint32_t NVIC_VectTab, uint32_t Offset)
 174:libraries/STM32F4xx_StdPeriph_Driver/src/misc.c **** { 
 184              		.loc 1 174 1 is_stmt 1 view -0
 185              		.cfi_startproc
 186              		@ args = 0, pretend = 0, frame = 0
 187              		@ frame_needed = 0, uses_anonymous_args = 0
 188              		@ link register save eliminated.
 175:libraries/STM32F4xx_StdPeriph_Driver/src/misc.c ****   /* Check the parameters */
 176:libraries/STM32F4xx_StdPeriph_Driver/src/misc.c ****   assert_param(IS_NVIC_VECTTAB(NVIC_VectTab));
 189              		.loc 1 176 3 view .LVU53
 177:libraries/STM32F4xx_StdPeriph_Driver/src/misc.c ****   assert_param(IS_NVIC_OFFSET(Offset));  
 190              		.loc 1 177 3 view .LVU54
 178:libraries/STM32F4xx_StdPeriph_Driver/src/misc.c ****    
 179:libraries/STM32F4xx_StdPeriph_Driver/src/misc.c ****   SCB->VTOR = NVIC_VectTab | (Offset & (uint32_t)0x1FFFFF80);
 191              		.loc 1 179 3 view .LVU55
 192              		.loc 1 179 38 is_stmt 0 view .LVU56
 193 0000 21F06041 		bic	r1, r1, #-536870912
 194              	.LVL18:
 195              		.loc 1 179 38 view .LVU57
 196 0004 21F07F01 		bic	r1, r1, #127
 197              		.loc 1 179 28 view .LVU58
 198 0008 0143     		orrs	r1, r1, r0
 199              		.loc 1 179 13 view .LVU59
 200 000a 014B     		ldr	r3, .L10
 201 000c 9960     		str	r1, [r3, #8]
 180:libraries/STM32F4xx_StdPeriph_Driver/src/misc.c **** }
 202              		.loc 1 180 1 view .LVU60
 203 000e 7047     		bx	lr
 204              	.L11:
 205              		.align	2
 206              	.L10:
 207 0010 00ED00E0 		.word	-536810240
 208              		.cfi_endproc
 209              	.LFE125:
 211              		.section	.text.NVIC_SystemLPConfig,"ax",%progbits
 212              		.align	1
 213              		.global	NVIC_SystemLPConfig
 214              		.syntax unified
 215              		.thumb
 216              		.thumb_func
 218              	NVIC_SystemLPConfig:
 219              	.LVL19:
 220              	.LFB126:
 181:libraries/STM32F4xx_StdPeriph_Driver/src/misc.c **** 
ARM GAS  C:\Users\ktkuru\AppData\Local\Temp\ccsJTvSw.s 			page 8


 182:libraries/STM32F4xx_StdPeriph_Driver/src/misc.c **** /**
 183:libraries/STM32F4xx_StdPeriph_Driver/src/misc.c ****   * @brief  Selects the condition for the system to enter low power mode.
 184:libraries/STM32F4xx_StdPeriph_Driver/src/misc.c ****   * @param  LowPowerMode: Specifies the new mode for the system to enter low power mode.
 185:libraries/STM32F4xx_StdPeriph_Driver/src/misc.c ****   *   This parameter can be one of the following values:
 186:libraries/STM32F4xx_StdPeriph_Driver/src/misc.c ****   *     @arg NVIC_LP_SEVONPEND: Low Power SEV on Pend.
 187:libraries/STM32F4xx_StdPeriph_Driver/src/misc.c ****   *     @arg NVIC_LP_SLEEPDEEP: Low Power DEEPSLEEP request.
 188:libraries/STM32F4xx_StdPeriph_Driver/src/misc.c ****   *     @arg NVIC_LP_SLEEPONEXIT: Low Power Sleep on Exit.
 189:libraries/STM32F4xx_StdPeriph_Driver/src/misc.c ****   * @param  NewState: new state of LP condition. This parameter can be: ENABLE or DISABLE.
 190:libraries/STM32F4xx_StdPeriph_Driver/src/misc.c ****   * @retval None
 191:libraries/STM32F4xx_StdPeriph_Driver/src/misc.c ****   */
 192:libraries/STM32F4xx_StdPeriph_Driver/src/misc.c **** void NVIC_SystemLPConfig(uint8_t LowPowerMode, FunctionalState NewState)
 193:libraries/STM32F4xx_StdPeriph_Driver/src/misc.c **** {
 221              		.loc 1 193 1 is_stmt 1 view -0
 222              		.cfi_startproc
 223              		@ args = 0, pretend = 0, frame = 0
 224              		@ frame_needed = 0, uses_anonymous_args = 0
 225              		@ link register save eliminated.
 194:libraries/STM32F4xx_StdPeriph_Driver/src/misc.c ****   /* Check the parameters */
 195:libraries/STM32F4xx_StdPeriph_Driver/src/misc.c ****   assert_param(IS_NVIC_LP(LowPowerMode));
 226              		.loc 1 195 3 view .LVU62
 196:libraries/STM32F4xx_StdPeriph_Driver/src/misc.c ****   assert_param(IS_FUNCTIONAL_STATE(NewState));  
 227              		.loc 1 196 3 view .LVU63
 197:libraries/STM32F4xx_StdPeriph_Driver/src/misc.c ****   
 198:libraries/STM32F4xx_StdPeriph_Driver/src/misc.c ****   if (NewState != DISABLE)
 228              		.loc 1 198 3 view .LVU64
 229              		.loc 1 198 6 is_stmt 0 view .LVU65
 230 0000 21B1     		cbz	r1, .L13
 199:libraries/STM32F4xx_StdPeriph_Driver/src/misc.c ****   {
 200:libraries/STM32F4xx_StdPeriph_Driver/src/misc.c ****     SCB->SCR |= LowPowerMode;
 231              		.loc 1 200 5 is_stmt 1 view .LVU66
 232              		.loc 1 200 8 is_stmt 0 view .LVU67
 233 0002 054B     		ldr	r3, .L15
 234 0004 1A69     		ldr	r2, [r3, #16]
 235              		.loc 1 200 14 view .LVU68
 236 0006 1043     		orrs	r0, r0, r2
 237              	.LVL20:
 238              		.loc 1 200 14 view .LVU69
 239 0008 1861     		str	r0, [r3, #16]
 240 000a 7047     		bx	lr
 241              	.LVL21:
 242              	.L13:
 201:libraries/STM32F4xx_StdPeriph_Driver/src/misc.c ****   }
 202:libraries/STM32F4xx_StdPeriph_Driver/src/misc.c ****   else
 203:libraries/STM32F4xx_StdPeriph_Driver/src/misc.c ****   {
 204:libraries/STM32F4xx_StdPeriph_Driver/src/misc.c ****     SCB->SCR &= (uint32_t)(~(uint32_t)LowPowerMode);
 243              		.loc 1 204 5 is_stmt 1 view .LVU70
 244              		.loc 1 204 8 is_stmt 0 view .LVU71
 245 000c 024A     		ldr	r2, .L15
 246 000e 1369     		ldr	r3, [r2, #16]
 247              		.loc 1 204 14 view .LVU72
 248 0010 23EA0003 		bic	r3, r3, r0
 249 0014 1361     		str	r3, [r2, #16]
 205:libraries/STM32F4xx_StdPeriph_Driver/src/misc.c ****   }
 206:libraries/STM32F4xx_StdPeriph_Driver/src/misc.c **** }
 250              		.loc 1 206 1 view .LVU73
 251 0016 7047     		bx	lr
 252              	.L16:
ARM GAS  C:\Users\ktkuru\AppData\Local\Temp\ccsJTvSw.s 			page 9


 253              		.align	2
 254              	.L15:
 255 0018 00ED00E0 		.word	-536810240
 256              		.cfi_endproc
 257              	.LFE126:
 259              		.section	.text.SysTick_CLKSourceConfig,"ax",%progbits
 260              		.align	1
 261              		.global	SysTick_CLKSourceConfig
 262              		.syntax unified
 263              		.thumb
 264              		.thumb_func
 266              	SysTick_CLKSourceConfig:
 267              	.LVL22:
 268              	.LFB127:
 207:libraries/STM32F4xx_StdPeriph_Driver/src/misc.c **** 
 208:libraries/STM32F4xx_StdPeriph_Driver/src/misc.c **** /**
 209:libraries/STM32F4xx_StdPeriph_Driver/src/misc.c ****   * @brief  Configures the SysTick clock source.
 210:libraries/STM32F4xx_StdPeriph_Driver/src/misc.c ****   * @param  SysTick_CLKSource: specifies the SysTick clock source.
 211:libraries/STM32F4xx_StdPeriph_Driver/src/misc.c ****   *   This parameter can be one of the following values:
 212:libraries/STM32F4xx_StdPeriph_Driver/src/misc.c ****   *     @arg SysTick_CLKSource_HCLK_Div8: AHB clock divided by 8 selected as SysTick clock source.
 213:libraries/STM32F4xx_StdPeriph_Driver/src/misc.c ****   *     @arg SysTick_CLKSource_HCLK: AHB clock selected as SysTick clock source.
 214:libraries/STM32F4xx_StdPeriph_Driver/src/misc.c ****   * @retval None
 215:libraries/STM32F4xx_StdPeriph_Driver/src/misc.c ****   */
 216:libraries/STM32F4xx_StdPeriph_Driver/src/misc.c **** void SysTick_CLKSourceConfig(uint32_t SysTick_CLKSource)
 217:libraries/STM32F4xx_StdPeriph_Driver/src/misc.c **** {
 269              		.loc 1 217 1 is_stmt 1 view -0
 270              		.cfi_startproc
 271              		@ args = 0, pretend = 0, frame = 0
 272              		@ frame_needed = 0, uses_anonymous_args = 0
 273              		@ link register save eliminated.
 218:libraries/STM32F4xx_StdPeriph_Driver/src/misc.c ****   /* Check the parameters */
 219:libraries/STM32F4xx_StdPeriph_Driver/src/misc.c ****   assert_param(IS_SYSTICK_CLK_SOURCE(SysTick_CLKSource));
 274              		.loc 1 219 3 view .LVU75
 220:libraries/STM32F4xx_StdPeriph_Driver/src/misc.c ****   if (SysTick_CLKSource == SysTick_CLKSource_HCLK)
 275              		.loc 1 220 3 view .LVU76
 276              		.loc 1 220 6 is_stmt 0 view .LVU77
 277 0000 0428     		cmp	r0, #4
 278 0002 06D0     		beq	.L20
 221:libraries/STM32F4xx_StdPeriph_Driver/src/misc.c ****   {
 222:libraries/STM32F4xx_StdPeriph_Driver/src/misc.c ****     SysTick->CTRL |= SysTick_CLKSource_HCLK;
 223:libraries/STM32F4xx_StdPeriph_Driver/src/misc.c ****   }
 224:libraries/STM32F4xx_StdPeriph_Driver/src/misc.c ****   else
 225:libraries/STM32F4xx_StdPeriph_Driver/src/misc.c ****   {
 226:libraries/STM32F4xx_StdPeriph_Driver/src/misc.c ****     SysTick->CTRL &= SysTick_CLKSource_HCLK_Div8;
 279              		.loc 1 226 5 is_stmt 1 view .LVU78
 280              		.loc 1 226 12 is_stmt 0 view .LVU79
 281 0004 4FF0E022 		mov	r2, #-536813568
 282 0008 1369     		ldr	r3, [r2, #16]
 283              		.loc 1 226 19 view .LVU80
 284 000a 23F00403 		bic	r3, r3, #4
 285 000e 1361     		str	r3, [r2, #16]
 227:libraries/STM32F4xx_StdPeriph_Driver/src/misc.c ****   }
 228:libraries/STM32F4xx_StdPeriph_Driver/src/misc.c **** }
 286              		.loc 1 228 1 view .LVU81
 287 0010 7047     		bx	lr
 288              	.L20:
 222:libraries/STM32F4xx_StdPeriph_Driver/src/misc.c ****   }
ARM GAS  C:\Users\ktkuru\AppData\Local\Temp\ccsJTvSw.s 			page 10


 289              		.loc 1 222 5 is_stmt 1 view .LVU82
 222:libraries/STM32F4xx_StdPeriph_Driver/src/misc.c ****   }
 290              		.loc 1 222 12 is_stmt 0 view .LVU83
 291 0012 4FF0E022 		mov	r2, #-536813568
 292 0016 1369     		ldr	r3, [r2, #16]
 222:libraries/STM32F4xx_StdPeriph_Driver/src/misc.c ****   }
 293              		.loc 1 222 19 view .LVU84
 294 0018 43F00403 		orr	r3, r3, #4
 295 001c 1361     		str	r3, [r2, #16]
 296 001e 7047     		bx	lr
 297              		.cfi_endproc
 298              	.LFE127:
 300              		.text
 301              	.Letext0:
 302              		.file 2 "C:/Program Files (x86)/Arm GNU Toolchain arm-none-eabi/13.3 rel1/arm-none-eabi/include/ma
 303              		.file 3 "C:/Program Files (x86)/Arm GNU Toolchain arm-none-eabi/13.3 rel1/arm-none-eabi/include/sy
 304              		.file 4 "libraries/CMSIS/include/core_cm4.h"
 305              		.file 5 "libraries/CMSIS/Device/ST/STM32F4xx/include/stm32f4xx.h"
 306              		.file 6 "libraries/STM32F4xx_StdPeriph_Driver/inc/misc.h"
ARM GAS  C:\Users\ktkuru\AppData\Local\Temp\ccsJTvSw.s 			page 11


DEFINED SYMBOLS
                            *ABS*:00000000 misc.c
C:\Users\ktkuru\AppData\Local\Temp\ccsJTvSw.s:21     .text.NVIC_PriorityGroupConfig:00000000 $t
C:\Users\ktkuru\AppData\Local\Temp\ccsJTvSw.s:27     .text.NVIC_PriorityGroupConfig:00000000 NVIC_PriorityGroupConfig
C:\Users\ktkuru\AppData\Local\Temp\ccsJTvSw.s:50     .text.NVIC_PriorityGroupConfig:00000010 $d
C:\Users\ktkuru\AppData\Local\Temp\ccsJTvSw.s:55     .text.NVIC_Init:00000000 $t
C:\Users\ktkuru\AppData\Local\Temp\ccsJTvSw.s:61     .text.NVIC_Init:00000000 NVIC_Init
C:\Users\ktkuru\AppData\Local\Temp\ccsJTvSw.s:169    .text.NVIC_Init:0000005c $d
C:\Users\ktkuru\AppData\Local\Temp\ccsJTvSw.s:175    .text.NVIC_SetVectorTable:00000000 $t
C:\Users\ktkuru\AppData\Local\Temp\ccsJTvSw.s:181    .text.NVIC_SetVectorTable:00000000 NVIC_SetVectorTable
C:\Users\ktkuru\AppData\Local\Temp\ccsJTvSw.s:207    .text.NVIC_SetVectorTable:00000010 $d
C:\Users\ktkuru\AppData\Local\Temp\ccsJTvSw.s:212    .text.NVIC_SystemLPConfig:00000000 $t
C:\Users\ktkuru\AppData\Local\Temp\ccsJTvSw.s:218    .text.NVIC_SystemLPConfig:00000000 NVIC_SystemLPConfig
C:\Users\ktkuru\AppData\Local\Temp\ccsJTvSw.s:255    .text.NVIC_SystemLPConfig:00000018 $d
C:\Users\ktkuru\AppData\Local\Temp\ccsJTvSw.s:260    .text.SysTick_CLKSourceConfig:00000000 $t
C:\Users\ktkuru\AppData\Local\Temp\ccsJTvSw.s:266    .text.SysTick_CLKSourceConfig:00000000 SysTick_CLKSourceConfig

NO UNDEFINED SYMBOLS
