ARM GAS  C:\Users\ktkuru\AppData\Local\Temp\ccJNi2xV.s 			page 1


   1              		.cpu cortex-m4
   2              		.arch armv7e-m
   3              		.fpu fpv4-sp-d16
   4              		.eabi_attribute 27, 1
   5              		.eabi_attribute 28, 1
   6              		.eabi_attribute 20, 1
   7              		.eabi_attribute 21, 1
   8              		.eabi_attribute 23, 3
   9              		.eabi_attribute 24, 1
  10              		.eabi_attribute 25, 1
  11              		.eabi_attribute 26, 1
  12              		.eabi_attribute 30, 1
  13              		.eabi_attribute 34, 1
  14              		.eabi_attribute 18, 4
  15              		.file	"shell_cmd.cpp"
  16              		.text
  17              	.Ltext0:
  18              		.cfi_sections	.debug_frame
  19              		.file 1 "Lib/src/shell_cmd.cpp"
  20              		.section	.text._Z5stratv,"ax",%progbits
  21              		.align	1
  22              		.global	_Z5stratv
  23              		.syntax unified
  24              		.thumb
  25              		.thumb_func
  27              	_Z5stratv:
  28              		.fnstart
  29              	.LFB0:
   1:Lib/src/shell_cmd.cpp **** void strat()
   2:Lib/src/shell_cmd.cpp **** {
  30              		.loc 1 2 1 view -0
  31              		.cfi_startproc
  32              		@ args = 0, pretend = 0, frame = 0
  33              		@ frame_needed = 0, uses_anonymous_args = 0
  34              		@ link register save eliminated.
   3:Lib/src/shell_cmd.cpp ****     
   4:Lib/src/shell_cmd.cpp **** }...
  35              		.loc 1 4 1 is_stmt 0 view .LVU1
  36 0000 7047     		bx	lr
  37              		.cfi_endproc
  38              	.LFE0:
  39              		.cantunwind
  40              		.fnend
  42              		.text
  43              	.Letext0:
ARM GAS  C:\Users\ktkuru\AppData\Local\Temp\ccJNi2xV.s 			page 2


DEFINED SYMBOLS
                            *ABS*:00000000 shell_cmd.cpp
C:\Users\ktkuru\AppData\Local\Temp\ccJNi2xV.s:21     .text._Z5stratv:00000000 $t
C:\Users\ktkuru\AppData\Local\Temp\ccJNi2xV.s:27     .text._Z5stratv:00000000 _Z5stratv
        .ARM.exidx.text._Z5stratv:00000000 $d

NO UNDEFINED SYMBOLS
