ARM GAS  C:\Users\ktkuru\AppData\Local\Temp\ccDRV4Me.s 			page 1


   1              		.cpu cortex-m4
   2              		.arch armv7e-m
   3              		.fpu fpv4-sp-d16
   4              		.eabi_attribute 27, 1
   5              		.eabi_attribute 28, 1
   6              		.eabi_attribute 20, 1
   7              		.eabi_attribute 21, 1
   8              		.eabi_attribute 23, 3
   9              		.eabi_attribute 24, 1
  10              		.eabi_attribute 25, 1
  11              		.eabi_attribute 26, 1
  12              		.eabi_attribute 30, 1
  13              		.eabi_attribute 34, 1
  14              		.eabi_attribute 18, 4
  15              		.file	"stm32f4xx_rng.c"
  16              		.text
  17              	.Ltext0:
  18              		.cfi_sections	.debug_frame
  19              		.file 1 "libraries/STM32F4xx_StdPeriph_Driver/src/stm32f4xx_rng.c"
  20              		.section	.text.RNG_DeInit,"ax",%progbits
  21              		.align	1
  22              		.global	RNG_DeInit
  23              		.syntax unified
  24              		.thumb
  25              		.thumb_func
  27              	RNG_DeInit:
  28              	.LFB123:
   1:libraries/STM32F4xx_StdPeriph_Driver/src/stm32f4xx_rng.c **** /**
   2:libraries/STM32F4xx_StdPeriph_Driver/src/stm32f4xx_rng.c ****   ******************************************************************************
   3:libraries/STM32F4xx_StdPeriph_Driver/src/stm32f4xx_rng.c ****   * @file    stm32f4xx_rng.c
   4:libraries/STM32F4xx_StdPeriph_Driver/src/stm32f4xx_rng.c ****   * @author  MCD Application Team
   5:libraries/STM32F4xx_StdPeriph_Driver/src/stm32f4xx_rng.c ****   * @version V1.8.1
   6:libraries/STM32F4xx_StdPeriph_Driver/src/stm32f4xx_rng.c ****   * @date    27-January-2022
   7:libraries/STM32F4xx_StdPeriph_Driver/src/stm32f4xx_rng.c ****   * @brief This file provides firmware functions to manage the following 
   8:libraries/STM32F4xx_StdPeriph_Driver/src/stm32f4xx_rng.c ****   *          functionalities of the Random Number Generator (RNG) peripheral:           
   9:libraries/STM32F4xx_StdPeriph_Driver/src/stm32f4xx_rng.c ****   *           + Initialization and Configuration 
  10:libraries/STM32F4xx_StdPeriph_Driver/src/stm32f4xx_rng.c ****   *           + Get 32 bit Random number      
  11:libraries/STM32F4xx_StdPeriph_Driver/src/stm32f4xx_rng.c ****   *           + Interrupts and flags management       
  12:libraries/STM32F4xx_StdPeriph_Driver/src/stm32f4xx_rng.c ****   *         
  13:libraries/STM32F4xx_StdPeriph_Driver/src/stm32f4xx_rng.c **** @verbatim
  14:libraries/STM32F4xx_StdPeriph_Driver/src/stm32f4xx_rng.c ****                                  
  15:libraries/STM32F4xx_StdPeriph_Driver/src/stm32f4xx_rng.c ****  ===================================================================      
  16:libraries/STM32F4xx_StdPeriph_Driver/src/stm32f4xx_rng.c ****                  ##### How to use this driver #####
  17:libraries/STM32F4xx_StdPeriph_Driver/src/stm32f4xx_rng.c ****  ===================================================================          
  18:libraries/STM32F4xx_StdPeriph_Driver/src/stm32f4xx_rng.c ****  [..]
  19:libraries/STM32F4xx_StdPeriph_Driver/src/stm32f4xx_rng.c ****    (#) Enable The RNG controller clock using 
  20:libraries/STM32F4xx_StdPeriph_Driver/src/stm32f4xx_rng.c ****        RCC_AHB2PeriphClockCmd(RCC_AHB2Periph_RNG, ENABLE) function.
  21:libraries/STM32F4xx_StdPeriph_Driver/src/stm32f4xx_rng.c ****                 
  22:libraries/STM32F4xx_StdPeriph_Driver/src/stm32f4xx_rng.c ****    (#) Activate the RNG peripheral using RNG_Cmd() function.
  23:libraries/STM32F4xx_StdPeriph_Driver/src/stm32f4xx_rng.c ****             
  24:libraries/STM32F4xx_StdPeriph_Driver/src/stm32f4xx_rng.c ****    (#) Wait until the 32 bit Random number Generator contains a valid  random data
  25:libraries/STM32F4xx_StdPeriph_Driver/src/stm32f4xx_rng.c ****       (using polling/interrupt mode). For more details, refer to "Interrupts and 
  26:libraries/STM32F4xx_StdPeriph_Driver/src/stm32f4xx_rng.c ****       flags management functions" module description.
  27:libraries/STM32F4xx_StdPeriph_Driver/src/stm32f4xx_rng.c ****              
  28:libraries/STM32F4xx_StdPeriph_Driver/src/stm32f4xx_rng.c ****    (#) Get the 32 bit Random number using RNG_GetRandomNumber() function
  29:libraries/STM32F4xx_StdPeriph_Driver/src/stm32f4xx_rng.c ****             
  30:libraries/STM32F4xx_StdPeriph_Driver/src/stm32f4xx_rng.c ****    (#) To get another 32 bit Random number, go to step 3.       
ARM GAS  C:\Users\ktkuru\AppData\Local\Temp\ccDRV4Me.s 			page 2


  31:libraries/STM32F4xx_StdPeriph_Driver/src/stm32f4xx_rng.c ****          
  32:libraries/STM32F4xx_StdPeriph_Driver/src/stm32f4xx_rng.c ****                 
  33:libraries/STM32F4xx_StdPeriph_Driver/src/stm32f4xx_rng.c **** @endverbatim
  34:libraries/STM32F4xx_StdPeriph_Driver/src/stm32f4xx_rng.c ****   *         
  35:libraries/STM32F4xx_StdPeriph_Driver/src/stm32f4xx_rng.c ****   ******************************************************************************
  36:libraries/STM32F4xx_StdPeriph_Driver/src/stm32f4xx_rng.c ****   * @attention
  37:libraries/STM32F4xx_StdPeriph_Driver/src/stm32f4xx_rng.c ****   *
  38:libraries/STM32F4xx_StdPeriph_Driver/src/stm32f4xx_rng.c ****   * Copyright (c) 2016 STMicroelectronics.
  39:libraries/STM32F4xx_StdPeriph_Driver/src/stm32f4xx_rng.c ****   * All rights reserved.
  40:libraries/STM32F4xx_StdPeriph_Driver/src/stm32f4xx_rng.c ****   *
  41:libraries/STM32F4xx_StdPeriph_Driver/src/stm32f4xx_rng.c ****   * This software is licensed under terms that can be found in the LICENSE file
  42:libraries/STM32F4xx_StdPeriph_Driver/src/stm32f4xx_rng.c ****   * in the root directory of this software component.
  43:libraries/STM32F4xx_StdPeriph_Driver/src/stm32f4xx_rng.c ****   * If no LICENSE file comes with this software, it is provided AS-IS.
  44:libraries/STM32F4xx_StdPeriph_Driver/src/stm32f4xx_rng.c ****   *
  45:libraries/STM32F4xx_StdPeriph_Driver/src/stm32f4xx_rng.c ****   ******************************************************************************
  46:libraries/STM32F4xx_StdPeriph_Driver/src/stm32f4xx_rng.c ****   */
  47:libraries/STM32F4xx_StdPeriph_Driver/src/stm32f4xx_rng.c **** 
  48:libraries/STM32F4xx_StdPeriph_Driver/src/stm32f4xx_rng.c **** /* Includes ------------------------------------------------------------------*/
  49:libraries/STM32F4xx_StdPeriph_Driver/src/stm32f4xx_rng.c **** #include "stm32f4xx_rng.h"
  50:libraries/STM32F4xx_StdPeriph_Driver/src/stm32f4xx_rng.c **** #include "stm32f4xx_rcc.h"
  51:libraries/STM32F4xx_StdPeriph_Driver/src/stm32f4xx_rng.c **** 
  52:libraries/STM32F4xx_StdPeriph_Driver/src/stm32f4xx_rng.c **** /** @addtogroup STM32F4xx_StdPeriph_Driver
  53:libraries/STM32F4xx_StdPeriph_Driver/src/stm32f4xx_rng.c ****   * @{
  54:libraries/STM32F4xx_StdPeriph_Driver/src/stm32f4xx_rng.c ****   */
  55:libraries/STM32F4xx_StdPeriph_Driver/src/stm32f4xx_rng.c **** 
  56:libraries/STM32F4xx_StdPeriph_Driver/src/stm32f4xx_rng.c **** /** @defgroup RNG 
  57:libraries/STM32F4xx_StdPeriph_Driver/src/stm32f4xx_rng.c ****   * @brief RNG driver modules
  58:libraries/STM32F4xx_StdPeriph_Driver/src/stm32f4xx_rng.c ****   * @{
  59:libraries/STM32F4xx_StdPeriph_Driver/src/stm32f4xx_rng.c ****   */ 
  60:libraries/STM32F4xx_StdPeriph_Driver/src/stm32f4xx_rng.c **** #if defined(STM32F40_41xxx) || defined(STM32F427_437xx) || defined(STM32F410xx) || defined(STM32F41
  61:libraries/STM32F4xx_StdPeriph_Driver/src/stm32f4xx_rng.c **** /* Private typedef -----------------------------------------------------------*/
  62:libraries/STM32F4xx_StdPeriph_Driver/src/stm32f4xx_rng.c **** /* Private define ------------------------------------------------------------*/
  63:libraries/STM32F4xx_StdPeriph_Driver/src/stm32f4xx_rng.c **** /* Private macro -------------------------------------------------------------*/
  64:libraries/STM32F4xx_StdPeriph_Driver/src/stm32f4xx_rng.c **** /* Private variables ---------------------------------------------------------*/
  65:libraries/STM32F4xx_StdPeriph_Driver/src/stm32f4xx_rng.c **** /* Private function prototypes -----------------------------------------------*/
  66:libraries/STM32F4xx_StdPeriph_Driver/src/stm32f4xx_rng.c **** /* Private functions ---------------------------------------------------------*/
  67:libraries/STM32F4xx_StdPeriph_Driver/src/stm32f4xx_rng.c **** 
  68:libraries/STM32F4xx_StdPeriph_Driver/src/stm32f4xx_rng.c **** /** @defgroup RNG_Private_Functions
  69:libraries/STM32F4xx_StdPeriph_Driver/src/stm32f4xx_rng.c ****   * @{
  70:libraries/STM32F4xx_StdPeriph_Driver/src/stm32f4xx_rng.c ****   */ 
  71:libraries/STM32F4xx_StdPeriph_Driver/src/stm32f4xx_rng.c **** 
  72:libraries/STM32F4xx_StdPeriph_Driver/src/stm32f4xx_rng.c **** /** @defgroup RNG_Group1 Initialization and Configuration functions
  73:libraries/STM32F4xx_StdPeriph_Driver/src/stm32f4xx_rng.c ****  *  @brief    Initialization and Configuration functions 
  74:libraries/STM32F4xx_StdPeriph_Driver/src/stm32f4xx_rng.c ****  *
  75:libraries/STM32F4xx_StdPeriph_Driver/src/stm32f4xx_rng.c **** @verbatim    
  76:libraries/STM32F4xx_StdPeriph_Driver/src/stm32f4xx_rng.c ****  ===============================================================================
  77:libraries/STM32F4xx_StdPeriph_Driver/src/stm32f4xx_rng.c ****              ##### Initialization and Configuration functions #####
  78:libraries/STM32F4xx_StdPeriph_Driver/src/stm32f4xx_rng.c ****  ===============================================================================  
  79:libraries/STM32F4xx_StdPeriph_Driver/src/stm32f4xx_rng.c ****  [..] This section provides functions allowing to 
  80:libraries/STM32F4xx_StdPeriph_Driver/src/stm32f4xx_rng.c ****    (+) Initialize the RNG peripheral
  81:libraries/STM32F4xx_StdPeriph_Driver/src/stm32f4xx_rng.c ****    (+) Enable or disable the RNG peripheral
  82:libraries/STM32F4xx_StdPeriph_Driver/src/stm32f4xx_rng.c ****    
  83:libraries/STM32F4xx_StdPeriph_Driver/src/stm32f4xx_rng.c **** @endverbatim
  84:libraries/STM32F4xx_StdPeriph_Driver/src/stm32f4xx_rng.c ****   * @{
  85:libraries/STM32F4xx_StdPeriph_Driver/src/stm32f4xx_rng.c ****   */
  86:libraries/STM32F4xx_StdPeriph_Driver/src/stm32f4xx_rng.c **** 
  87:libraries/STM32F4xx_StdPeriph_Driver/src/stm32f4xx_rng.c **** /**
ARM GAS  C:\Users\ktkuru\AppData\Local\Temp\ccDRV4Me.s 			page 3


  88:libraries/STM32F4xx_StdPeriph_Driver/src/stm32f4xx_rng.c ****   * @brief  De-initializes the RNG peripheral registers to their default reset values.
  89:libraries/STM32F4xx_StdPeriph_Driver/src/stm32f4xx_rng.c ****   * @param  None
  90:libraries/STM32F4xx_StdPeriph_Driver/src/stm32f4xx_rng.c ****   * @retval None
  91:libraries/STM32F4xx_StdPeriph_Driver/src/stm32f4xx_rng.c ****   */
  92:libraries/STM32F4xx_StdPeriph_Driver/src/stm32f4xx_rng.c **** void RNG_DeInit(void)
  93:libraries/STM32F4xx_StdPeriph_Driver/src/stm32f4xx_rng.c **** {
  29              		.loc 1 93 1 view -0
  30              		.cfi_startproc
  31              		@ args = 0, pretend = 0, frame = 0
  32              		@ frame_needed = 0, uses_anonymous_args = 0
  33 0000 08B5     		push	{r3, lr}
  34              	.LCFI0:
  35              		.cfi_def_cfa_offset 8
  36              		.cfi_offset 3, -8
  37              		.cfi_offset 14, -4
  94:libraries/STM32F4xx_StdPeriph_Driver/src/stm32f4xx_rng.c **** #if defined(STM32F40_41xxx) || defined(STM32F427_437xx) || defined(STM32F429_439xx) || defined(STM3
  95:libraries/STM32F4xx_StdPeriph_Driver/src/stm32f4xx_rng.c ****   /* Enable RNG reset state */
  96:libraries/STM32F4xx_StdPeriph_Driver/src/stm32f4xx_rng.c ****   RCC_AHB2PeriphResetCmd(RCC_AHB2Periph_RNG, ENABLE);
  38              		.loc 1 96 3 view .LVU1
  39 0002 0121     		movs	r1, #1
  40 0004 4020     		movs	r0, #64
  41 0006 FFF7FEFF 		bl	RCC_AHB2PeriphResetCmd
  42              	.LVL0:
  97:libraries/STM32F4xx_StdPeriph_Driver/src/stm32f4xx_rng.c **** 
  98:libraries/STM32F4xx_StdPeriph_Driver/src/stm32f4xx_rng.c ****   /* Release RNG from reset state */
  99:libraries/STM32F4xx_StdPeriph_Driver/src/stm32f4xx_rng.c ****   RCC_AHB2PeriphResetCmd(RCC_AHB2Periph_RNG, DISABLE);
  43              		.loc 1 99 3 view .LVU2
  44 000a 0021     		movs	r1, #0
  45 000c 4020     		movs	r0, #64
  46 000e FFF7FEFF 		bl	RCC_AHB2PeriphResetCmd
  47              	.LVL1:
 100:libraries/STM32F4xx_StdPeriph_Driver/src/stm32f4xx_rng.c **** #endif /* STM32F40_41xxx || STM32F427_437xx || STM32F429_439xx || STM32F469_479xx */
 101:libraries/STM32F4xx_StdPeriph_Driver/src/stm32f4xx_rng.c **** #if defined(STM32F410xx)
 102:libraries/STM32F4xx_StdPeriph_Driver/src/stm32f4xx_rng.c ****    /* Enable RNG reset state */
 103:libraries/STM32F4xx_StdPeriph_Driver/src/stm32f4xx_rng.c ****   RCC_AHB1PeriphResetCmd(RCC_AHB1Periph_RNG, ENABLE);
 104:libraries/STM32F4xx_StdPeriph_Driver/src/stm32f4xx_rng.c **** 
 105:libraries/STM32F4xx_StdPeriph_Driver/src/stm32f4xx_rng.c ****   /* Release RNG from reset state */
 106:libraries/STM32F4xx_StdPeriph_Driver/src/stm32f4xx_rng.c ****   RCC_AHB1PeriphResetCmd(RCC_AHB1Periph_RNG, DISABLE); 
 107:libraries/STM32F4xx_StdPeriph_Driver/src/stm32f4xx_rng.c **** #endif /* STM32F410xx*/  
 108:libraries/STM32F4xx_StdPeriph_Driver/src/stm32f4xx_rng.c **** }
  48              		.loc 1 108 1 is_stmt 0 view .LVU3
  49 0012 08BD     		pop	{r3, pc}
  50              		.cfi_endproc
  51              	.LFE123:
  53              		.section	.text.RNG_Cmd,"ax",%progbits
  54              		.align	1
  55              		.global	RNG_Cmd
  56              		.syntax unified
  57              		.thumb
  58              		.thumb_func
  60              	RNG_Cmd:
  61              	.LVL2:
  62              	.LFB124:
 109:libraries/STM32F4xx_StdPeriph_Driver/src/stm32f4xx_rng.c **** 
 110:libraries/STM32F4xx_StdPeriph_Driver/src/stm32f4xx_rng.c **** /**
 111:libraries/STM32F4xx_StdPeriph_Driver/src/stm32f4xx_rng.c ****   * @brief  Enables or disables the RNG peripheral.
 112:libraries/STM32F4xx_StdPeriph_Driver/src/stm32f4xx_rng.c ****   * @param  NewState: new state of the RNG peripheral.
ARM GAS  C:\Users\ktkuru\AppData\Local\Temp\ccDRV4Me.s 			page 4


 113:libraries/STM32F4xx_StdPeriph_Driver/src/stm32f4xx_rng.c ****   *          This parameter can be: ENABLE or DISABLE.
 114:libraries/STM32F4xx_StdPeriph_Driver/src/stm32f4xx_rng.c ****   * @retval None
 115:libraries/STM32F4xx_StdPeriph_Driver/src/stm32f4xx_rng.c ****   */
 116:libraries/STM32F4xx_StdPeriph_Driver/src/stm32f4xx_rng.c **** void RNG_Cmd(FunctionalState NewState)
 117:libraries/STM32F4xx_StdPeriph_Driver/src/stm32f4xx_rng.c **** {
  63              		.loc 1 117 1 is_stmt 1 view -0
  64              		.cfi_startproc
  65              		@ args = 0, pretend = 0, frame = 0
  66              		@ frame_needed = 0, uses_anonymous_args = 0
  67              		@ link register save eliminated.
 118:libraries/STM32F4xx_StdPeriph_Driver/src/stm32f4xx_rng.c ****   /* Check the parameters */
 119:libraries/STM32F4xx_StdPeriph_Driver/src/stm32f4xx_rng.c ****   assert_param(IS_FUNCTIONAL_STATE(NewState));
  68              		.loc 1 119 3 view .LVU5
 120:libraries/STM32F4xx_StdPeriph_Driver/src/stm32f4xx_rng.c **** 
 121:libraries/STM32F4xx_StdPeriph_Driver/src/stm32f4xx_rng.c ****   if (NewState != DISABLE)
  69              		.loc 1 121 3 view .LVU6
  70              		.loc 1 121 6 is_stmt 0 view .LVU7
  71 0000 28B1     		cbz	r0, .L4
 122:libraries/STM32F4xx_StdPeriph_Driver/src/stm32f4xx_rng.c ****   {
 123:libraries/STM32F4xx_StdPeriph_Driver/src/stm32f4xx_rng.c ****     /* Enable the RNG */
 124:libraries/STM32F4xx_StdPeriph_Driver/src/stm32f4xx_rng.c ****     RNG->CR |= RNG_CR_RNGEN;
  72              		.loc 1 124 5 is_stmt 1 view .LVU8
  73              		.loc 1 124 8 is_stmt 0 view .LVU9
  74 0002 064A     		ldr	r2, .L6
  75 0004 1368     		ldr	r3, [r2]
  76              		.loc 1 124 13 view .LVU10
  77 0006 43F00403 		orr	r3, r3, #4
  78 000a 1360     		str	r3, [r2]
  79 000c 7047     		bx	lr
  80              	.L4:
 125:libraries/STM32F4xx_StdPeriph_Driver/src/stm32f4xx_rng.c ****   }
 126:libraries/STM32F4xx_StdPeriph_Driver/src/stm32f4xx_rng.c ****   else
 127:libraries/STM32F4xx_StdPeriph_Driver/src/stm32f4xx_rng.c ****   {
 128:libraries/STM32F4xx_StdPeriph_Driver/src/stm32f4xx_rng.c ****     /* Disable the RNG */
 129:libraries/STM32F4xx_StdPeriph_Driver/src/stm32f4xx_rng.c ****     RNG->CR &= ~RNG_CR_RNGEN;
  81              		.loc 1 129 5 is_stmt 1 view .LVU11
  82              		.loc 1 129 8 is_stmt 0 view .LVU12
  83 000e 034A     		ldr	r2, .L6
  84 0010 1368     		ldr	r3, [r2]
  85              		.loc 1 129 13 view .LVU13
  86 0012 23F00403 		bic	r3, r3, #4
  87 0016 1360     		str	r3, [r2]
 130:libraries/STM32F4xx_StdPeriph_Driver/src/stm32f4xx_rng.c ****   }
 131:libraries/STM32F4xx_StdPeriph_Driver/src/stm32f4xx_rng.c **** }
  88              		.loc 1 131 1 view .LVU14
  89 0018 7047     		bx	lr
  90              	.L7:
  91 001a 00BF     		.align	2
  92              	.L6:
  93 001c 00080650 		.word	1342572544
  94              		.cfi_endproc
  95              	.LFE124:
  97              		.section	.text.RNG_GetRandomNumber,"ax",%progbits
  98              		.align	1
  99              		.global	RNG_GetRandomNumber
 100              		.syntax unified
 101              		.thumb
ARM GAS  C:\Users\ktkuru\AppData\Local\Temp\ccDRV4Me.s 			page 5


 102              		.thumb_func
 104              	RNG_GetRandomNumber:
 105              	.LFB125:
 132:libraries/STM32F4xx_StdPeriph_Driver/src/stm32f4xx_rng.c **** /**
 133:libraries/STM32F4xx_StdPeriph_Driver/src/stm32f4xx_rng.c ****   * @}
 134:libraries/STM32F4xx_StdPeriph_Driver/src/stm32f4xx_rng.c ****   */
 135:libraries/STM32F4xx_StdPeriph_Driver/src/stm32f4xx_rng.c **** 
 136:libraries/STM32F4xx_StdPeriph_Driver/src/stm32f4xx_rng.c **** /** @defgroup RNG_Group2 Get 32 bit Random number function
 137:libraries/STM32F4xx_StdPeriph_Driver/src/stm32f4xx_rng.c ****  *  @brief    Get 32 bit Random number function 
 138:libraries/STM32F4xx_StdPeriph_Driver/src/stm32f4xx_rng.c ****  *
 139:libraries/STM32F4xx_StdPeriph_Driver/src/stm32f4xx_rng.c **** 
 140:libraries/STM32F4xx_StdPeriph_Driver/src/stm32f4xx_rng.c **** @verbatim    
 141:libraries/STM32F4xx_StdPeriph_Driver/src/stm32f4xx_rng.c ****  ===============================================================================
 142:libraries/STM32F4xx_StdPeriph_Driver/src/stm32f4xx_rng.c ****                  ##### Get 32 bit Random number function #####
 143:libraries/STM32F4xx_StdPeriph_Driver/src/stm32f4xx_rng.c ****  ===============================================================================  
 144:libraries/STM32F4xx_StdPeriph_Driver/src/stm32f4xx_rng.c ****  [..] This section provides a function allowing to get the 32 bit Random number  
 145:libraries/STM32F4xx_StdPeriph_Driver/src/stm32f4xx_rng.c ****   
 146:libraries/STM32F4xx_StdPeriph_Driver/src/stm32f4xx_rng.c ****    (@)  Before to call this function you have to wait till DRDY flag is set,
 147:libraries/STM32F4xx_StdPeriph_Driver/src/stm32f4xx_rng.c ****         using RNG_GetFlagStatus(RNG_FLAG_DRDY) function. 
 148:libraries/STM32F4xx_StdPeriph_Driver/src/stm32f4xx_rng.c ****    
 149:libraries/STM32F4xx_StdPeriph_Driver/src/stm32f4xx_rng.c **** @endverbatim
 150:libraries/STM32F4xx_StdPeriph_Driver/src/stm32f4xx_rng.c ****   * @{
 151:libraries/STM32F4xx_StdPeriph_Driver/src/stm32f4xx_rng.c ****   */
 152:libraries/STM32F4xx_StdPeriph_Driver/src/stm32f4xx_rng.c **** 
 153:libraries/STM32F4xx_StdPeriph_Driver/src/stm32f4xx_rng.c **** 
 154:libraries/STM32F4xx_StdPeriph_Driver/src/stm32f4xx_rng.c **** /**
 155:libraries/STM32F4xx_StdPeriph_Driver/src/stm32f4xx_rng.c ****   * @brief  Returns a 32-bit random number.
 156:libraries/STM32F4xx_StdPeriph_Driver/src/stm32f4xx_rng.c ****   *   
 157:libraries/STM32F4xx_StdPeriph_Driver/src/stm32f4xx_rng.c ****   * @note   Before to call this function you have to wait till DRDY (data ready)
 158:libraries/STM32F4xx_StdPeriph_Driver/src/stm32f4xx_rng.c ****   *         flag is set, using RNG_GetFlagStatus(RNG_FLAG_DRDY) function.
 159:libraries/STM32F4xx_StdPeriph_Driver/src/stm32f4xx_rng.c ****   * @note   Each time the Random number data is read (using RNG_GetRandomNumber()
 160:libraries/STM32F4xx_StdPeriph_Driver/src/stm32f4xx_rng.c ****   *         function), the RNG_FLAG_DRDY flag is automatically cleared.
 161:libraries/STM32F4xx_StdPeriph_Driver/src/stm32f4xx_rng.c ****   * @note   In the case of a seed error, the generation of random numbers is 
 162:libraries/STM32F4xx_StdPeriph_Driver/src/stm32f4xx_rng.c ****   *         interrupted for as long as the SECS bit is '1'. If a number is 
 163:libraries/STM32F4xx_StdPeriph_Driver/src/stm32f4xx_rng.c ****   *         available in the RNG_DR register, it must not be used because it may 
 164:libraries/STM32F4xx_StdPeriph_Driver/src/stm32f4xx_rng.c ****   *         not have enough entropy. In this case, it is recommended to clear the 
 165:libraries/STM32F4xx_StdPeriph_Driver/src/stm32f4xx_rng.c ****   *         SEIS bit(using RNG_ClearFlag(RNG_FLAG_SECS) function), then disable 
 166:libraries/STM32F4xx_StdPeriph_Driver/src/stm32f4xx_rng.c ****   *         and enable the RNG peripheral (using RNG_Cmd() function) to 
 167:libraries/STM32F4xx_StdPeriph_Driver/src/stm32f4xx_rng.c ****   *         reinitialize and restart the RNG.
 168:libraries/STM32F4xx_StdPeriph_Driver/src/stm32f4xx_rng.c ****   * @note   In the case of a clock error, the RNG is no more able to generate 
 169:libraries/STM32F4xx_StdPeriph_Driver/src/stm32f4xx_rng.c ****   *         random numbers because the PLL48CLK clock is not correct. User have 
 170:libraries/STM32F4xx_StdPeriph_Driver/src/stm32f4xx_rng.c ****   *         to check that the clock controller is correctly configured to provide
 171:libraries/STM32F4xx_StdPeriph_Driver/src/stm32f4xx_rng.c ****   *         the RNG clock and clear the CEIS bit (using RNG_ClearFlag(RNG_FLAG_CECS) 
 172:libraries/STM32F4xx_StdPeriph_Driver/src/stm32f4xx_rng.c ****   *         function) . The clock error has no impact on the previously generated 
 173:libraries/STM32F4xx_StdPeriph_Driver/src/stm32f4xx_rng.c ****   *         random numbers, and the RNG_DR register contents can be used.
 174:libraries/STM32F4xx_StdPeriph_Driver/src/stm32f4xx_rng.c ****   *         
 175:libraries/STM32F4xx_StdPeriph_Driver/src/stm32f4xx_rng.c ****   * @param  None
 176:libraries/STM32F4xx_StdPeriph_Driver/src/stm32f4xx_rng.c ****   * @retval 32-bit random number.
 177:libraries/STM32F4xx_StdPeriph_Driver/src/stm32f4xx_rng.c ****   */
 178:libraries/STM32F4xx_StdPeriph_Driver/src/stm32f4xx_rng.c **** uint32_t RNG_GetRandomNumber(void)
 179:libraries/STM32F4xx_StdPeriph_Driver/src/stm32f4xx_rng.c **** {
 106              		.loc 1 179 1 is_stmt 1 view -0
 107              		.cfi_startproc
 108              		@ args = 0, pretend = 0, frame = 0
 109              		@ frame_needed = 0, uses_anonymous_args = 0
 110              		@ link register save eliminated.
 180:libraries/STM32F4xx_StdPeriph_Driver/src/stm32f4xx_rng.c ****   /* Return the 32 bit random number from the DR register */
ARM GAS  C:\Users\ktkuru\AppData\Local\Temp\ccDRV4Me.s 			page 6


 181:libraries/STM32F4xx_StdPeriph_Driver/src/stm32f4xx_rng.c ****   return RNG->DR;
 111              		.loc 1 181 3 view .LVU16
 112              		.loc 1 181 13 is_stmt 0 view .LVU17
 113 0000 014B     		ldr	r3, .L9
 114 0002 9868     		ldr	r0, [r3, #8]
 182:libraries/STM32F4xx_StdPeriph_Driver/src/stm32f4xx_rng.c **** }
 115              		.loc 1 182 1 view .LVU18
 116 0004 7047     		bx	lr
 117              	.L10:
 118 0006 00BF     		.align	2
 119              	.L9:
 120 0008 00080650 		.word	1342572544
 121              		.cfi_endproc
 122              	.LFE125:
 124              		.section	.text.RNG_ITConfig,"ax",%progbits
 125              		.align	1
 126              		.global	RNG_ITConfig
 127              		.syntax unified
 128              		.thumb
 129              		.thumb_func
 131              	RNG_ITConfig:
 132              	.LVL3:
 133              	.LFB126:
 183:libraries/STM32F4xx_StdPeriph_Driver/src/stm32f4xx_rng.c **** 
 184:libraries/STM32F4xx_StdPeriph_Driver/src/stm32f4xx_rng.c **** 
 185:libraries/STM32F4xx_StdPeriph_Driver/src/stm32f4xx_rng.c **** /**
 186:libraries/STM32F4xx_StdPeriph_Driver/src/stm32f4xx_rng.c ****   * @}
 187:libraries/STM32F4xx_StdPeriph_Driver/src/stm32f4xx_rng.c ****   */
 188:libraries/STM32F4xx_StdPeriph_Driver/src/stm32f4xx_rng.c **** 
 189:libraries/STM32F4xx_StdPeriph_Driver/src/stm32f4xx_rng.c **** /** @defgroup RNG_Group3 Interrupts and flags management functions
 190:libraries/STM32F4xx_StdPeriph_Driver/src/stm32f4xx_rng.c ****  *  @brief   Interrupts and flags management functions
 191:libraries/STM32F4xx_StdPeriph_Driver/src/stm32f4xx_rng.c ****  *
 192:libraries/STM32F4xx_StdPeriph_Driver/src/stm32f4xx_rng.c **** @verbatim   
 193:libraries/STM32F4xx_StdPeriph_Driver/src/stm32f4xx_rng.c ****  ===============================================================================
 194:libraries/STM32F4xx_StdPeriph_Driver/src/stm32f4xx_rng.c ****              ##### Interrupts and flags management functions #####
 195:libraries/STM32F4xx_StdPeriph_Driver/src/stm32f4xx_rng.c ****  ===============================================================================  
 196:libraries/STM32F4xx_StdPeriph_Driver/src/stm32f4xx_rng.c **** 
 197:libraries/STM32F4xx_StdPeriph_Driver/src/stm32f4xx_rng.c ****  [..] This section provides functions allowing to configure the RNG Interrupts and 
 198:libraries/STM32F4xx_StdPeriph_Driver/src/stm32f4xx_rng.c ****       to get the status and clear flags and Interrupts pending bits.
 199:libraries/STM32F4xx_StdPeriph_Driver/src/stm32f4xx_rng.c ****   
 200:libraries/STM32F4xx_StdPeriph_Driver/src/stm32f4xx_rng.c ****  [..] The RNG provides 3 Interrupts sources and 3 Flags:
 201:libraries/STM32F4xx_StdPeriph_Driver/src/stm32f4xx_rng.c ****   
 202:libraries/STM32F4xx_StdPeriph_Driver/src/stm32f4xx_rng.c ****  *** Flags : ***
 203:libraries/STM32F4xx_StdPeriph_Driver/src/stm32f4xx_rng.c ****  ===============
 204:libraries/STM32F4xx_StdPeriph_Driver/src/stm32f4xx_rng.c ****  [..] 
 205:libraries/STM32F4xx_StdPeriph_Driver/src/stm32f4xx_rng.c ****     (#) RNG_FLAG_DRDY :  In the case of the RNG_DR register contains valid 
 206:libraries/STM32F4xx_StdPeriph_Driver/src/stm32f4xx_rng.c ****         random data. it is cleared by reading the valid data(using 
 207:libraries/STM32F4xx_StdPeriph_Driver/src/stm32f4xx_rng.c ****         RNG_GetRandomNumber() function).
 208:libraries/STM32F4xx_StdPeriph_Driver/src/stm32f4xx_rng.c **** 
 209:libraries/STM32F4xx_StdPeriph_Driver/src/stm32f4xx_rng.c ****     (#) RNG_FLAG_CECS : In the case of a seed error detection. 
 210:libraries/STM32F4xx_StdPeriph_Driver/src/stm32f4xx_rng.c ****       
 211:libraries/STM32F4xx_StdPeriph_Driver/src/stm32f4xx_rng.c ****     (#) RNG_FLAG_SECS : In the case of a clock error detection.
 212:libraries/STM32F4xx_StdPeriph_Driver/src/stm32f4xx_rng.c ****               
 213:libraries/STM32F4xx_StdPeriph_Driver/src/stm32f4xx_rng.c ****  *** Interrupts ***
 214:libraries/STM32F4xx_StdPeriph_Driver/src/stm32f4xx_rng.c ****  ==================
 215:libraries/STM32F4xx_StdPeriph_Driver/src/stm32f4xx_rng.c ****  [..] If enabled, an RNG interrupt is pending :
 216:libraries/STM32F4xx_StdPeriph_Driver/src/stm32f4xx_rng.c ****     
ARM GAS  C:\Users\ktkuru\AppData\Local\Temp\ccDRV4Me.s 			page 7


 217:libraries/STM32F4xx_StdPeriph_Driver/src/stm32f4xx_rng.c ****    (#) In the case of the RNG_DR register contains valid random data. 
 218:libraries/STM32F4xx_StdPeriph_Driver/src/stm32f4xx_rng.c ****        This interrupt source is cleared once the RNG_DR register has been read 
 219:libraries/STM32F4xx_StdPeriph_Driver/src/stm32f4xx_rng.c ****        (using RNG_GetRandomNumber() function) until a new valid value is 
 220:libraries/STM32F4xx_StdPeriph_Driver/src/stm32f4xx_rng.c ****        computed; or 
 221:libraries/STM32F4xx_StdPeriph_Driver/src/stm32f4xx_rng.c ****    (#) In the case of a seed error : One of the following faulty sequences has 
 222:libraries/STM32F4xx_StdPeriph_Driver/src/stm32f4xx_rng.c ****        been detected:
 223:libraries/STM32F4xx_StdPeriph_Driver/src/stm32f4xx_rng.c ****        (++) More than 64 consecutive bits at the same value (0 or 1)
 224:libraries/STM32F4xx_StdPeriph_Driver/src/stm32f4xx_rng.c ****        (++) More than 32 consecutive alternance of 0 and 1 (0101010101...01)
 225:libraries/STM32F4xx_StdPeriph_Driver/src/stm32f4xx_rng.c ****        This interrupt source is cleared using RNG_ClearITPendingBit(RNG_IT_SEI)
 226:libraries/STM32F4xx_StdPeriph_Driver/src/stm32f4xx_rng.c ****        function; or
 227:libraries/STM32F4xx_StdPeriph_Driver/src/stm32f4xx_rng.c ****    (#) In the case of a clock error : the PLL48CLK (RNG peripheral clock source) 
 228:libraries/STM32F4xx_StdPeriph_Driver/src/stm32f4xx_rng.c ****        was not correctly detected (fPLL48CLK< fHCLK/16). This interrupt source is
 229:libraries/STM32F4xx_StdPeriph_Driver/src/stm32f4xx_rng.c ****        cleared using RNG_ClearITPendingBit(RNG_IT_CEI) function.
 230:libraries/STM32F4xx_StdPeriph_Driver/src/stm32f4xx_rng.c ****        -@- note In this case, User have to check that the clock controller is 
 231:libraries/STM32F4xx_StdPeriph_Driver/src/stm32f4xx_rng.c ****            correctly configured to provide the RNG clock. 
 232:libraries/STM32F4xx_StdPeriph_Driver/src/stm32f4xx_rng.c **** 
 233:libraries/STM32F4xx_StdPeriph_Driver/src/stm32f4xx_rng.c ****  *** Managing the RNG controller events : ***
 234:libraries/STM32F4xx_StdPeriph_Driver/src/stm32f4xx_rng.c ****  ============================================
 235:libraries/STM32F4xx_StdPeriph_Driver/src/stm32f4xx_rng.c ****  [..] The user should identify which mode will be used in his application to manage 
 236:libraries/STM32F4xx_StdPeriph_Driver/src/stm32f4xx_rng.c ****       the RNG controller events: Polling mode or Interrupt mode.
 237:libraries/STM32F4xx_StdPeriph_Driver/src/stm32f4xx_rng.c ****   
 238:libraries/STM32F4xx_StdPeriph_Driver/src/stm32f4xx_rng.c ****    (#) In the Polling Mode it is advised to use the following functions:
 239:libraries/STM32F4xx_StdPeriph_Driver/src/stm32f4xx_rng.c ****        (++) RNG_GetFlagStatus() : to check if flags events occur. 
 240:libraries/STM32F4xx_StdPeriph_Driver/src/stm32f4xx_rng.c ****        (++) RNG_ClearFlag()     : to clear the flags events.
 241:libraries/STM32F4xx_StdPeriph_Driver/src/stm32f4xx_rng.c ****   
 242:libraries/STM32F4xx_StdPeriph_Driver/src/stm32f4xx_rng.c ****        -@@- RNG_FLAG_DRDY can not be cleared by RNG_ClearFlag(). it is cleared only 
 243:libraries/STM32F4xx_StdPeriph_Driver/src/stm32f4xx_rng.c ****             by reading the Random number data.      
 244:libraries/STM32F4xx_StdPeriph_Driver/src/stm32f4xx_rng.c ****   
 245:libraries/STM32F4xx_StdPeriph_Driver/src/stm32f4xx_rng.c ****    (#)  In the Interrupt Mode it is advised to use the following functions:
 246:libraries/STM32F4xx_StdPeriph_Driver/src/stm32f4xx_rng.c ****         (++) RNG_ITConfig()       : to enable or disable the interrupt source.
 247:libraries/STM32F4xx_StdPeriph_Driver/src/stm32f4xx_rng.c ****         (++) RNG_GetITStatus()    : to check if Interrupt occurs.
 248:libraries/STM32F4xx_StdPeriph_Driver/src/stm32f4xx_rng.c ****         (++) RNG_ClearITPendingBit() : to clear the Interrupt pending Bit 
 249:libraries/STM32F4xx_StdPeriph_Driver/src/stm32f4xx_rng.c ****              (corresponding Flag). 
 250:libraries/STM32F4xx_StdPeriph_Driver/src/stm32f4xx_rng.c ****   
 251:libraries/STM32F4xx_StdPeriph_Driver/src/stm32f4xx_rng.c **** @endverbatim
 252:libraries/STM32F4xx_StdPeriph_Driver/src/stm32f4xx_rng.c ****   * @{
 253:libraries/STM32F4xx_StdPeriph_Driver/src/stm32f4xx_rng.c ****   */ 
 254:libraries/STM32F4xx_StdPeriph_Driver/src/stm32f4xx_rng.c **** 
 255:libraries/STM32F4xx_StdPeriph_Driver/src/stm32f4xx_rng.c **** /**
 256:libraries/STM32F4xx_StdPeriph_Driver/src/stm32f4xx_rng.c ****   * @brief  Enables or disables the RNG interrupt.
 257:libraries/STM32F4xx_StdPeriph_Driver/src/stm32f4xx_rng.c ****   * @note   The RNG provides 3 interrupt sources,
 258:libraries/STM32F4xx_StdPeriph_Driver/src/stm32f4xx_rng.c ****   *           - Computed data is ready event (DRDY), and           
 259:libraries/STM32F4xx_StdPeriph_Driver/src/stm32f4xx_rng.c ****   *           - Seed error Interrupt (SEI) and 
 260:libraries/STM32F4xx_StdPeriph_Driver/src/stm32f4xx_rng.c ****   *           - Clock error Interrupt (CEI), 
 261:libraries/STM32F4xx_StdPeriph_Driver/src/stm32f4xx_rng.c ****   *         all these interrupts sources are enabled by setting the IE bit in 
 262:libraries/STM32F4xx_StdPeriph_Driver/src/stm32f4xx_rng.c ****   *         CR register. However, each interrupt have its specific status bit
 263:libraries/STM32F4xx_StdPeriph_Driver/src/stm32f4xx_rng.c ****   *         (see RNG_GetITStatus() function) and clear bit except the DRDY event
 264:libraries/STM32F4xx_StdPeriph_Driver/src/stm32f4xx_rng.c ****   *         (see RNG_ClearITPendingBit() function).
 265:libraries/STM32F4xx_StdPeriph_Driver/src/stm32f4xx_rng.c ****   * @param  NewState: new state of the RNG interrupt.
 266:libraries/STM32F4xx_StdPeriph_Driver/src/stm32f4xx_rng.c ****   *          This parameter can be: ENABLE or DISABLE.
 267:libraries/STM32F4xx_StdPeriph_Driver/src/stm32f4xx_rng.c ****   * @retval None
 268:libraries/STM32F4xx_StdPeriph_Driver/src/stm32f4xx_rng.c ****   */
 269:libraries/STM32F4xx_StdPeriph_Driver/src/stm32f4xx_rng.c **** void RNG_ITConfig(FunctionalState NewState)
 270:libraries/STM32F4xx_StdPeriph_Driver/src/stm32f4xx_rng.c **** {
 134              		.loc 1 270 1 is_stmt 1 view -0
 135              		.cfi_startproc
 136              		@ args = 0, pretend = 0, frame = 0
ARM GAS  C:\Users\ktkuru\AppData\Local\Temp\ccDRV4Me.s 			page 8


 137              		@ frame_needed = 0, uses_anonymous_args = 0
 138              		@ link register save eliminated.
 271:libraries/STM32F4xx_StdPeriph_Driver/src/stm32f4xx_rng.c ****   /* Check the parameters */
 272:libraries/STM32F4xx_StdPeriph_Driver/src/stm32f4xx_rng.c ****   assert_param(IS_FUNCTIONAL_STATE(NewState));
 139              		.loc 1 272 3 view .LVU20
 273:libraries/STM32F4xx_StdPeriph_Driver/src/stm32f4xx_rng.c **** 
 274:libraries/STM32F4xx_StdPeriph_Driver/src/stm32f4xx_rng.c ****   if (NewState != DISABLE)
 140              		.loc 1 274 3 view .LVU21
 141              		.loc 1 274 6 is_stmt 0 view .LVU22
 142 0000 28B1     		cbz	r0, .L12
 275:libraries/STM32F4xx_StdPeriph_Driver/src/stm32f4xx_rng.c ****   {
 276:libraries/STM32F4xx_StdPeriph_Driver/src/stm32f4xx_rng.c ****     /* Enable the RNG interrupt */
 277:libraries/STM32F4xx_StdPeriph_Driver/src/stm32f4xx_rng.c ****     RNG->CR |= RNG_CR_IE;
 143              		.loc 1 277 5 is_stmt 1 view .LVU23
 144              		.loc 1 277 8 is_stmt 0 view .LVU24
 145 0002 064A     		ldr	r2, .L14
 146 0004 1368     		ldr	r3, [r2]
 147              		.loc 1 277 13 view .LVU25
 148 0006 43F00803 		orr	r3, r3, #8
 149 000a 1360     		str	r3, [r2]
 150 000c 7047     		bx	lr
 151              	.L12:
 278:libraries/STM32F4xx_StdPeriph_Driver/src/stm32f4xx_rng.c ****   }
 279:libraries/STM32F4xx_StdPeriph_Driver/src/stm32f4xx_rng.c ****   else
 280:libraries/STM32F4xx_StdPeriph_Driver/src/stm32f4xx_rng.c ****   {
 281:libraries/STM32F4xx_StdPeriph_Driver/src/stm32f4xx_rng.c ****     /* Disable the RNG interrupt */
 282:libraries/STM32F4xx_StdPeriph_Driver/src/stm32f4xx_rng.c ****     RNG->CR &= ~RNG_CR_IE;
 152              		.loc 1 282 5 is_stmt 1 view .LVU26
 153              		.loc 1 282 8 is_stmt 0 view .LVU27
 154 000e 034A     		ldr	r2, .L14
 155 0010 1368     		ldr	r3, [r2]
 156              		.loc 1 282 13 view .LVU28
 157 0012 23F00803 		bic	r3, r3, #8
 158 0016 1360     		str	r3, [r2]
 283:libraries/STM32F4xx_StdPeriph_Driver/src/stm32f4xx_rng.c ****   }
 284:libraries/STM32F4xx_StdPeriph_Driver/src/stm32f4xx_rng.c **** }
 159              		.loc 1 284 1 view .LVU29
 160 0018 7047     		bx	lr
 161              	.L15:
 162 001a 00BF     		.align	2
 163              	.L14:
 164 001c 00080650 		.word	1342572544
 165              		.cfi_endproc
 166              	.LFE126:
 168              		.section	.text.RNG_GetFlagStatus,"ax",%progbits
 169              		.align	1
 170              		.global	RNG_GetFlagStatus
 171              		.syntax unified
 172              		.thumb
 173              		.thumb_func
 175              	RNG_GetFlagStatus:
 176              	.LVL4:
 177              	.LFB127:
 285:libraries/STM32F4xx_StdPeriph_Driver/src/stm32f4xx_rng.c **** 
 286:libraries/STM32F4xx_StdPeriph_Driver/src/stm32f4xx_rng.c **** /**
 287:libraries/STM32F4xx_StdPeriph_Driver/src/stm32f4xx_rng.c ****   * @brief  Checks whether the specified RNG flag is set or not.
 288:libraries/STM32F4xx_StdPeriph_Driver/src/stm32f4xx_rng.c ****   * @param  RNG_FLAG: specifies the RNG flag to check.
ARM GAS  C:\Users\ktkuru\AppData\Local\Temp\ccDRV4Me.s 			page 9


 289:libraries/STM32F4xx_StdPeriph_Driver/src/stm32f4xx_rng.c ****   *          This parameter can be one of the following values:
 290:libraries/STM32F4xx_StdPeriph_Driver/src/stm32f4xx_rng.c ****   *            @arg RNG_FLAG_DRDY: Data Ready flag.
 291:libraries/STM32F4xx_StdPeriph_Driver/src/stm32f4xx_rng.c ****   *            @arg RNG_FLAG_CECS: Clock Error Current flag.
 292:libraries/STM32F4xx_StdPeriph_Driver/src/stm32f4xx_rng.c ****   *            @arg RNG_FLAG_SECS: Seed Error Current flag.
 293:libraries/STM32F4xx_StdPeriph_Driver/src/stm32f4xx_rng.c ****   * @retval The new state of RNG_FLAG (SET or RESET).
 294:libraries/STM32F4xx_StdPeriph_Driver/src/stm32f4xx_rng.c ****   */
 295:libraries/STM32F4xx_StdPeriph_Driver/src/stm32f4xx_rng.c **** FlagStatus RNG_GetFlagStatus(uint8_t RNG_FLAG)
 296:libraries/STM32F4xx_StdPeriph_Driver/src/stm32f4xx_rng.c **** {
 178              		.loc 1 296 1 is_stmt 1 view -0
 179              		.cfi_startproc
 180              		@ args = 0, pretend = 0, frame = 0
 181              		@ frame_needed = 0, uses_anonymous_args = 0
 182              		@ link register save eliminated.
 297:libraries/STM32F4xx_StdPeriph_Driver/src/stm32f4xx_rng.c ****   FlagStatus bitstatus = RESET;
 183              		.loc 1 297 3 view .LVU31
 298:libraries/STM32F4xx_StdPeriph_Driver/src/stm32f4xx_rng.c ****   /* Check the parameters */
 299:libraries/STM32F4xx_StdPeriph_Driver/src/stm32f4xx_rng.c ****   assert_param(IS_RNG_GET_FLAG(RNG_FLAG));
 184              		.loc 1 299 3 view .LVU32
 300:libraries/STM32F4xx_StdPeriph_Driver/src/stm32f4xx_rng.c **** 
 301:libraries/STM32F4xx_StdPeriph_Driver/src/stm32f4xx_rng.c ****   /* Check the status of the specified RNG flag */
 302:libraries/STM32F4xx_StdPeriph_Driver/src/stm32f4xx_rng.c ****   if ((RNG->SR & RNG_FLAG) != (uint8_t)RESET)
 185              		.loc 1 302 3 view .LVU33
 186              		.loc 1 302 11 is_stmt 0 view .LVU34
 187 0000 034B     		ldr	r3, .L19
 188 0002 5B68     		ldr	r3, [r3, #4]
 189              		.loc 1 302 6 view .LVU35
 190 0004 1842     		tst	r0, r3
 191 0006 01D0     		beq	.L18
 303:libraries/STM32F4xx_StdPeriph_Driver/src/stm32f4xx_rng.c ****   {
 304:libraries/STM32F4xx_StdPeriph_Driver/src/stm32f4xx_rng.c ****     /* RNG_FLAG is set */
 305:libraries/STM32F4xx_StdPeriph_Driver/src/stm32f4xx_rng.c ****     bitstatus = SET;
 192              		.loc 1 305 15 view .LVU36
 193 0008 0120     		movs	r0, #1
 194              	.LVL5:
 195              		.loc 1 305 15 view .LVU37
 196 000a 7047     		bx	lr
 197              	.LVL6:
 198              	.L18:
 306:libraries/STM32F4xx_StdPeriph_Driver/src/stm32f4xx_rng.c ****   }
 307:libraries/STM32F4xx_StdPeriph_Driver/src/stm32f4xx_rng.c ****   else
 308:libraries/STM32F4xx_StdPeriph_Driver/src/stm32f4xx_rng.c ****   {
 309:libraries/STM32F4xx_StdPeriph_Driver/src/stm32f4xx_rng.c ****     /* RNG_FLAG is reset */
 310:libraries/STM32F4xx_StdPeriph_Driver/src/stm32f4xx_rng.c ****     bitstatus = RESET;
 199              		.loc 1 310 15 view .LVU38
 200 000c 0020     		movs	r0, #0
 201              	.LVL7:
 311:libraries/STM32F4xx_StdPeriph_Driver/src/stm32f4xx_rng.c ****   }
 312:libraries/STM32F4xx_StdPeriph_Driver/src/stm32f4xx_rng.c ****   /* Return the RNG_FLAG status */
 313:libraries/STM32F4xx_StdPeriph_Driver/src/stm32f4xx_rng.c ****   return  bitstatus;
 202              		.loc 1 313 3 is_stmt 1 view .LVU39
 314:libraries/STM32F4xx_StdPeriph_Driver/src/stm32f4xx_rng.c **** }
 203              		.loc 1 314 1 is_stmt 0 view .LVU40
 204 000e 7047     		bx	lr
 205              	.L20:
 206              		.align	2
 207              	.L19:
 208 0010 00080650 		.word	1342572544
ARM GAS  C:\Users\ktkuru\AppData\Local\Temp\ccDRV4Me.s 			page 10


 209              		.cfi_endproc
 210              	.LFE127:
 212              		.section	.text.RNG_ClearFlag,"ax",%progbits
 213              		.align	1
 214              		.global	RNG_ClearFlag
 215              		.syntax unified
 216              		.thumb
 217              		.thumb_func
 219              	RNG_ClearFlag:
 220              	.LVL8:
 221              	.LFB128:
 315:libraries/STM32F4xx_StdPeriph_Driver/src/stm32f4xx_rng.c **** 
 316:libraries/STM32F4xx_StdPeriph_Driver/src/stm32f4xx_rng.c **** 
 317:libraries/STM32F4xx_StdPeriph_Driver/src/stm32f4xx_rng.c **** /**
 318:libraries/STM32F4xx_StdPeriph_Driver/src/stm32f4xx_rng.c ****   * @brief  Clears the RNG flags.
 319:libraries/STM32F4xx_StdPeriph_Driver/src/stm32f4xx_rng.c ****   * @param  RNG_FLAG: specifies the flag to clear. 
 320:libraries/STM32F4xx_StdPeriph_Driver/src/stm32f4xx_rng.c ****   *          This parameter can be any combination of the following values:
 321:libraries/STM32F4xx_StdPeriph_Driver/src/stm32f4xx_rng.c ****   *            @arg RNG_FLAG_CECS: Clock Error Current flag.
 322:libraries/STM32F4xx_StdPeriph_Driver/src/stm32f4xx_rng.c ****   *            @arg RNG_FLAG_SECS: Seed Error Current flag.
 323:libraries/STM32F4xx_StdPeriph_Driver/src/stm32f4xx_rng.c ****   * @note   RNG_FLAG_DRDY can not be cleared by RNG_ClearFlag() function. 
 324:libraries/STM32F4xx_StdPeriph_Driver/src/stm32f4xx_rng.c ****   *         This flag is cleared only by reading the Random number data (using 
 325:libraries/STM32F4xx_StdPeriph_Driver/src/stm32f4xx_rng.c ****   *         RNG_GetRandomNumber() function).                           
 326:libraries/STM32F4xx_StdPeriph_Driver/src/stm32f4xx_rng.c ****   * @retval None
 327:libraries/STM32F4xx_StdPeriph_Driver/src/stm32f4xx_rng.c ****   */
 328:libraries/STM32F4xx_StdPeriph_Driver/src/stm32f4xx_rng.c **** void RNG_ClearFlag(uint8_t RNG_FLAG)
 329:libraries/STM32F4xx_StdPeriph_Driver/src/stm32f4xx_rng.c **** {
 222              		.loc 1 329 1 is_stmt 1 view -0
 223              		.cfi_startproc
 224              		@ args = 0, pretend = 0, frame = 0
 225              		@ frame_needed = 0, uses_anonymous_args = 0
 226              		@ link register save eliminated.
 330:libraries/STM32F4xx_StdPeriph_Driver/src/stm32f4xx_rng.c ****   /* Check the parameters */
 331:libraries/STM32F4xx_StdPeriph_Driver/src/stm32f4xx_rng.c ****   assert_param(IS_RNG_CLEAR_FLAG(RNG_FLAG));
 227              		.loc 1 331 3 view .LVU42
 332:libraries/STM32F4xx_StdPeriph_Driver/src/stm32f4xx_rng.c ****   /* Clear the selected RNG flags */
 333:libraries/STM32F4xx_StdPeriph_Driver/src/stm32f4xx_rng.c ****   RNG->SR = ~(uint32_t)(((uint32_t)RNG_FLAG) << 4);
 228              		.loc 1 333 3 view .LVU43
 229              		.loc 1 333 13 is_stmt 0 view .LVU44
 230 0000 6FEA0010 		mvn	r0, r0, lsl #4
 231              	.LVL9:
 232              		.loc 1 333 11 view .LVU45
 233 0004 014B     		ldr	r3, .L22
 234 0006 5860     		str	r0, [r3, #4]
 334:libraries/STM32F4xx_StdPeriph_Driver/src/stm32f4xx_rng.c **** }
 235              		.loc 1 334 1 view .LVU46
 236 0008 7047     		bx	lr
 237              	.L23:
 238 000a 00BF     		.align	2
 239              	.L22:
 240 000c 00080650 		.word	1342572544
 241              		.cfi_endproc
 242              	.LFE128:
 244              		.section	.text.RNG_GetITStatus,"ax",%progbits
 245              		.align	1
 246              		.global	RNG_GetITStatus
 247              		.syntax unified
 248              		.thumb
ARM GAS  C:\Users\ktkuru\AppData\Local\Temp\ccDRV4Me.s 			page 11


 249              		.thumb_func
 251              	RNG_GetITStatus:
 252              	.LVL10:
 253              	.LFB129:
 335:libraries/STM32F4xx_StdPeriph_Driver/src/stm32f4xx_rng.c **** 
 336:libraries/STM32F4xx_StdPeriph_Driver/src/stm32f4xx_rng.c **** /**
 337:libraries/STM32F4xx_StdPeriph_Driver/src/stm32f4xx_rng.c ****   * @brief  Checks whether the specified RNG interrupt has occurred or not.
 338:libraries/STM32F4xx_StdPeriph_Driver/src/stm32f4xx_rng.c ****   * @param  RNG_IT: specifies the RNG interrupt source to check.
 339:libraries/STM32F4xx_StdPeriph_Driver/src/stm32f4xx_rng.c ****   *          This parameter can be one of the following values:
 340:libraries/STM32F4xx_StdPeriph_Driver/src/stm32f4xx_rng.c ****   *            @arg RNG_IT_CEI: Clock Error Interrupt.
 341:libraries/STM32F4xx_StdPeriph_Driver/src/stm32f4xx_rng.c ****   *            @arg RNG_IT_SEI: Seed Error Interrupt.                   
 342:libraries/STM32F4xx_StdPeriph_Driver/src/stm32f4xx_rng.c ****   * @retval The new state of RNG_IT (SET or RESET).
 343:libraries/STM32F4xx_StdPeriph_Driver/src/stm32f4xx_rng.c ****   */
 344:libraries/STM32F4xx_StdPeriph_Driver/src/stm32f4xx_rng.c **** ITStatus RNG_GetITStatus(uint8_t RNG_IT)
 345:libraries/STM32F4xx_StdPeriph_Driver/src/stm32f4xx_rng.c **** {
 254              		.loc 1 345 1 is_stmt 1 view -0
 255              		.cfi_startproc
 256              		@ args = 0, pretend = 0, frame = 0
 257              		@ frame_needed = 0, uses_anonymous_args = 0
 258              		@ link register save eliminated.
 346:libraries/STM32F4xx_StdPeriph_Driver/src/stm32f4xx_rng.c ****   ITStatus bitstatus = RESET;
 259              		.loc 1 346 3 view .LVU48
 347:libraries/STM32F4xx_StdPeriph_Driver/src/stm32f4xx_rng.c ****   /* Check the parameters */
 348:libraries/STM32F4xx_StdPeriph_Driver/src/stm32f4xx_rng.c ****   assert_param(IS_RNG_GET_IT(RNG_IT));
 260              		.loc 1 348 3 view .LVU49
 349:libraries/STM32F4xx_StdPeriph_Driver/src/stm32f4xx_rng.c **** 
 350:libraries/STM32F4xx_StdPeriph_Driver/src/stm32f4xx_rng.c ****   /* Check the status of the specified RNG interrupt */
 351:libraries/STM32F4xx_StdPeriph_Driver/src/stm32f4xx_rng.c ****   if ((RNG->SR & RNG_IT) != (uint8_t)RESET)
 261              		.loc 1 351 3 view .LVU50
 262              		.loc 1 351 11 is_stmt 0 view .LVU51
 263 0000 034B     		ldr	r3, .L27
 264 0002 5B68     		ldr	r3, [r3, #4]
 265              		.loc 1 351 6 view .LVU52
 266 0004 1842     		tst	r0, r3
 267 0006 01D0     		beq	.L26
 352:libraries/STM32F4xx_StdPeriph_Driver/src/stm32f4xx_rng.c ****   {
 353:libraries/STM32F4xx_StdPeriph_Driver/src/stm32f4xx_rng.c ****     /* RNG_IT is set */
 354:libraries/STM32F4xx_StdPeriph_Driver/src/stm32f4xx_rng.c ****     bitstatus = SET;
 268              		.loc 1 354 15 view .LVU53
 269 0008 0120     		movs	r0, #1
 270              	.LVL11:
 271              		.loc 1 354 15 view .LVU54
 272 000a 7047     		bx	lr
 273              	.LVL12:
 274              	.L26:
 355:libraries/STM32F4xx_StdPeriph_Driver/src/stm32f4xx_rng.c ****   }
 356:libraries/STM32F4xx_StdPeriph_Driver/src/stm32f4xx_rng.c ****   else
 357:libraries/STM32F4xx_StdPeriph_Driver/src/stm32f4xx_rng.c ****   {
 358:libraries/STM32F4xx_StdPeriph_Driver/src/stm32f4xx_rng.c ****     /* RNG_IT is reset */
 359:libraries/STM32F4xx_StdPeriph_Driver/src/stm32f4xx_rng.c ****     bitstatus = RESET;
 275              		.loc 1 359 15 view .LVU55
 276 000c 0020     		movs	r0, #0
 277              	.LVL13:
 360:libraries/STM32F4xx_StdPeriph_Driver/src/stm32f4xx_rng.c ****   }
 361:libraries/STM32F4xx_StdPeriph_Driver/src/stm32f4xx_rng.c ****   /* Return the RNG_IT status */
 362:libraries/STM32F4xx_StdPeriph_Driver/src/stm32f4xx_rng.c ****   return bitstatus;
 278              		.loc 1 362 3 is_stmt 1 view .LVU56
ARM GAS  C:\Users\ktkuru\AppData\Local\Temp\ccDRV4Me.s 			page 12


 363:libraries/STM32F4xx_StdPeriph_Driver/src/stm32f4xx_rng.c **** }
 279              		.loc 1 363 1 is_stmt 0 view .LVU57
 280 000e 7047     		bx	lr
 281              	.L28:
 282              		.align	2
 283              	.L27:
 284 0010 00080650 		.word	1342572544
 285              		.cfi_endproc
 286              	.LFE129:
 288              		.section	.text.RNG_ClearITPendingBit,"ax",%progbits
 289              		.align	1
 290              		.global	RNG_ClearITPendingBit
 291              		.syntax unified
 292              		.thumb
 293              		.thumb_func
 295              	RNG_ClearITPendingBit:
 296              	.LVL14:
 297              	.LFB130:
 364:libraries/STM32F4xx_StdPeriph_Driver/src/stm32f4xx_rng.c **** 
 365:libraries/STM32F4xx_StdPeriph_Driver/src/stm32f4xx_rng.c **** 
 366:libraries/STM32F4xx_StdPeriph_Driver/src/stm32f4xx_rng.c **** /**
 367:libraries/STM32F4xx_StdPeriph_Driver/src/stm32f4xx_rng.c ****   * @brief  Clears the RNG interrupt pending bit(s).
 368:libraries/STM32F4xx_StdPeriph_Driver/src/stm32f4xx_rng.c ****   * @param  RNG_IT: specifies the RNG interrupt pending bit(s) to clear.
 369:libraries/STM32F4xx_StdPeriph_Driver/src/stm32f4xx_rng.c ****   *          This parameter can be any combination of the following values:
 370:libraries/STM32F4xx_StdPeriph_Driver/src/stm32f4xx_rng.c ****   *            @arg RNG_IT_CEI: Clock Error Interrupt.
 371:libraries/STM32F4xx_StdPeriph_Driver/src/stm32f4xx_rng.c ****   *            @arg RNG_IT_SEI: Seed Error Interrupt.
 372:libraries/STM32F4xx_StdPeriph_Driver/src/stm32f4xx_rng.c ****   * @retval None
 373:libraries/STM32F4xx_StdPeriph_Driver/src/stm32f4xx_rng.c ****   */
 374:libraries/STM32F4xx_StdPeriph_Driver/src/stm32f4xx_rng.c **** void RNG_ClearITPendingBit(uint8_t RNG_IT)
 375:libraries/STM32F4xx_StdPeriph_Driver/src/stm32f4xx_rng.c **** {
 298              		.loc 1 375 1 is_stmt 1 view -0
 299              		.cfi_startproc
 300              		@ args = 0, pretend = 0, frame = 0
 301              		@ frame_needed = 0, uses_anonymous_args = 0
 302              		@ link register save eliminated.
 376:libraries/STM32F4xx_StdPeriph_Driver/src/stm32f4xx_rng.c ****   /* Check the parameters */
 377:libraries/STM32F4xx_StdPeriph_Driver/src/stm32f4xx_rng.c ****   assert_param(IS_RNG_IT(RNG_IT));
 303              		.loc 1 377 3 view .LVU59
 378:libraries/STM32F4xx_StdPeriph_Driver/src/stm32f4xx_rng.c **** 
 379:libraries/STM32F4xx_StdPeriph_Driver/src/stm32f4xx_rng.c ****   /* Clear the selected RNG interrupt pending bit */
 380:libraries/STM32F4xx_StdPeriph_Driver/src/stm32f4xx_rng.c ****   RNG->SR = (uint8_t)~RNG_IT;
 304              		.loc 1 380 3 view .LVU60
 305              		.loc 1 380 13 is_stmt 0 view .LVU61
 306 0000 C043     		mvns	r0, r0
 307              	.LVL15:
 308              		.loc 1 380 13 view .LVU62
 309 0002 C0B2     		uxtb	r0, r0
 310              	.LVL16:
 311              		.loc 1 380 11 view .LVU63
 312 0004 014B     		ldr	r3, .L30
 313 0006 5860     		str	r0, [r3, #4]
 381:libraries/STM32F4xx_StdPeriph_Driver/src/stm32f4xx_rng.c **** }
 314              		.loc 1 381 1 view .LVU64
 315 0008 7047     		bx	lr
 316              	.L31:
 317 000a 00BF     		.align	2
 318              	.L30:
ARM GAS  C:\Users\ktkuru\AppData\Local\Temp\ccDRV4Me.s 			page 13


 319 000c 00080650 		.word	1342572544
 320              		.cfi_endproc
 321              	.LFE130:
 323              		.text
 324              	.Letext0:
 325              		.file 2 "C:/Program Files (x86)/Arm GNU Toolchain arm-none-eabi/13.3 rel1/arm-none-eabi/include/ma
 326              		.file 3 "C:/Program Files (x86)/Arm GNU Toolchain arm-none-eabi/13.3 rel1/arm-none-eabi/include/sy
 327              		.file 4 "libraries/CMSIS/Device/ST/STM32F4xx/include/stm32f4xx.h"
 328              		.file 5 "libraries/STM32F4xx_StdPeriph_Driver/inc/stm32f4xx_rcc.h"
ARM GAS  C:\Users\ktkuru\AppData\Local\Temp\ccDRV4Me.s 			page 14


DEFINED SYMBOLS
                            *ABS*:00000000 stm32f4xx_rng.c
C:\Users\ktkuru\AppData\Local\Temp\ccDRV4Me.s:21     .text.RNG_DeInit:00000000 $t
C:\Users\ktkuru\AppData\Local\Temp\ccDRV4Me.s:27     .text.RNG_DeInit:00000000 RNG_DeInit
C:\Users\ktkuru\AppData\Local\Temp\ccDRV4Me.s:54     .text.RNG_Cmd:00000000 $t
C:\Users\ktkuru\AppData\Local\Temp\ccDRV4Me.s:60     .text.RNG_Cmd:00000000 RNG_Cmd
C:\Users\ktkuru\AppData\Local\Temp\ccDRV4Me.s:93     .text.RNG_Cmd:0000001c $d
C:\Users\ktkuru\AppData\Local\Temp\ccDRV4Me.s:98     .text.RNG_GetRandomNumber:00000000 $t
C:\Users\ktkuru\AppData\Local\Temp\ccDRV4Me.s:104    .text.RNG_GetRandomNumber:00000000 RNG_GetRandomNumber
C:\Users\ktkuru\AppData\Local\Temp\ccDRV4Me.s:120    .text.RNG_GetRandomNumber:00000008 $d
C:\Users\ktkuru\AppData\Local\Temp\ccDRV4Me.s:125    .text.RNG_ITConfig:00000000 $t
C:\Users\ktkuru\AppData\Local\Temp\ccDRV4Me.s:131    .text.RNG_ITConfig:00000000 RNG_ITConfig
C:\Users\ktkuru\AppData\Local\Temp\ccDRV4Me.s:164    .text.RNG_ITConfig:0000001c $d
C:\Users\ktkuru\AppData\Local\Temp\ccDRV4Me.s:169    .text.RNG_GetFlagStatus:00000000 $t
C:\Users\ktkuru\AppData\Local\Temp\ccDRV4Me.s:175    .text.RNG_GetFlagStatus:00000000 RNG_GetFlagStatus
C:\Users\ktkuru\AppData\Local\Temp\ccDRV4Me.s:208    .text.RNG_GetFlagStatus:00000010 $d
C:\Users\ktkuru\AppData\Local\Temp\ccDRV4Me.s:213    .text.RNG_ClearFlag:00000000 $t
C:\Users\ktkuru\AppData\Local\Temp\ccDRV4Me.s:219    .text.RNG_ClearFlag:00000000 RNG_ClearFlag
C:\Users\ktkuru\AppData\Local\Temp\ccDRV4Me.s:240    .text.RNG_ClearFlag:0000000c $d
C:\Users\ktkuru\AppData\Local\Temp\ccDRV4Me.s:245    .text.RNG_GetITStatus:00000000 $t
C:\Users\ktkuru\AppData\Local\Temp\ccDRV4Me.s:251    .text.RNG_GetITStatus:00000000 RNG_GetITStatus
C:\Users\ktkuru\AppData\Local\Temp\ccDRV4Me.s:284    .text.RNG_GetITStatus:00000010 $d
C:\Users\ktkuru\AppData\Local\Temp\ccDRV4Me.s:289    .text.RNG_ClearITPendingBit:00000000 $t
C:\Users\ktkuru\AppData\Local\Temp\ccDRV4Me.s:295    .text.RNG_ClearITPendingBit:00000000 RNG_ClearITPendingBit
C:\Users\ktkuru\AppData\Local\Temp\ccDRV4Me.s:319    .text.RNG_ClearITPendingBit:0000000c $d

UNDEFINED SYMBOLS
RCC_AHB2PeriphResetCmd
