ARM GAS  C:\Users\ktkuru\AppData\Local\Temp\ccoXdUHq.s 			page 1


   1              		.cpu cortex-m4
   2              		.arch armv7e-m
   3              		.fpu fpv4-sp-d16
   4              		.eabi_attribute 27, 1
   5              		.eabi_attribute 28, 1
   6              		.eabi_attribute 20, 1
   7              		.eabi_attribute 21, 1
   8              		.eabi_attribute 23, 3
   9              		.eabi_attribute 24, 1
  10              		.eabi_attribute 25, 1
  11              		.eabi_attribute 26, 1
  12              		.eabi_attribute 30, 1
  13              		.eabi_attribute 34, 1
  14              		.eabi_attribute 18, 4
  15              		.file	"stm32f4xx_syscfg.c"
  16              		.text
  17              	.Ltext0:
  18              		.cfi_sections	.debug_frame
  19              		.file 1 "libraries/STM32F4xx_StdPeriph_Driver/src/stm32f4xx_syscfg.c"
  20              		.section	.text.SYSCFG_DeInit,"ax",%progbits
  21              		.align	1
  22              		.global	SYSCFG_DeInit
  23              		.syntax unified
  24              		.thumb
  25              		.thumb_func
  27              	SYSCFG_DeInit:
  28              	.LFB123:
   1:libraries/STM32F4xx_StdPeriph_Driver/src/stm32f4xx_syscfg.c **** /**
   2:libraries/STM32F4xx_StdPeriph_Driver/src/stm32f4xx_syscfg.c ****   ******************************************************************************
   3:libraries/STM32F4xx_StdPeriph_Driver/src/stm32f4xx_syscfg.c ****   * @file    stm32f4xx_syscfg.c
   4:libraries/STM32F4xx_StdPeriph_Driver/src/stm32f4xx_syscfg.c ****   * @author  MCD Application Team
   5:libraries/STM32F4xx_StdPeriph_Driver/src/stm32f4xx_syscfg.c ****   * @version V1.8.1
   6:libraries/STM32F4xx_StdPeriph_Driver/src/stm32f4xx_syscfg.c ****   * @date    27-January-2022
   7:libraries/STM32F4xx_StdPeriph_Driver/src/stm32f4xx_syscfg.c ****   * @brief   This file provides firmware functions to manage the SYSCFG peripheral.
   8:libraries/STM32F4xx_StdPeriph_Driver/src/stm32f4xx_syscfg.c ****   *
   9:libraries/STM32F4xx_StdPeriph_Driver/src/stm32f4xx_syscfg.c ****  @verbatim
  10:libraries/STM32F4xx_StdPeriph_Driver/src/stm32f4xx_syscfg.c ****     
  11:libraries/STM32F4xx_StdPeriph_Driver/src/stm32f4xx_syscfg.c ****  ===============================================================================
  12:libraries/STM32F4xx_StdPeriph_Driver/src/stm32f4xx_syscfg.c ****                      ##### How to use this driver #####
  13:libraries/STM32F4xx_StdPeriph_Driver/src/stm32f4xx_syscfg.c ****  ===============================================================================
  14:libraries/STM32F4xx_StdPeriph_Driver/src/stm32f4xx_syscfg.c ****     [..] This driver provides functions for:
  15:libraries/STM32F4xx_StdPeriph_Driver/src/stm32f4xx_syscfg.c ****             
  16:libraries/STM32F4xx_StdPeriph_Driver/src/stm32f4xx_syscfg.c ****        (#) Remapping the memory accessible in the code area using SYSCFG_MemoryRemapConfig()
  17:libraries/STM32F4xx_StdPeriph_Driver/src/stm32f4xx_syscfg.c ****             
  18:libraries/STM32F4xx_StdPeriph_Driver/src/stm32f4xx_syscfg.c ****        (#) Swapping the internal flash Bank1 and Bank2 this features is only visible for 
  19:libraries/STM32F4xx_StdPeriph_Driver/src/stm32f4xx_syscfg.c ****            STM32F42xxx/43xxx devices Devices. 
  20:libraries/STM32F4xx_StdPeriph_Driver/src/stm32f4xx_syscfg.c ****                 
  21:libraries/STM32F4xx_StdPeriph_Driver/src/stm32f4xx_syscfg.c ****        (#) Manage the EXTI lines connection to the GPIOs using SYSCFG_EXTILineConfig()
  22:libraries/STM32F4xx_StdPeriph_Driver/src/stm32f4xx_syscfg.c ****               
  23:libraries/STM32F4xx_StdPeriph_Driver/src/stm32f4xx_syscfg.c ****        (#) Select the ETHERNET media interface (RMII/RII) using SYSCFG_ETH_MediaInterfaceConfig()
  24:libraries/STM32F4xx_StdPeriph_Driver/src/stm32f4xx_syscfg.c ****   
  25:libraries/STM32F4xx_StdPeriph_Driver/src/stm32f4xx_syscfg.c ****        -@- SYSCFG APB clock must be enabled to get write access to SYSCFG registers,
  26:libraries/STM32F4xx_StdPeriph_Driver/src/stm32f4xx_syscfg.c ****            using RCC_APB2PeriphClockCmd(RCC_APB2Periph_SYSCFG, ENABLE);
  27:libraries/STM32F4xx_StdPeriph_Driver/src/stm32f4xx_syscfg.c ****                    
  28:libraries/STM32F4xx_StdPeriph_Driver/src/stm32f4xx_syscfg.c ****  @endverbatim      
  29:libraries/STM32F4xx_StdPeriph_Driver/src/stm32f4xx_syscfg.c ****   ******************************************************************************
  30:libraries/STM32F4xx_StdPeriph_Driver/src/stm32f4xx_syscfg.c ****   * @attention
ARM GAS  C:\Users\ktkuru\AppData\Local\Temp\ccoXdUHq.s 			page 2


  31:libraries/STM32F4xx_StdPeriph_Driver/src/stm32f4xx_syscfg.c ****   *
  32:libraries/STM32F4xx_StdPeriph_Driver/src/stm32f4xx_syscfg.c ****   * Copyright (c) 2016 STMicroelectronics.
  33:libraries/STM32F4xx_StdPeriph_Driver/src/stm32f4xx_syscfg.c ****   * All rights reserved.
  34:libraries/STM32F4xx_StdPeriph_Driver/src/stm32f4xx_syscfg.c ****   *
  35:libraries/STM32F4xx_StdPeriph_Driver/src/stm32f4xx_syscfg.c ****   * This software is licensed under terms that can be found in the LICENSE file
  36:libraries/STM32F4xx_StdPeriph_Driver/src/stm32f4xx_syscfg.c ****   * in the root directory of this software component.
  37:libraries/STM32F4xx_StdPeriph_Driver/src/stm32f4xx_syscfg.c ****   * If no LICENSE file comes with this software, it is provided AS-IS.
  38:libraries/STM32F4xx_StdPeriph_Driver/src/stm32f4xx_syscfg.c ****   *
  39:libraries/STM32F4xx_StdPeriph_Driver/src/stm32f4xx_syscfg.c ****   ******************************************************************************
  40:libraries/STM32F4xx_StdPeriph_Driver/src/stm32f4xx_syscfg.c ****   */
  41:libraries/STM32F4xx_StdPeriph_Driver/src/stm32f4xx_syscfg.c **** 
  42:libraries/STM32F4xx_StdPeriph_Driver/src/stm32f4xx_syscfg.c **** /* Includes ------------------------------------------------------------------*/
  43:libraries/STM32F4xx_StdPeriph_Driver/src/stm32f4xx_syscfg.c **** #include "stm32f4xx_syscfg.h"
  44:libraries/STM32F4xx_StdPeriph_Driver/src/stm32f4xx_syscfg.c **** #include "stm32f4xx_rcc.h"
  45:libraries/STM32F4xx_StdPeriph_Driver/src/stm32f4xx_syscfg.c **** 
  46:libraries/STM32F4xx_StdPeriph_Driver/src/stm32f4xx_syscfg.c **** /** @addtogroup STM32F4xx_StdPeriph_Driver
  47:libraries/STM32F4xx_StdPeriph_Driver/src/stm32f4xx_syscfg.c ****   * @{
  48:libraries/STM32F4xx_StdPeriph_Driver/src/stm32f4xx_syscfg.c ****   */
  49:libraries/STM32F4xx_StdPeriph_Driver/src/stm32f4xx_syscfg.c **** 
  50:libraries/STM32F4xx_StdPeriph_Driver/src/stm32f4xx_syscfg.c **** /** @defgroup SYSCFG 
  51:libraries/STM32F4xx_StdPeriph_Driver/src/stm32f4xx_syscfg.c ****   * @brief SYSCFG driver modules
  52:libraries/STM32F4xx_StdPeriph_Driver/src/stm32f4xx_syscfg.c ****   * @{
  53:libraries/STM32F4xx_StdPeriph_Driver/src/stm32f4xx_syscfg.c ****   */ 
  54:libraries/STM32F4xx_StdPeriph_Driver/src/stm32f4xx_syscfg.c **** 
  55:libraries/STM32F4xx_StdPeriph_Driver/src/stm32f4xx_syscfg.c **** /* Private typedef -----------------------------------------------------------*/
  56:libraries/STM32F4xx_StdPeriph_Driver/src/stm32f4xx_syscfg.c **** /* Private define ------------------------------------------------------------*/
  57:libraries/STM32F4xx_StdPeriph_Driver/src/stm32f4xx_syscfg.c **** /* ------------ RCC registers bit address in the alias region ----------- */
  58:libraries/STM32F4xx_StdPeriph_Driver/src/stm32f4xx_syscfg.c **** #define SYSCFG_OFFSET             (SYSCFG_BASE - PERIPH_BASE)
  59:libraries/STM32F4xx_StdPeriph_Driver/src/stm32f4xx_syscfg.c **** /* ---  MEMRMP Register ---*/ 
  60:libraries/STM32F4xx_StdPeriph_Driver/src/stm32f4xx_syscfg.c **** /* Alias word address of UFB_MODE bit */ 
  61:libraries/STM32F4xx_StdPeriph_Driver/src/stm32f4xx_syscfg.c **** #define MEMRMP_OFFSET             SYSCFG_OFFSET 
  62:libraries/STM32F4xx_StdPeriph_Driver/src/stm32f4xx_syscfg.c **** #define UFB_MODE_BitNumber        ((uint8_t)0x8) 
  63:libraries/STM32F4xx_StdPeriph_Driver/src/stm32f4xx_syscfg.c **** #define UFB_MODE_BB               (PERIPH_BB_BASE + (MEMRMP_OFFSET * 32) + (UFB_MODE_BitNumber * 4)
  64:libraries/STM32F4xx_StdPeriph_Driver/src/stm32f4xx_syscfg.c ****     
  65:libraries/STM32F4xx_StdPeriph_Driver/src/stm32f4xx_syscfg.c **** /* ---  PMC Register ---*/ 
  66:libraries/STM32F4xx_StdPeriph_Driver/src/stm32f4xx_syscfg.c **** /* Alias word address of MII_RMII_SEL bit */ 
  67:libraries/STM32F4xx_StdPeriph_Driver/src/stm32f4xx_syscfg.c **** #define PMC_OFFSET                (SYSCFG_OFFSET + 0x04) 
  68:libraries/STM32F4xx_StdPeriph_Driver/src/stm32f4xx_syscfg.c **** #define MII_RMII_SEL_BitNumber    ((uint8_t)0x17) 
  69:libraries/STM32F4xx_StdPeriph_Driver/src/stm32f4xx_syscfg.c **** #define PMC_MII_RMII_SEL_BB       (PERIPH_BB_BASE + (PMC_OFFSET * 32) + (MII_RMII_SEL_BitNumber * 4
  70:libraries/STM32F4xx_StdPeriph_Driver/src/stm32f4xx_syscfg.c ****     
  71:libraries/STM32F4xx_StdPeriph_Driver/src/stm32f4xx_syscfg.c **** /* ---  CMPCR Register ---*/ 
  72:libraries/STM32F4xx_StdPeriph_Driver/src/stm32f4xx_syscfg.c **** /* Alias word address of CMP_PD bit */ 
  73:libraries/STM32F4xx_StdPeriph_Driver/src/stm32f4xx_syscfg.c **** #define CMPCR_OFFSET              (SYSCFG_OFFSET + 0x20) 
  74:libraries/STM32F4xx_StdPeriph_Driver/src/stm32f4xx_syscfg.c **** #define CMP_PD_BitNumber          ((uint8_t)0x00) 
  75:libraries/STM32F4xx_StdPeriph_Driver/src/stm32f4xx_syscfg.c **** #define CMPCR_CMP_PD_BB           (PERIPH_BB_BASE + (CMPCR_OFFSET * 32) + (CMP_PD_BitNumber * 4)) 
  76:libraries/STM32F4xx_StdPeriph_Driver/src/stm32f4xx_syscfg.c **** 
  77:libraries/STM32F4xx_StdPeriph_Driver/src/stm32f4xx_syscfg.c **** /* ---  MCHDLYCR Register ---*/ 
  78:libraries/STM32F4xx_StdPeriph_Driver/src/stm32f4xx_syscfg.c **** /* Alias word address of BSCKSEL bit */ 
  79:libraries/STM32F4xx_StdPeriph_Driver/src/stm32f4xx_syscfg.c **** #define MCHDLYCR_OFFSET            (SYSCFG_OFFSET + 0x30) 
  80:libraries/STM32F4xx_StdPeriph_Driver/src/stm32f4xx_syscfg.c **** #define BSCKSEL_BIT_NUMBER         POSITION_VAL(SYSCFG_MCHDLYCR_BSCKSEL)
  81:libraries/STM32F4xx_StdPeriph_Driver/src/stm32f4xx_syscfg.c **** #define MCHDLYCR_BSCKSEL_BB        (uint32_t)(PERIPH_BB_BASE + (MCHDLYCR_OFFSET * 32) + (BSCKSEL_BI
  82:libraries/STM32F4xx_StdPeriph_Driver/src/stm32f4xx_syscfg.c **** 
  83:libraries/STM32F4xx_StdPeriph_Driver/src/stm32f4xx_syscfg.c **** /* Private macro -------------------------------------------------------------*/
  84:libraries/STM32F4xx_StdPeriph_Driver/src/stm32f4xx_syscfg.c **** /* Private variables ---------------------------------------------------------*/
  85:libraries/STM32F4xx_StdPeriph_Driver/src/stm32f4xx_syscfg.c **** /* Private function prototypes -----------------------------------------------*/
  86:libraries/STM32F4xx_StdPeriph_Driver/src/stm32f4xx_syscfg.c **** /* Private functions ---------------------------------------------------------*/
  87:libraries/STM32F4xx_StdPeriph_Driver/src/stm32f4xx_syscfg.c **** 
ARM GAS  C:\Users\ktkuru\AppData\Local\Temp\ccoXdUHq.s 			page 3


  88:libraries/STM32F4xx_StdPeriph_Driver/src/stm32f4xx_syscfg.c **** /** @defgroup SYSCFG_Private_Functions
  89:libraries/STM32F4xx_StdPeriph_Driver/src/stm32f4xx_syscfg.c ****   * @{
  90:libraries/STM32F4xx_StdPeriph_Driver/src/stm32f4xx_syscfg.c ****   */ 
  91:libraries/STM32F4xx_StdPeriph_Driver/src/stm32f4xx_syscfg.c **** 
  92:libraries/STM32F4xx_StdPeriph_Driver/src/stm32f4xx_syscfg.c **** /**
  93:libraries/STM32F4xx_StdPeriph_Driver/src/stm32f4xx_syscfg.c ****   * @brief  Deinitializes the Alternate Functions (remap and EXTI configuration)
  94:libraries/STM32F4xx_StdPeriph_Driver/src/stm32f4xx_syscfg.c ****   *   registers to their default reset values.
  95:libraries/STM32F4xx_StdPeriph_Driver/src/stm32f4xx_syscfg.c ****   * @param  None
  96:libraries/STM32F4xx_StdPeriph_Driver/src/stm32f4xx_syscfg.c ****   * @retval None
  97:libraries/STM32F4xx_StdPeriph_Driver/src/stm32f4xx_syscfg.c ****   */
  98:libraries/STM32F4xx_StdPeriph_Driver/src/stm32f4xx_syscfg.c **** void SYSCFG_DeInit(void)
  99:libraries/STM32F4xx_StdPeriph_Driver/src/stm32f4xx_syscfg.c **** {
  29              		.loc 1 99 1 view -0
  30              		.cfi_startproc
  31              		@ args = 0, pretend = 0, frame = 0
  32              		@ frame_needed = 0, uses_anonymous_args = 0
  33 0000 08B5     		push	{r3, lr}
  34              	.LCFI0:
  35              		.cfi_def_cfa_offset 8
  36              		.cfi_offset 3, -8
  37              		.cfi_offset 14, -4
 100:libraries/STM32F4xx_StdPeriph_Driver/src/stm32f4xx_syscfg.c ****    RCC_APB2PeriphResetCmd(RCC_APB2Periph_SYSCFG, ENABLE);
  38              		.loc 1 100 4 view .LVU1
  39 0002 0121     		movs	r1, #1
  40 0004 4FF48040 		mov	r0, #16384
  41 0008 FFF7FEFF 		bl	RCC_APB2PeriphResetCmd
  42              	.LVL0:
 101:libraries/STM32F4xx_StdPeriph_Driver/src/stm32f4xx_syscfg.c ****    RCC_APB2PeriphResetCmd(RCC_APB2Periph_SYSCFG, DISABLE);
  43              		.loc 1 101 4 view .LVU2
  44 000c 0021     		movs	r1, #0
  45 000e 4FF48040 		mov	r0, #16384
  46 0012 FFF7FEFF 		bl	RCC_APB2PeriphResetCmd
  47              	.LVL1:
 102:libraries/STM32F4xx_StdPeriph_Driver/src/stm32f4xx_syscfg.c **** }
  48              		.loc 1 102 1 is_stmt 0 view .LVU3
  49 0016 08BD     		pop	{r3, pc}
  50              		.cfi_endproc
  51              	.LFE123:
  53              		.section	.text.SYSCFG_MemoryRemapConfig,"ax",%progbits
  54              		.align	1
  55              		.global	SYSCFG_MemoryRemapConfig
  56              		.syntax unified
  57              		.thumb
  58              		.thumb_func
  60              	SYSCFG_MemoryRemapConfig:
  61              	.LVL2:
  62              	.LFB124:
 103:libraries/STM32F4xx_StdPeriph_Driver/src/stm32f4xx_syscfg.c **** 
 104:libraries/STM32F4xx_StdPeriph_Driver/src/stm32f4xx_syscfg.c **** /**
 105:libraries/STM32F4xx_StdPeriph_Driver/src/stm32f4xx_syscfg.c ****   * @brief  Changes the mapping of the specified pin.
 106:libraries/STM32F4xx_StdPeriph_Driver/src/stm32f4xx_syscfg.c ****   * @param  SYSCFG_Memory: selects the memory remapping.
 107:libraries/STM32F4xx_StdPeriph_Driver/src/stm32f4xx_syscfg.c ****   *         This parameter can be one of the following values:
 108:libraries/STM32F4xx_StdPeriph_Driver/src/stm32f4xx_syscfg.c ****   *            @arg SYSCFG_MemoryRemap_Flash:       Main Flash memory mapped at 0x00000000  
 109:libraries/STM32F4xx_StdPeriph_Driver/src/stm32f4xx_syscfg.c ****   *            @arg SYSCFG_MemoryRemap_SystemFlash: System Flash memory mapped at 0x00000000
 110:libraries/STM32F4xx_StdPeriph_Driver/src/stm32f4xx_syscfg.c ****   *            @arg SYSCFG_MemoryRemap_FSMC:        FSMC (Bank1 (NOR/PSRAM 1 and 2) mapped at 0x000
 111:libraries/STM32F4xx_StdPeriph_Driver/src/stm32f4xx_syscfg.c ****   *            @arg SYSCFG_MemoryRemap_FMC:         FMC (Bank1 (NOR/PSRAM 1 and 2) mapped at 0x0000
 112:libraries/STM32F4xx_StdPeriph_Driver/src/stm32f4xx_syscfg.c ****   *            @arg SYSCFG_MemoryRemap_ExtMEM:      External Memory mapped at 0x00000000 for STM32F
ARM GAS  C:\Users\ktkuru\AppData\Local\Temp\ccoXdUHq.s 			page 4


 113:libraries/STM32F4xx_StdPeriph_Driver/src/stm32f4xx_syscfg.c ****   *            @arg SYSCFG_MemoryRemap_SRAM:        Embedded SRAM (112kB) mapped at 0x00000000
 114:libraries/STM32F4xx_StdPeriph_Driver/src/stm32f4xx_syscfg.c ****   *            @arg SYSCFG_MemoryRemap_SDRAM:       FMC (External SDRAM)  mapped at 0x00000000 for 
 115:libraries/STM32F4xx_StdPeriph_Driver/src/stm32f4xx_syscfg.c ****   * @retval None
 116:libraries/STM32F4xx_StdPeriph_Driver/src/stm32f4xx_syscfg.c ****   */
 117:libraries/STM32F4xx_StdPeriph_Driver/src/stm32f4xx_syscfg.c **** void SYSCFG_MemoryRemapConfig(uint8_t SYSCFG_MemoryRemap)
 118:libraries/STM32F4xx_StdPeriph_Driver/src/stm32f4xx_syscfg.c **** {
  63              		.loc 1 118 1 is_stmt 1 view -0
  64              		.cfi_startproc
  65              		@ args = 0, pretend = 0, frame = 0
  66              		@ frame_needed = 0, uses_anonymous_args = 0
  67              		@ link register save eliminated.
 119:libraries/STM32F4xx_StdPeriph_Driver/src/stm32f4xx_syscfg.c ****   /* Check the parameters */
 120:libraries/STM32F4xx_StdPeriph_Driver/src/stm32f4xx_syscfg.c ****   assert_param(IS_SYSCFG_MEMORY_REMAP_CONFING(SYSCFG_MemoryRemap));
  68              		.loc 1 120 3 view .LVU5
 121:libraries/STM32F4xx_StdPeriph_Driver/src/stm32f4xx_syscfg.c **** 
 122:libraries/STM32F4xx_StdPeriph_Driver/src/stm32f4xx_syscfg.c ****   SYSCFG->MEMRMP = SYSCFG_MemoryRemap;
  69              		.loc 1 122 3 view .LVU6
  70              		.loc 1 122 18 is_stmt 0 view .LVU7
  71 0000 014B     		ldr	r3, .L4
  72 0002 1860     		str	r0, [r3]
 123:libraries/STM32F4xx_StdPeriph_Driver/src/stm32f4xx_syscfg.c **** }
  73              		.loc 1 123 1 view .LVU8
  74 0004 7047     		bx	lr
  75              	.L5:
  76 0006 00BF     		.align	2
  77              	.L4:
  78 0008 00380140 		.word	1073821696
  79              		.cfi_endproc
  80              	.LFE124:
  82              		.section	.text.SYSCFG_MemorySwappingBank,"ax",%progbits
  83              		.align	1
  84              		.global	SYSCFG_MemorySwappingBank
  85              		.syntax unified
  86              		.thumb
  87              		.thumb_func
  89              	SYSCFG_MemorySwappingBank:
  90              	.LVL3:
  91              	.LFB125:
 124:libraries/STM32F4xx_StdPeriph_Driver/src/stm32f4xx_syscfg.c **** 
 125:libraries/STM32F4xx_StdPeriph_Driver/src/stm32f4xx_syscfg.c **** /**
 126:libraries/STM32F4xx_StdPeriph_Driver/src/stm32f4xx_syscfg.c ****   * @brief  Enables or disables the Internal FLASH Bank Swapping.
 127:libraries/STM32F4xx_StdPeriph_Driver/src/stm32f4xx_syscfg.c ****   *   
 128:libraries/STM32F4xx_StdPeriph_Driver/src/stm32f4xx_syscfg.c ****   * @note   This function can be used only for STM32F42xxx/43xxx devices. 
 129:libraries/STM32F4xx_StdPeriph_Driver/src/stm32f4xx_syscfg.c ****   *
 130:libraries/STM32F4xx_StdPeriph_Driver/src/stm32f4xx_syscfg.c ****   * @param  NewState: new state of Internal FLASH Bank swapping.
 131:libraries/STM32F4xx_StdPeriph_Driver/src/stm32f4xx_syscfg.c ****   *          This parameter can be one of the following values:
 132:libraries/STM32F4xx_StdPeriph_Driver/src/stm32f4xx_syscfg.c ****   *            @arg ENABLE: Flash Bank2 mapped at 0x08000000 (and aliased @0x00000000) 
 133:libraries/STM32F4xx_StdPeriph_Driver/src/stm32f4xx_syscfg.c ****   *                         and Flash Bank1 mapped at 0x08100000 (and aliased at 0x00100000)   
 134:libraries/STM32F4xx_StdPeriph_Driver/src/stm32f4xx_syscfg.c ****   *            @arg DISABLE:(the default state) Flash Bank1 mapped at 0x08000000 (and aliased @0x00
 135:libraries/STM32F4xx_StdPeriph_Driver/src/stm32f4xx_syscfg.c ****                             and Flash Bank2 mapped at 0x08100000 (and aliased at 0x00100000)  
 136:libraries/STM32F4xx_StdPeriph_Driver/src/stm32f4xx_syscfg.c ****   * @retval None
 137:libraries/STM32F4xx_StdPeriph_Driver/src/stm32f4xx_syscfg.c ****   */
 138:libraries/STM32F4xx_StdPeriph_Driver/src/stm32f4xx_syscfg.c **** void SYSCFG_MemorySwappingBank(FunctionalState NewState)
 139:libraries/STM32F4xx_StdPeriph_Driver/src/stm32f4xx_syscfg.c **** {
  92              		.loc 1 139 1 is_stmt 1 view -0
  93              		.cfi_startproc
  94              		@ args = 0, pretend = 0, frame = 0
ARM GAS  C:\Users\ktkuru\AppData\Local\Temp\ccoXdUHq.s 			page 5


  95              		@ frame_needed = 0, uses_anonymous_args = 0
  96              		@ link register save eliminated.
 140:libraries/STM32F4xx_StdPeriph_Driver/src/stm32f4xx_syscfg.c ****   /* Check the parameters */
 141:libraries/STM32F4xx_StdPeriph_Driver/src/stm32f4xx_syscfg.c ****   assert_param(IS_FUNCTIONAL_STATE(NewState));
  97              		.loc 1 141 3 view .LVU10
 142:libraries/STM32F4xx_StdPeriph_Driver/src/stm32f4xx_syscfg.c **** 
 143:libraries/STM32F4xx_StdPeriph_Driver/src/stm32f4xx_syscfg.c ****   *(__IO uint32_t *) UFB_MODE_BB = (uint32_t)NewState;
  98              		.loc 1 143 3 view .LVU11
  99              		.loc 1 143 34 is_stmt 0 view .LVU12
 100 0000 014B     		ldr	r3, .L7
 101 0002 1862     		str	r0, [r3, #32]
 144:libraries/STM32F4xx_StdPeriph_Driver/src/stm32f4xx_syscfg.c **** }
 102              		.loc 1 144 1 view .LVU13
 103 0004 7047     		bx	lr
 104              	.L8:
 105 0006 00BF     		.align	2
 106              	.L7:
 107 0008 00002742 		.word	1109852160
 108              		.cfi_endproc
 109              	.LFE125:
 111              		.section	.text.SYSCFG_EXTILineConfig,"ax",%progbits
 112              		.align	1
 113              		.global	SYSCFG_EXTILineConfig
 114              		.syntax unified
 115              		.thumb
 116              		.thumb_func
 118              	SYSCFG_EXTILineConfig:
 119              	.LVL4:
 120              	.LFB126:
 145:libraries/STM32F4xx_StdPeriph_Driver/src/stm32f4xx_syscfg.c **** 
 146:libraries/STM32F4xx_StdPeriph_Driver/src/stm32f4xx_syscfg.c **** /**
 147:libraries/STM32F4xx_StdPeriph_Driver/src/stm32f4xx_syscfg.c ****   * @brief  Selects the GPIO pin used as EXTI Line.
 148:libraries/STM32F4xx_StdPeriph_Driver/src/stm32f4xx_syscfg.c ****   * @param  EXTI_PortSourceGPIOx : selects the GPIO port to be used as source for
 149:libraries/STM32F4xx_StdPeriph_Driver/src/stm32f4xx_syscfg.c ****   *          EXTI lines where x can be (A..K) for STM32F42xxx/43xxx devices, (A..I) 
 150:libraries/STM32F4xx_StdPeriph_Driver/src/stm32f4xx_syscfg.c ****   *          for STM32F405xx/407xx and STM32F415xx/417xx devices or (A, B, C, D and H)
 151:libraries/STM32F4xx_StdPeriph_Driver/src/stm32f4xx_syscfg.c ****   *          for STM32401xx devices.  
 152:libraries/STM32F4xx_StdPeriph_Driver/src/stm32f4xx_syscfg.c ****   *            
 153:libraries/STM32F4xx_StdPeriph_Driver/src/stm32f4xx_syscfg.c ****   * @param  EXTI_PinSourcex: specifies the EXTI line to be configured.
 154:libraries/STM32F4xx_StdPeriph_Driver/src/stm32f4xx_syscfg.c ****   *           This parameter can be EXTI_PinSourcex where x can be (0..15, except
 155:libraries/STM32F4xx_StdPeriph_Driver/src/stm32f4xx_syscfg.c ****   *           for EXTI_PortSourceGPIOI x can be (0..11) for STM32F405xx/407xx
 156:libraries/STM32F4xx_StdPeriph_Driver/src/stm32f4xx_syscfg.c ****   *           and STM32F405xx/407xx devices and for EXTI_PortSourceGPIOK x can   
 157:libraries/STM32F4xx_StdPeriph_Driver/src/stm32f4xx_syscfg.c ****   *           be (0..7) for STM32F42xxx/43xxx devices. 
 158:libraries/STM32F4xx_StdPeriph_Driver/src/stm32f4xx_syscfg.c ****   *             
 159:libraries/STM32F4xx_StdPeriph_Driver/src/stm32f4xx_syscfg.c ****   * @retval None
 160:libraries/STM32F4xx_StdPeriph_Driver/src/stm32f4xx_syscfg.c ****   */
 161:libraries/STM32F4xx_StdPeriph_Driver/src/stm32f4xx_syscfg.c **** void SYSCFG_EXTILineConfig(uint8_t EXTI_PortSourceGPIOx, uint8_t EXTI_PinSourcex)
 162:libraries/STM32F4xx_StdPeriph_Driver/src/stm32f4xx_syscfg.c **** {
 121              		.loc 1 162 1 is_stmt 1 view -0
 122              		.cfi_startproc
 123              		@ args = 0, pretend = 0, frame = 0
 124              		@ frame_needed = 0, uses_anonymous_args = 0
 125              		@ link register save eliminated.
 126              		.loc 1 162 1 is_stmt 0 view .LVU15
 127 0000 10B4     		push	{r4}
 128              	.LCFI1:
 129              		.cfi_def_cfa_offset 4
 130              		.cfi_offset 4, -4
ARM GAS  C:\Users\ktkuru\AppData\Local\Temp\ccoXdUHq.s 			page 6


 163:libraries/STM32F4xx_StdPeriph_Driver/src/stm32f4xx_syscfg.c ****   uint32_t tmp = 0x00;
 131              		.loc 1 163 3 is_stmt 1 view .LVU16
 132              	.LVL5:
 164:libraries/STM32F4xx_StdPeriph_Driver/src/stm32f4xx_syscfg.c **** 
 165:libraries/STM32F4xx_StdPeriph_Driver/src/stm32f4xx_syscfg.c ****   /* Check the parameters */
 166:libraries/STM32F4xx_StdPeriph_Driver/src/stm32f4xx_syscfg.c ****   assert_param(IS_EXTI_PORT_SOURCE(EXTI_PortSourceGPIOx));
 133              		.loc 1 166 3 view .LVU17
 167:libraries/STM32F4xx_StdPeriph_Driver/src/stm32f4xx_syscfg.c ****   assert_param(IS_EXTI_PIN_SOURCE(EXTI_PinSourcex));
 134              		.loc 1 167 3 view .LVU18
 168:libraries/STM32F4xx_StdPeriph_Driver/src/stm32f4xx_syscfg.c **** 
 169:libraries/STM32F4xx_StdPeriph_Driver/src/stm32f4xx_syscfg.c ****   tmp = ((uint32_t)0x0F) << (0x04 * (EXTI_PinSourcex & (uint8_t)0x03));
 135              		.loc 1 169 3 view .LVU19
 136              		.loc 1 169 54 is_stmt 0 view .LVU20
 137 0002 01F00302 		and	r2, r1, #3
 138              		.loc 1 169 35 view .LVU21
 139 0006 9200     		lsls	r2, r2, #2
 140              		.loc 1 169 7 view .LVU22
 141 0008 4FF00F0C 		mov	ip, #15
 142 000c 0CFA02FC 		lsl	ip, ip, r2
 143              	.LVL6:
 170:libraries/STM32F4xx_StdPeriph_Driver/src/stm32f4xx_syscfg.c ****   SYSCFG->EXTICR[EXTI_PinSourcex >> 0x02] &= ~tmp;
 144              		.loc 1 170 3 is_stmt 1 view .LVU23
 145              		.loc 1 170 17 is_stmt 0 view .LVU24
 146 0010 8908     		lsrs	r1, r1, #2
 147              	.LVL7:
 148              		.loc 1 170 17 view .LVU25
 149 0012 084B     		ldr	r3, .L11
 150 0014 0231     		adds	r1, r1, #2
 151 0016 53F82140 		ldr	r4, [r3, r1, lsl #2]
 152              		.loc 1 170 43 view .LVU26
 153 001a 24EA0C04 		bic	r4, r4, ip
 154 001e 43F82140 		str	r4, [r3, r1, lsl #2]
 171:libraries/STM32F4xx_StdPeriph_Driver/src/stm32f4xx_syscfg.c ****   SYSCFG->EXTICR[EXTI_PinSourcex >> 0x02] |= (((uint32_t)EXTI_PortSourceGPIOx) << (0x04 * (EXTI_Pin
 155              		.loc 1 171 3 is_stmt 1 view .LVU27
 156              		.loc 1 171 17 is_stmt 0 view .LVU28
 157 0022 53F82140 		ldr	r4, [r3, r1, lsl #2]
 158              		.loc 1 171 80 view .LVU29
 159 0026 9040     		lsls	r0, r0, r2
 160              	.LVL8:
 161              		.loc 1 171 43 view .LVU30
 162 0028 0443     		orrs	r4, r4, r0
 163 002a 43F82140 		str	r4, [r3, r1, lsl #2]
 172:libraries/STM32F4xx_StdPeriph_Driver/src/stm32f4xx_syscfg.c **** }
 164              		.loc 1 172 1 view .LVU31
 165 002e 5DF8044B 		ldr	r4, [sp], #4
 166              	.LCFI2:
 167              		.cfi_restore 4
 168              		.cfi_def_cfa_offset 0
 169 0032 7047     		bx	lr
 170              	.L12:
 171              		.align	2
 172              	.L11:
 173 0034 00380140 		.word	1073821696
 174              		.cfi_endproc
 175              	.LFE126:
 177              		.section	.text.SYSCFG_ETH_MediaInterfaceConfig,"ax",%progbits
 178              		.align	1
ARM GAS  C:\Users\ktkuru\AppData\Local\Temp\ccoXdUHq.s 			page 7


 179              		.global	SYSCFG_ETH_MediaInterfaceConfig
 180              		.syntax unified
 181              		.thumb
 182              		.thumb_func
 184              	SYSCFG_ETH_MediaInterfaceConfig:
 185              	.LVL9:
 186              	.LFB127:
 173:libraries/STM32F4xx_StdPeriph_Driver/src/stm32f4xx_syscfg.c **** 
 174:libraries/STM32F4xx_StdPeriph_Driver/src/stm32f4xx_syscfg.c **** /**
 175:libraries/STM32F4xx_StdPeriph_Driver/src/stm32f4xx_syscfg.c ****   * @brief  Selects the ETHERNET media interface 
 176:libraries/STM32F4xx_StdPeriph_Driver/src/stm32f4xx_syscfg.c ****   * @param  SYSCFG_ETH_MediaInterface: specifies the Media Interface mode. 
 177:libraries/STM32F4xx_StdPeriph_Driver/src/stm32f4xx_syscfg.c ****   *          This parameter can be one of the following values: 
 178:libraries/STM32F4xx_StdPeriph_Driver/src/stm32f4xx_syscfg.c ****   *            @arg SYSCFG_ETH_MediaInterface_MII: MII mode selected
 179:libraries/STM32F4xx_StdPeriph_Driver/src/stm32f4xx_syscfg.c ****   *            @arg SYSCFG_ETH_MediaInterface_RMII: RMII mode selected 
 180:libraries/STM32F4xx_StdPeriph_Driver/src/stm32f4xx_syscfg.c ****   * @retval None 
 181:libraries/STM32F4xx_StdPeriph_Driver/src/stm32f4xx_syscfg.c ****   */
 182:libraries/STM32F4xx_StdPeriph_Driver/src/stm32f4xx_syscfg.c **** void SYSCFG_ETH_MediaInterfaceConfig(uint32_t SYSCFG_ETH_MediaInterface) 
 183:libraries/STM32F4xx_StdPeriph_Driver/src/stm32f4xx_syscfg.c **** { 
 187              		.loc 1 183 1 is_stmt 1 view -0
 188              		.cfi_startproc
 189              		@ args = 0, pretend = 0, frame = 0
 190              		@ frame_needed = 0, uses_anonymous_args = 0
 191              		@ link register save eliminated.
 184:libraries/STM32F4xx_StdPeriph_Driver/src/stm32f4xx_syscfg.c ****   assert_param(IS_SYSCFG_ETH_MEDIA_INTERFACE(SYSCFG_ETH_MediaInterface)); 
 192              		.loc 1 184 3 view .LVU33
 185:libraries/STM32F4xx_StdPeriph_Driver/src/stm32f4xx_syscfg.c ****   /* Configure MII_RMII selection bit */ 
 186:libraries/STM32F4xx_StdPeriph_Driver/src/stm32f4xx_syscfg.c ****   *(__IO uint32_t *) PMC_MII_RMII_SEL_BB = SYSCFG_ETH_MediaInterface; 
 193              		.loc 1 186 3 view .LVU34
 194              		.loc 1 186 42 is_stmt 0 view .LVU35
 195 0000 014B     		ldr	r3, .L14
 196 0002 C3F8DC00 		str	r0, [r3, #220]
 187:libraries/STM32F4xx_StdPeriph_Driver/src/stm32f4xx_syscfg.c **** }
 197              		.loc 1 187 1 view .LVU36
 198 0006 7047     		bx	lr
 199              	.L15:
 200              		.align	2
 201              	.L14:
 202 0008 00002742 		.word	1109852160
 203              		.cfi_endproc
 204              	.LFE127:
 206              		.section	.text.SYSCFG_CompensationCellCmd,"ax",%progbits
 207              		.align	1
 208              		.global	SYSCFG_CompensationCellCmd
 209              		.syntax unified
 210              		.thumb
 211              		.thumb_func
 213              	SYSCFG_CompensationCellCmd:
 214              	.LVL10:
 215              	.LFB128:
 188:libraries/STM32F4xx_StdPeriph_Driver/src/stm32f4xx_syscfg.c **** 
 189:libraries/STM32F4xx_StdPeriph_Driver/src/stm32f4xx_syscfg.c **** /**
 190:libraries/STM32F4xx_StdPeriph_Driver/src/stm32f4xx_syscfg.c ****   * @brief  Enables or disables the I/O Compensation Cell.
 191:libraries/STM32F4xx_StdPeriph_Driver/src/stm32f4xx_syscfg.c ****   * @note   The I/O compensation cell can be used only when the device supply
 192:libraries/STM32F4xx_StdPeriph_Driver/src/stm32f4xx_syscfg.c ****   *         voltage ranges from 2.4 to 3.6 V.  
 193:libraries/STM32F4xx_StdPeriph_Driver/src/stm32f4xx_syscfg.c ****   * @param  NewState: new state of the I/O Compensation Cell.
 194:libraries/STM32F4xx_StdPeriph_Driver/src/stm32f4xx_syscfg.c ****   *          This parameter can be one of the following values:
 195:libraries/STM32F4xx_StdPeriph_Driver/src/stm32f4xx_syscfg.c ****   *            @arg ENABLE: I/O compensation cell enabled  
ARM GAS  C:\Users\ktkuru\AppData\Local\Temp\ccoXdUHq.s 			page 8


 196:libraries/STM32F4xx_StdPeriph_Driver/src/stm32f4xx_syscfg.c ****   *            @arg DISABLE: I/O compensation cell power-down mode  
 197:libraries/STM32F4xx_StdPeriph_Driver/src/stm32f4xx_syscfg.c ****   * @retval None
 198:libraries/STM32F4xx_StdPeriph_Driver/src/stm32f4xx_syscfg.c ****   */
 199:libraries/STM32F4xx_StdPeriph_Driver/src/stm32f4xx_syscfg.c **** void SYSCFG_CompensationCellCmd(FunctionalState NewState)
 200:libraries/STM32F4xx_StdPeriph_Driver/src/stm32f4xx_syscfg.c **** {
 216              		.loc 1 200 1 is_stmt 1 view -0
 217              		.cfi_startproc
 218              		@ args = 0, pretend = 0, frame = 0
 219              		@ frame_needed = 0, uses_anonymous_args = 0
 220              		@ link register save eliminated.
 201:libraries/STM32F4xx_StdPeriph_Driver/src/stm32f4xx_syscfg.c ****   /* Check the parameters */
 202:libraries/STM32F4xx_StdPeriph_Driver/src/stm32f4xx_syscfg.c ****   assert_param(IS_FUNCTIONAL_STATE(NewState));
 221              		.loc 1 202 3 view .LVU38
 203:libraries/STM32F4xx_StdPeriph_Driver/src/stm32f4xx_syscfg.c **** 
 204:libraries/STM32F4xx_StdPeriph_Driver/src/stm32f4xx_syscfg.c ****   *(__IO uint32_t *) CMPCR_CMP_PD_BB = (uint32_t)NewState;
 222              		.loc 1 204 3 view .LVU39
 223              		.loc 1 204 38 is_stmt 0 view .LVU40
 224 0000 014B     		ldr	r3, .L17
 225 0002 C3F80004 		str	r0, [r3, #1024]
 205:libraries/STM32F4xx_StdPeriph_Driver/src/stm32f4xx_syscfg.c **** }
 226              		.loc 1 205 1 view .LVU41
 227 0006 7047     		bx	lr
 228              	.L18:
 229              		.align	2
 230              	.L17:
 231 0008 00002742 		.word	1109852160
 232              		.cfi_endproc
 233              	.LFE128:
 235              		.section	.text.SYSCFG_GetCompensationCellStatus,"ax",%progbits
 236              		.align	1
 237              		.global	SYSCFG_GetCompensationCellStatus
 238              		.syntax unified
 239              		.thumb
 240              		.thumb_func
 242              	SYSCFG_GetCompensationCellStatus:
 243              	.LFB129:
 206:libraries/STM32F4xx_StdPeriph_Driver/src/stm32f4xx_syscfg.c **** 
 207:libraries/STM32F4xx_StdPeriph_Driver/src/stm32f4xx_syscfg.c **** /**
 208:libraries/STM32F4xx_StdPeriph_Driver/src/stm32f4xx_syscfg.c ****   * @brief  Checks whether the I/O Compensation Cell ready flag is set or not.
 209:libraries/STM32F4xx_StdPeriph_Driver/src/stm32f4xx_syscfg.c ****   * @param  None
 210:libraries/STM32F4xx_StdPeriph_Driver/src/stm32f4xx_syscfg.c ****   * @retval The new state of the I/O Compensation Cell ready flag (SET or RESET)
 211:libraries/STM32F4xx_StdPeriph_Driver/src/stm32f4xx_syscfg.c ****   */
 212:libraries/STM32F4xx_StdPeriph_Driver/src/stm32f4xx_syscfg.c **** FlagStatus SYSCFG_GetCompensationCellStatus(void)
 213:libraries/STM32F4xx_StdPeriph_Driver/src/stm32f4xx_syscfg.c **** {
 244              		.loc 1 213 1 is_stmt 1 view -0
 245              		.cfi_startproc
 246              		@ args = 0, pretend = 0, frame = 0
 247              		@ frame_needed = 0, uses_anonymous_args = 0
 248              		@ link register save eliminated.
 214:libraries/STM32F4xx_StdPeriph_Driver/src/stm32f4xx_syscfg.c ****   FlagStatus bitstatus = RESET;
 249              		.loc 1 214 3 view .LVU43
 250              	.LVL11:
 215:libraries/STM32F4xx_StdPeriph_Driver/src/stm32f4xx_syscfg.c ****     
 216:libraries/STM32F4xx_StdPeriph_Driver/src/stm32f4xx_syscfg.c ****   if ((SYSCFG->CMPCR & SYSCFG_CMPCR_READY ) != (uint32_t)RESET)
 251              		.loc 1 216 3 view .LVU44
 252              		.loc 1 216 14 is_stmt 0 view .LVU45
 253 0000 044B     		ldr	r3, .L22
ARM GAS  C:\Users\ktkuru\AppData\Local\Temp\ccoXdUHq.s 			page 9


 254 0002 1B6A     		ldr	r3, [r3, #32]
 255              		.loc 1 216 6 view .LVU46
 256 0004 13F4807F 		tst	r3, #256
 257 0008 01D0     		beq	.L21
 217:libraries/STM32F4xx_StdPeriph_Driver/src/stm32f4xx_syscfg.c ****   {
 218:libraries/STM32F4xx_StdPeriph_Driver/src/stm32f4xx_syscfg.c ****     bitstatus = SET;
 258              		.loc 1 218 15 view .LVU47
 259 000a 0120     		movs	r0, #1
 260 000c 7047     		bx	lr
 261              	.L21:
 219:libraries/STM32F4xx_StdPeriph_Driver/src/stm32f4xx_syscfg.c ****   }
 220:libraries/STM32F4xx_StdPeriph_Driver/src/stm32f4xx_syscfg.c ****   else
 221:libraries/STM32F4xx_StdPeriph_Driver/src/stm32f4xx_syscfg.c ****   {
 222:libraries/STM32F4xx_StdPeriph_Driver/src/stm32f4xx_syscfg.c ****     bitstatus = RESET;
 262              		.loc 1 222 15 view .LVU48
 263 000e 0020     		movs	r0, #0
 264              	.LVL12:
 223:libraries/STM32F4xx_StdPeriph_Driver/src/stm32f4xx_syscfg.c ****   }
 224:libraries/STM32F4xx_StdPeriph_Driver/src/stm32f4xx_syscfg.c ****   return bitstatus;
 265              		.loc 1 224 3 is_stmt 1 view .LVU49
 225:libraries/STM32F4xx_StdPeriph_Driver/src/stm32f4xx_syscfg.c **** }
 266              		.loc 1 225 1 is_stmt 0 view .LVU50
 267 0010 7047     		bx	lr
 268              	.L23:
 269 0012 00BF     		.align	2
 270              	.L22:
 271 0014 00380140 		.word	1073821696
 272              		.cfi_endproc
 273              	.LFE129:
 275              		.text
 276              	.Letext0:
 277              		.file 2 "C:/Program Files (x86)/Arm GNU Toolchain arm-none-eabi/13.3 rel1/arm-none-eabi/include/ma
 278              		.file 3 "C:/Program Files (x86)/Arm GNU Toolchain arm-none-eabi/13.3 rel1/arm-none-eabi/include/sy
 279              		.file 4 "libraries/CMSIS/Device/ST/STM32F4xx/include/stm32f4xx.h"
 280              		.file 5 "libraries/STM32F4xx_StdPeriph_Driver/inc/stm32f4xx_rcc.h"
ARM GAS  C:\Users\ktkuru\AppData\Local\Temp\ccoXdUHq.s 			page 10


DEFINED SYMBOLS
                            *ABS*:00000000 stm32f4xx_syscfg.c
C:\Users\ktkuru\AppData\Local\Temp\ccoXdUHq.s:21     .text.SYSCFG_DeInit:00000000 $t
C:\Users\ktkuru\AppData\Local\Temp\ccoXdUHq.s:27     .text.SYSCFG_DeInit:00000000 SYSCFG_DeInit
C:\Users\ktkuru\AppData\Local\Temp\ccoXdUHq.s:54     .text.SYSCFG_MemoryRemapConfig:00000000 $t
C:\Users\ktkuru\AppData\Local\Temp\ccoXdUHq.s:60     .text.SYSCFG_MemoryRemapConfig:00000000 SYSCFG_MemoryRemapConfig
C:\Users\ktkuru\AppData\Local\Temp\ccoXdUHq.s:78     .text.SYSCFG_MemoryRemapConfig:00000008 $d
C:\Users\ktkuru\AppData\Local\Temp\ccoXdUHq.s:83     .text.SYSCFG_MemorySwappingBank:00000000 $t
C:\Users\ktkuru\AppData\Local\Temp\ccoXdUHq.s:89     .text.SYSCFG_MemorySwappingBank:00000000 SYSCFG_MemorySwappingBank
C:\Users\ktkuru\AppData\Local\Temp\ccoXdUHq.s:107    .text.SYSCFG_MemorySwappingBank:00000008 $d
C:\Users\ktkuru\AppData\Local\Temp\ccoXdUHq.s:112    .text.SYSCFG_EXTILineConfig:00000000 $t
C:\Users\ktkuru\AppData\Local\Temp\ccoXdUHq.s:118    .text.SYSCFG_EXTILineConfig:00000000 SYSCFG_EXTILineConfig
C:\Users\ktkuru\AppData\Local\Temp\ccoXdUHq.s:173    .text.SYSCFG_EXTILineConfig:00000034 $d
C:\Users\ktkuru\AppData\Local\Temp\ccoXdUHq.s:178    .text.SYSCFG_ETH_MediaInterfaceConfig:00000000 $t
C:\Users\ktkuru\AppData\Local\Temp\ccoXdUHq.s:184    .text.SYSCFG_ETH_MediaInterfaceConfig:00000000 SYSCFG_ETH_MediaInterfaceConfig
C:\Users\ktkuru\AppData\Local\Temp\ccoXdUHq.s:202    .text.SYSCFG_ETH_MediaInterfaceConfig:00000008 $d
C:\Users\ktkuru\AppData\Local\Temp\ccoXdUHq.s:207    .text.SYSCFG_CompensationCellCmd:00000000 $t
C:\Users\ktkuru\AppData\Local\Temp\ccoXdUHq.s:213    .text.SYSCFG_CompensationCellCmd:00000000 SYSCFG_CompensationCellCmd
C:\Users\ktkuru\AppData\Local\Temp\ccoXdUHq.s:231    .text.SYSCFG_CompensationCellCmd:00000008 $d
C:\Users\ktkuru\AppData\Local\Temp\ccoXdUHq.s:236    .text.SYSCFG_GetCompensationCellStatus:00000000 $t
C:\Users\ktkuru\AppData\Local\Temp\ccoXdUHq.s:242    .text.SYSCFG_GetCompensationCellStatus:00000000 SYSCFG_GetCompensationCellStatus
C:\Users\ktkuru\AppData\Local\Temp\ccoXdUHq.s:271    .text.SYSCFG_GetCompensationCellStatus:00000014 $d

UNDEFINED SYMBOLS
RCC_APB2PeriphResetCmd
