ARM GAS  /tmp/cc28OL8U.s 			page 1


   1              		.cpu cortex-m4
   2              		.eabi_attribute 27, 1
   3              		.eabi_attribute 28, 1
   4              		.eabi_attribute 20, 1
   5              		.eabi_attribute 21, 1
   6              		.eabi_attribute 23, 3
   7              		.eabi_attribute 24, 1
   8              		.eabi_attribute 25, 1
   9              		.eabi_attribute 26, 1
  10              		.eabi_attribute 30, 1
  11              		.eabi_attribute 34, 1
  12              		.eabi_attribute 18, 4
  13              		.file	"stm32f4xx_crc.c"
  14              		.text
  15              	.Ltext0:
  16              		.cfi_sections	.debug_frame
  17              		.section	.text.CRC_ResetDR,"ax",%progbits
  18              		.align	1
  19              		.global	CRC_ResetDR
  20              		.arch armv7e-m
  21              		.syntax unified
  22              		.thumb
  23              		.thumb_func
  24              		.fpu fpv4-sp-d16
  26              	CRC_ResetDR:
  27              	.LFB123:
  28              		.file 1 "Libraries/STM32F4xx_StdPeriph_Driver/src/stm32f4xx_crc.c"
   1:Libraries/STM32F4xx_StdPeriph_Driver/src/stm32f4xx_crc.c **** /**
   2:Libraries/STM32F4xx_StdPeriph_Driver/src/stm32f4xx_crc.c ****   ******************************************************************************
   3:Libraries/STM32F4xx_StdPeriph_Driver/src/stm32f4xx_crc.c ****   * @file    stm32f4xx_crc.c
   4:Libraries/STM32F4xx_StdPeriph_Driver/src/stm32f4xx_crc.c ****   * @author  MCD Application Team
   5:Libraries/STM32F4xx_StdPeriph_Driver/src/stm32f4xx_crc.c ****   * @version V1.8.1
   6:Libraries/STM32F4xx_StdPeriph_Driver/src/stm32f4xx_crc.c ****   * @date    27-January-2022
   7:Libraries/STM32F4xx_StdPeriph_Driver/src/stm32f4xx_crc.c ****   * @brief   This file provides all the CRC firmware functions.
   8:Libraries/STM32F4xx_StdPeriph_Driver/src/stm32f4xx_crc.c ****   ******************************************************************************
   9:Libraries/STM32F4xx_StdPeriph_Driver/src/stm32f4xx_crc.c ****   * @attention
  10:Libraries/STM32F4xx_StdPeriph_Driver/src/stm32f4xx_crc.c ****   *
  11:Libraries/STM32F4xx_StdPeriph_Driver/src/stm32f4xx_crc.c ****   * Copyright (c) 2016 STMicroelectronics.
  12:Libraries/STM32F4xx_StdPeriph_Driver/src/stm32f4xx_crc.c ****   * All rights reserved.
  13:Libraries/STM32F4xx_StdPeriph_Driver/src/stm32f4xx_crc.c ****   *
  14:Libraries/STM32F4xx_StdPeriph_Driver/src/stm32f4xx_crc.c ****   * This software is licensed under terms that can be found in the LICENSE file
  15:Libraries/STM32F4xx_StdPeriph_Driver/src/stm32f4xx_crc.c ****   * in the root directory of this software component.
  16:Libraries/STM32F4xx_StdPeriph_Driver/src/stm32f4xx_crc.c ****   * If no LICENSE file comes with this software, it is provided AS-IS.
  17:Libraries/STM32F4xx_StdPeriph_Driver/src/stm32f4xx_crc.c ****   *
  18:Libraries/STM32F4xx_StdPeriph_Driver/src/stm32f4xx_crc.c ****   ******************************************************************************
  19:Libraries/STM32F4xx_StdPeriph_Driver/src/stm32f4xx_crc.c ****   */
  20:Libraries/STM32F4xx_StdPeriph_Driver/src/stm32f4xx_crc.c **** 
  21:Libraries/STM32F4xx_StdPeriph_Driver/src/stm32f4xx_crc.c **** /* Includes ------------------------------------------------------------------*/
  22:Libraries/STM32F4xx_StdPeriph_Driver/src/stm32f4xx_crc.c **** #include "stm32f4xx_crc.h"
  23:Libraries/STM32F4xx_StdPeriph_Driver/src/stm32f4xx_crc.c **** 
  24:Libraries/STM32F4xx_StdPeriph_Driver/src/stm32f4xx_crc.c **** /** @addtogroup STM32F4xx_StdPeriph_Driver
  25:Libraries/STM32F4xx_StdPeriph_Driver/src/stm32f4xx_crc.c ****   * @{
  26:Libraries/STM32F4xx_StdPeriph_Driver/src/stm32f4xx_crc.c ****   */
  27:Libraries/STM32F4xx_StdPeriph_Driver/src/stm32f4xx_crc.c **** 
  28:Libraries/STM32F4xx_StdPeriph_Driver/src/stm32f4xx_crc.c **** /** @defgroup CRC 
  29:Libraries/STM32F4xx_StdPeriph_Driver/src/stm32f4xx_crc.c ****   * @brief CRC driver modules
  30:Libraries/STM32F4xx_StdPeriph_Driver/src/stm32f4xx_crc.c ****   * @{
ARM GAS  /tmp/cc28OL8U.s 			page 2


  31:Libraries/STM32F4xx_StdPeriph_Driver/src/stm32f4xx_crc.c ****   */
  32:Libraries/STM32F4xx_StdPeriph_Driver/src/stm32f4xx_crc.c **** 
  33:Libraries/STM32F4xx_StdPeriph_Driver/src/stm32f4xx_crc.c **** /* Private typedef -----------------------------------------------------------*/
  34:Libraries/STM32F4xx_StdPeriph_Driver/src/stm32f4xx_crc.c **** /* Private define ------------------------------------------------------------*/
  35:Libraries/STM32F4xx_StdPeriph_Driver/src/stm32f4xx_crc.c **** /* Private macro -------------------------------------------------------------*/
  36:Libraries/STM32F4xx_StdPeriph_Driver/src/stm32f4xx_crc.c **** /* Private variables ---------------------------------------------------------*/
  37:Libraries/STM32F4xx_StdPeriph_Driver/src/stm32f4xx_crc.c **** /* Private function prototypes -----------------------------------------------*/
  38:Libraries/STM32F4xx_StdPeriph_Driver/src/stm32f4xx_crc.c **** /* Private functions ---------------------------------------------------------*/
  39:Libraries/STM32F4xx_StdPeriph_Driver/src/stm32f4xx_crc.c **** 
  40:Libraries/STM32F4xx_StdPeriph_Driver/src/stm32f4xx_crc.c **** /** @defgroup CRC_Private_Functions
  41:Libraries/STM32F4xx_StdPeriph_Driver/src/stm32f4xx_crc.c ****   * @{
  42:Libraries/STM32F4xx_StdPeriph_Driver/src/stm32f4xx_crc.c ****   */
  43:Libraries/STM32F4xx_StdPeriph_Driver/src/stm32f4xx_crc.c **** 
  44:Libraries/STM32F4xx_StdPeriph_Driver/src/stm32f4xx_crc.c **** /**
  45:Libraries/STM32F4xx_StdPeriph_Driver/src/stm32f4xx_crc.c ****   * @brief  Resets the CRC Data register (DR).
  46:Libraries/STM32F4xx_StdPeriph_Driver/src/stm32f4xx_crc.c ****   * @param  None
  47:Libraries/STM32F4xx_StdPeriph_Driver/src/stm32f4xx_crc.c ****   * @retval None
  48:Libraries/STM32F4xx_StdPeriph_Driver/src/stm32f4xx_crc.c ****   */
  49:Libraries/STM32F4xx_StdPeriph_Driver/src/stm32f4xx_crc.c **** void CRC_ResetDR(void)
  50:Libraries/STM32F4xx_StdPeriph_Driver/src/stm32f4xx_crc.c **** {
  29              		.loc 1 50 1 view -0
  30              		.cfi_startproc
  31              		@ args = 0, pretend = 0, frame = 0
  32              		@ frame_needed = 0, uses_anonymous_args = 0
  33              		@ link register save eliminated.
  51:Libraries/STM32F4xx_StdPeriph_Driver/src/stm32f4xx_crc.c ****   /* Reset CRC generator */
  52:Libraries/STM32F4xx_StdPeriph_Driver/src/stm32f4xx_crc.c ****   CRC->CR = CRC_CR_RESET;
  34              		.loc 1 52 3 view .LVU1
  35              		.loc 1 52 11 is_stmt 0 view .LVU2
  36 0000 014B     		ldr	r3, .L2
  37 0002 0122     		movs	r2, #1
  38 0004 9A60     		str	r2, [r3, #8]
  53:Libraries/STM32F4xx_StdPeriph_Driver/src/stm32f4xx_crc.c **** }
  39              		.loc 1 53 1 view .LVU3
  40 0006 7047     		bx	lr
  41              	.L3:
  42              		.align	2
  43              	.L2:
  44 0008 00300240 		.word	1073885184
  45              		.cfi_endproc
  46              	.LFE123:
  48              		.section	.text.CRC_CalcCRC,"ax",%progbits
  49              		.align	1
  50              		.global	CRC_CalcCRC
  51              		.syntax unified
  52              		.thumb
  53              		.thumb_func
  54              		.fpu fpv4-sp-d16
  56              	CRC_CalcCRC:
  57              	.LVL0:
  58              	.LFB124:
  54:Libraries/STM32F4xx_StdPeriph_Driver/src/stm32f4xx_crc.c **** 
  55:Libraries/STM32F4xx_StdPeriph_Driver/src/stm32f4xx_crc.c **** /**
  56:Libraries/STM32F4xx_StdPeriph_Driver/src/stm32f4xx_crc.c ****   * @brief  Computes the 32-bit CRC of a given data word(32-bit).
  57:Libraries/STM32F4xx_StdPeriph_Driver/src/stm32f4xx_crc.c ****   * @param  Data: data word(32-bit) to compute its CRC
  58:Libraries/STM32F4xx_StdPeriph_Driver/src/stm32f4xx_crc.c ****   * @retval 32-bit CRC
  59:Libraries/STM32F4xx_StdPeriph_Driver/src/stm32f4xx_crc.c ****   */
ARM GAS  /tmp/cc28OL8U.s 			page 3


  60:Libraries/STM32F4xx_StdPeriph_Driver/src/stm32f4xx_crc.c **** uint32_t CRC_CalcCRC(uint32_t Data)
  61:Libraries/STM32F4xx_StdPeriph_Driver/src/stm32f4xx_crc.c **** {
  59              		.loc 1 61 1 is_stmt 1 view -0
  60              		.cfi_startproc
  61              		@ args = 0, pretend = 0, frame = 0
  62              		@ frame_needed = 0, uses_anonymous_args = 0
  63              		@ link register save eliminated.
  62:Libraries/STM32F4xx_StdPeriph_Driver/src/stm32f4xx_crc.c ****   CRC->DR = Data;
  64              		.loc 1 62 3 view .LVU5
  65              		.loc 1 62 11 is_stmt 0 view .LVU6
  66 0000 014B     		ldr	r3, .L5
  67 0002 1860     		str	r0, [r3]
  63:Libraries/STM32F4xx_StdPeriph_Driver/src/stm32f4xx_crc.c ****   
  64:Libraries/STM32F4xx_StdPeriph_Driver/src/stm32f4xx_crc.c ****   return (CRC->DR);
  68              		.loc 1 64 3 is_stmt 1 view .LVU7
  69              		.loc 1 64 14 is_stmt 0 view .LVU8
  70 0004 1868     		ldr	r0, [r3]
  71              	.LVL1:
  65:Libraries/STM32F4xx_StdPeriph_Driver/src/stm32f4xx_crc.c **** }
  72              		.loc 1 65 1 view .LVU9
  73 0006 7047     		bx	lr
  74              	.L6:
  75              		.align	2
  76              	.L5:
  77 0008 00300240 		.word	1073885184
  78              		.cfi_endproc
  79              	.LFE124:
  81              		.section	.text.CRC_CalcBlockCRC,"ax",%progbits
  82              		.align	1
  83              		.global	CRC_CalcBlockCRC
  84              		.syntax unified
  85              		.thumb
  86              		.thumb_func
  87              		.fpu fpv4-sp-d16
  89              	CRC_CalcBlockCRC:
  90              	.LVL2:
  91              	.LFB125:
  66:Libraries/STM32F4xx_StdPeriph_Driver/src/stm32f4xx_crc.c **** 
  67:Libraries/STM32F4xx_StdPeriph_Driver/src/stm32f4xx_crc.c **** /**
  68:Libraries/STM32F4xx_StdPeriph_Driver/src/stm32f4xx_crc.c ****   * @brief  Computes the 32-bit CRC of a given buffer of data word(32-bit).
  69:Libraries/STM32F4xx_StdPeriph_Driver/src/stm32f4xx_crc.c ****   * @param  pBuffer: pointer to the buffer containing the data to be computed
  70:Libraries/STM32F4xx_StdPeriph_Driver/src/stm32f4xx_crc.c ****   * @param  BufferLength: length of the buffer to be computed					
  71:Libraries/STM32F4xx_StdPeriph_Driver/src/stm32f4xx_crc.c ****   * @retval 32-bit CRC
  72:Libraries/STM32F4xx_StdPeriph_Driver/src/stm32f4xx_crc.c ****   */
  73:Libraries/STM32F4xx_StdPeriph_Driver/src/stm32f4xx_crc.c **** uint32_t CRC_CalcBlockCRC(uint32_t pBuffer[], uint32_t BufferLength)
  74:Libraries/STM32F4xx_StdPeriph_Driver/src/stm32f4xx_crc.c **** {
  92              		.loc 1 74 1 is_stmt 1 view -0
  93              		.cfi_startproc
  94              		@ args = 0, pretend = 0, frame = 0
  95              		@ frame_needed = 0, uses_anonymous_args = 0
  96              		@ link register save eliminated.
  75:Libraries/STM32F4xx_StdPeriph_Driver/src/stm32f4xx_crc.c ****   uint32_t index = 0;
  97              		.loc 1 75 3 view .LVU11
  76:Libraries/STM32F4xx_StdPeriph_Driver/src/stm32f4xx_crc.c ****   
  77:Libraries/STM32F4xx_StdPeriph_Driver/src/stm32f4xx_crc.c ****   for(index = 0; index < BufferLength; index++)
  98              		.loc 1 77 3 view .LVU12
  99              		.loc 1 77 13 is_stmt 0 view .LVU13
ARM GAS  /tmp/cc28OL8U.s 			page 4


 100 0000 0023     		movs	r3, #0
 101              	.LVL3:
 102              		.loc 1 77 18 is_stmt 1 view .LVU14
 103              		.loc 1 77 3 is_stmt 0 view .LVU15
 104 0002 8B42     		cmp	r3, r1
 105 0004 0CD2     		bcs	.L14
  74:Libraries/STM32F4xx_StdPeriph_Driver/src/stm32f4xx_crc.c ****   uint32_t index = 0;
 106              		.loc 1 74 1 view .LVU16
 107 0006 10B4     		push	{r4}
 108              	.LCFI0:
 109              		.cfi_def_cfa_offset 4
 110              		.cfi_offset 4, -4
 111              	.L9:
  78:Libraries/STM32F4xx_StdPeriph_Driver/src/stm32f4xx_crc.c ****   {
  79:Libraries/STM32F4xx_StdPeriph_Driver/src/stm32f4xx_crc.c ****     CRC->DR = pBuffer[index];
 112              		.loc 1 79 5 is_stmt 1 discriminator 3 view .LVU17
 113              		.loc 1 79 13 is_stmt 0 discriminator 3 view .LVU18
 114 0008 074A     		ldr	r2, .L15
 115 000a 50F82340 		ldr	r4, [r0, r3, lsl #2]
 116 000e 1460     		str	r4, [r2]
  77:Libraries/STM32F4xx_StdPeriph_Driver/src/stm32f4xx_crc.c ****   {
 117              		.loc 1 77 40 is_stmt 1 discriminator 3 view .LVU19
  77:Libraries/STM32F4xx_StdPeriph_Driver/src/stm32f4xx_crc.c ****   {
 118              		.loc 1 77 45 is_stmt 0 discriminator 3 view .LVU20
 119 0010 0133     		adds	r3, r3, #1
 120              	.LVL4:
  77:Libraries/STM32F4xx_StdPeriph_Driver/src/stm32f4xx_crc.c ****   {
 121              		.loc 1 77 18 is_stmt 1 discriminator 3 view .LVU21
  77:Libraries/STM32F4xx_StdPeriph_Driver/src/stm32f4xx_crc.c ****   {
 122              		.loc 1 77 3 is_stmt 0 discriminator 3 view .LVU22
 123 0012 8B42     		cmp	r3, r1
 124 0014 F8D3     		bcc	.L9
  80:Libraries/STM32F4xx_StdPeriph_Driver/src/stm32f4xx_crc.c ****   }
  81:Libraries/STM32F4xx_StdPeriph_Driver/src/stm32f4xx_crc.c ****   return (CRC->DR);
 125              		.loc 1 81 3 is_stmt 1 view .LVU23
 126              		.loc 1 81 14 is_stmt 0 view .LVU24
 127 0016 044B     		ldr	r3, .L15
 128              	.LVL5:
 129              		.loc 1 81 14 view .LVU25
 130 0018 1868     		ldr	r0, [r3]
 131              	.LVL6:
  82:Libraries/STM32F4xx_StdPeriph_Driver/src/stm32f4xx_crc.c **** }
 132              		.loc 1 82 1 view .LVU26
 133 001a 5DF8044B 		ldr	r4, [sp], #4
 134              	.LCFI1:
 135              		.cfi_restore 4
 136              		.cfi_def_cfa_offset 0
 137 001e 7047     		bx	lr
 138              	.LVL7:
 139              	.L14:
  81:Libraries/STM32F4xx_StdPeriph_Driver/src/stm32f4xx_crc.c **** }
 140              		.loc 1 81 3 is_stmt 1 view .LVU27
  81:Libraries/STM32F4xx_StdPeriph_Driver/src/stm32f4xx_crc.c **** }
 141              		.loc 1 81 14 is_stmt 0 view .LVU28
 142 0020 014B     		ldr	r3, .L15
 143              	.LVL8:
  81:Libraries/STM32F4xx_StdPeriph_Driver/src/stm32f4xx_crc.c **** }
ARM GAS  /tmp/cc28OL8U.s 			page 5


 144              		.loc 1 81 14 view .LVU29
 145 0022 1868     		ldr	r0, [r3]
 146              	.LVL9:
 147              		.loc 1 82 1 view .LVU30
 148 0024 7047     		bx	lr
 149              	.L16:
 150 0026 00BF     		.align	2
 151              	.L15:
 152 0028 00300240 		.word	1073885184
 153              		.cfi_endproc
 154              	.LFE125:
 156              		.section	.text.CRC_GetCRC,"ax",%progbits
 157              		.align	1
 158              		.global	CRC_GetCRC
 159              		.syntax unified
 160              		.thumb
 161              		.thumb_func
 162              		.fpu fpv4-sp-d16
 164              	CRC_GetCRC:
 165              	.LFB126:
  83:Libraries/STM32F4xx_StdPeriph_Driver/src/stm32f4xx_crc.c **** 
  84:Libraries/STM32F4xx_StdPeriph_Driver/src/stm32f4xx_crc.c **** /**
  85:Libraries/STM32F4xx_StdPeriph_Driver/src/stm32f4xx_crc.c ****   * @brief  Returns the current CRC value.
  86:Libraries/STM32F4xx_StdPeriph_Driver/src/stm32f4xx_crc.c ****   * @param  None
  87:Libraries/STM32F4xx_StdPeriph_Driver/src/stm32f4xx_crc.c ****   * @retval 32-bit CRC
  88:Libraries/STM32F4xx_StdPeriph_Driver/src/stm32f4xx_crc.c ****   */
  89:Libraries/STM32F4xx_StdPeriph_Driver/src/stm32f4xx_crc.c **** uint32_t CRC_GetCRC(void)
  90:Libraries/STM32F4xx_StdPeriph_Driver/src/stm32f4xx_crc.c **** {
 166              		.loc 1 90 1 is_stmt 1 view -0
 167              		.cfi_startproc
 168              		@ args = 0, pretend = 0, frame = 0
 169              		@ frame_needed = 0, uses_anonymous_args = 0
 170              		@ link register save eliminated.
  91:Libraries/STM32F4xx_StdPeriph_Driver/src/stm32f4xx_crc.c ****   return (CRC->DR);
 171              		.loc 1 91 3 view .LVU32
 172              		.loc 1 91 14 is_stmt 0 view .LVU33
 173 0000 014B     		ldr	r3, .L18
 174 0002 1868     		ldr	r0, [r3]
  92:Libraries/STM32F4xx_StdPeriph_Driver/src/stm32f4xx_crc.c **** }
 175              		.loc 1 92 1 view .LVU34
 176 0004 7047     		bx	lr
 177              	.L19:
 178 0006 00BF     		.align	2
 179              	.L18:
 180 0008 00300240 		.word	1073885184
 181              		.cfi_endproc
 182              	.LFE126:
 184              		.section	.text.CRC_SetIDRegister,"ax",%progbits
 185              		.align	1
 186              		.global	CRC_SetIDRegister
 187              		.syntax unified
 188              		.thumb
 189              		.thumb_func
 190              		.fpu fpv4-sp-d16
 192              	CRC_SetIDRegister:
 193              	.LVL10:
 194              	.LFB127:
ARM GAS  /tmp/cc28OL8U.s 			page 6


  93:Libraries/STM32F4xx_StdPeriph_Driver/src/stm32f4xx_crc.c **** 
  94:Libraries/STM32F4xx_StdPeriph_Driver/src/stm32f4xx_crc.c **** /**
  95:Libraries/STM32F4xx_StdPeriph_Driver/src/stm32f4xx_crc.c ****   * @brief  Stores a 8-bit data in the Independent Data(ID) register.
  96:Libraries/STM32F4xx_StdPeriph_Driver/src/stm32f4xx_crc.c ****   * @param  IDValue: 8-bit value to be stored in the ID register 					
  97:Libraries/STM32F4xx_StdPeriph_Driver/src/stm32f4xx_crc.c ****   * @retval None
  98:Libraries/STM32F4xx_StdPeriph_Driver/src/stm32f4xx_crc.c ****   */
  99:Libraries/STM32F4xx_StdPeriph_Driver/src/stm32f4xx_crc.c **** void CRC_SetIDRegister(uint8_t IDValue)
 100:Libraries/STM32F4xx_StdPeriph_Driver/src/stm32f4xx_crc.c **** {
 195              		.loc 1 100 1 is_stmt 1 view -0
 196              		.cfi_startproc
 197              		@ args = 0, pretend = 0, frame = 0
 198              		@ frame_needed = 0, uses_anonymous_args = 0
 199              		@ link register save eliminated.
 101:Libraries/STM32F4xx_StdPeriph_Driver/src/stm32f4xx_crc.c ****   CRC->IDR = IDValue;
 200              		.loc 1 101 3 view .LVU36
 201              		.loc 1 101 12 is_stmt 0 view .LVU37
 202 0000 014B     		ldr	r3, .L21
 203 0002 1871     		strb	r0, [r3, #4]
 102:Libraries/STM32F4xx_StdPeriph_Driver/src/stm32f4xx_crc.c **** }
 204              		.loc 1 102 1 view .LVU38
 205 0004 7047     		bx	lr
 206              	.L22:
 207 0006 00BF     		.align	2
 208              	.L21:
 209 0008 00300240 		.word	1073885184
 210              		.cfi_endproc
 211              	.LFE127:
 213              		.section	.text.CRC_GetIDRegister,"ax",%progbits
 214              		.align	1
 215              		.global	CRC_GetIDRegister
 216              		.syntax unified
 217              		.thumb
 218              		.thumb_func
 219              		.fpu fpv4-sp-d16
 221              	CRC_GetIDRegister:
 222              	.LFB128:
 103:Libraries/STM32F4xx_StdPeriph_Driver/src/stm32f4xx_crc.c **** 
 104:Libraries/STM32F4xx_StdPeriph_Driver/src/stm32f4xx_crc.c **** /**
 105:Libraries/STM32F4xx_StdPeriph_Driver/src/stm32f4xx_crc.c ****   * @brief  Returns the 8-bit data stored in the Independent Data(ID) register
 106:Libraries/STM32F4xx_StdPeriph_Driver/src/stm32f4xx_crc.c ****   * @param  None
 107:Libraries/STM32F4xx_StdPeriph_Driver/src/stm32f4xx_crc.c ****   * @retval 8-bit value of the ID register 
 108:Libraries/STM32F4xx_StdPeriph_Driver/src/stm32f4xx_crc.c ****   */
 109:Libraries/STM32F4xx_StdPeriph_Driver/src/stm32f4xx_crc.c **** uint8_t CRC_GetIDRegister(void)
 110:Libraries/STM32F4xx_StdPeriph_Driver/src/stm32f4xx_crc.c **** {
 223              		.loc 1 110 1 is_stmt 1 view -0
 224              		.cfi_startproc
 225              		@ args = 0, pretend = 0, frame = 0
 226              		@ frame_needed = 0, uses_anonymous_args = 0
 227              		@ link register save eliminated.
 111:Libraries/STM32F4xx_StdPeriph_Driver/src/stm32f4xx_crc.c ****   return (CRC->IDR);
 228              		.loc 1 111 3 view .LVU40
 229              		.loc 1 111 14 is_stmt 0 view .LVU41
 230 0000 014B     		ldr	r3, .L24
 231 0002 1879     		ldrb	r0, [r3, #4]	@ zero_extendqisi2
 112:Libraries/STM32F4xx_StdPeriph_Driver/src/stm32f4xx_crc.c **** }
 232              		.loc 1 112 1 view .LVU42
 233 0004 7047     		bx	lr
ARM GAS  /tmp/cc28OL8U.s 			page 7


 234              	.L25:
 235 0006 00BF     		.align	2
 236              	.L24:
 237 0008 00300240 		.word	1073885184
 238              		.cfi_endproc
 239              	.LFE128:
 241              		.text
 242              	.Letext0:
 243              		.file 2 "/home/ktkuri/arm-gcc-tools/arm-none-eabi/include/machine/_default_types.h"
 244              		.file 3 "/home/ktkuri/arm-gcc-tools/arm-none-eabi/include/sys/_stdint.h"
 245              		.file 4 "Libraries/CMSIS/Device/ST/STM32F4xx/Include/stm32f4xx.h"
ARM GAS  /tmp/cc28OL8U.s 			page 8


DEFINED SYMBOLS
                            *ABS*:0000000000000000 stm32f4xx_crc.c
     /tmp/cc28OL8U.s:18     .text.CRC_ResetDR:0000000000000000 $t
     /tmp/cc28OL8U.s:26     .text.CRC_ResetDR:0000000000000000 CRC_ResetDR
     /tmp/cc28OL8U.s:44     .text.CRC_ResetDR:0000000000000008 $d
     /tmp/cc28OL8U.s:49     .text.CRC_CalcCRC:0000000000000000 $t
     /tmp/cc28OL8U.s:56     .text.CRC_CalcCRC:0000000000000000 CRC_CalcCRC
     /tmp/cc28OL8U.s:77     .text.CRC_CalcCRC:0000000000000008 $d
     /tmp/cc28OL8U.s:82     .text.CRC_CalcBlockCRC:0000000000000000 $t
     /tmp/cc28OL8U.s:89     .text.CRC_CalcBlockCRC:0000000000000000 CRC_CalcBlockCRC
     /tmp/cc28OL8U.s:152    .text.CRC_CalcBlockCRC:0000000000000028 $d
     /tmp/cc28OL8U.s:157    .text.CRC_GetCRC:0000000000000000 $t
     /tmp/cc28OL8U.s:164    .text.CRC_GetCRC:0000000000000000 CRC_GetCRC
     /tmp/cc28OL8U.s:180    .text.CRC_GetCRC:0000000000000008 $d
     /tmp/cc28OL8U.s:185    .text.CRC_SetIDRegister:0000000000000000 $t
     /tmp/cc28OL8U.s:192    .text.CRC_SetIDRegister:0000000000000000 CRC_SetIDRegister
     /tmp/cc28OL8U.s:209    .text.CRC_SetIDRegister:0000000000000008 $d
     /tmp/cc28OL8U.s:214    .text.CRC_GetIDRegister:0000000000000000 $t
     /tmp/cc28OL8U.s:221    .text.CRC_GetIDRegister:0000000000000000 CRC_GetIDRegister
     /tmp/cc28OL8U.s:237    .text.CRC_GetIDRegister:0000000000000008 $d

NO UNDEFINED SYMBOLS
