ARM GAS  /tmp/ccW0AjdO.s 			page 1


   1              		.cpu cortex-m4
   2              		.eabi_attribute 27, 1
   3              		.eabi_attribute 28, 1
   4              		.eabi_attribute 20, 1
   5              		.eabi_attribute 21, 1
   6              		.eabi_attribute 23, 3
   7              		.eabi_attribute 24, 1
   8              		.eabi_attribute 25, 1
   9              		.eabi_attribute 26, 1
  10              		.eabi_attribute 30, 1
  11              		.eabi_attribute 34, 1
  12              		.eabi_attribute 18, 4
  13              		.file	"stm32f4xx_flash_ramfunc.c"
  14              		.text
  15              	.Ltext0:
  16              		.cfi_sections	.debug_frame
  17              		.section	.RamFunc,"ax",%progbits
  18              		.align	1
  19              		.global	FLASH_FlashInterfaceCmd
  20              		.arch armv7e-m
  21              		.syntax unified
  22              		.thumb
  23              		.thumb_func
  24              		.fpu fpv4-sp-d16
  26              	FLASH_FlashInterfaceCmd:
  27              	.LVL0:
  28              	.LFB123:
  29              		.file 1 "Libraries/STM32F4xx_StdPeriph_Driver/src/stm32f4xx_flash_ramfunc.c"
   1:Libraries/STM32F4xx_StdPeriph_Driver/src/stm32f4xx_flash_ramfunc.c **** /**
   2:Libraries/STM32F4xx_StdPeriph_Driver/src/stm32f4xx_flash_ramfunc.c ****   ******************************************************************************
   3:Libraries/STM32F4xx_StdPeriph_Driver/src/stm32f4xx_flash_ramfunc.c ****   * @file    stm32f4xx_flash_ramfunc.c
   4:Libraries/STM32F4xx_StdPeriph_Driver/src/stm32f4xx_flash_ramfunc.c ****   * @author  MCD Application Team
   5:Libraries/STM32F4xx_StdPeriph_Driver/src/stm32f4xx_flash_ramfunc.c ****   * @version V1.8.1
   6:Libraries/STM32F4xx_StdPeriph_Driver/src/stm32f4xx_flash_ramfunc.c ****   * @date    27-January-2022
   7:Libraries/STM32F4xx_StdPeriph_Driver/src/stm32f4xx_flash_ramfunc.c ****   * @brief   FLASH RAMFUNC module driver.
   8:Libraries/STM32F4xx_StdPeriph_Driver/src/stm32f4xx_flash_ramfunc.c ****   *          This file provides a FLASH firmware functions which should be 
   9:Libraries/STM32F4xx_StdPeriph_Driver/src/stm32f4xx_flash_ramfunc.c ****   *          executed from internal SRAM
  10:Libraries/STM32F4xx_StdPeriph_Driver/src/stm32f4xx_flash_ramfunc.c ****   *            + Stop/Start the flash interface while System Run
  11:Libraries/STM32F4xx_StdPeriph_Driver/src/stm32f4xx_flash_ramfunc.c ****   *            + Enable/Disable the flash sleep while System Run
  12:Libraries/STM32F4xx_StdPeriph_Driver/src/stm32f4xx_flash_ramfunc.c ****   *  
  13:Libraries/STM32F4xx_StdPeriph_Driver/src/stm32f4xx_flash_ramfunc.c ****  @verbatim    
  14:Libraries/STM32F4xx_StdPeriph_Driver/src/stm32f4xx_flash_ramfunc.c ****  ==============================================================================
  15:Libraries/STM32F4xx_StdPeriph_Driver/src/stm32f4xx_flash_ramfunc.c ****                     ##### APIs executed from Internal RAM #####
  16:Libraries/STM32F4xx_StdPeriph_Driver/src/stm32f4xx_flash_ramfunc.c ****   ==============================================================================
  17:Libraries/STM32F4xx_StdPeriph_Driver/src/stm32f4xx_flash_ramfunc.c ****   [..]
  18:Libraries/STM32F4xx_StdPeriph_Driver/src/stm32f4xx_flash_ramfunc.c ****     *** ARM Compiler ***
  19:Libraries/STM32F4xx_StdPeriph_Driver/src/stm32f4xx_flash_ramfunc.c ****     --------------------
  20:Libraries/STM32F4xx_StdPeriph_Driver/src/stm32f4xx_flash_ramfunc.c ****     [..] RAM functions are defined using the toolchain options. 
  21:Libraries/STM32F4xx_StdPeriph_Driver/src/stm32f4xx_flash_ramfunc.c ****          Functions that are be executed in RAM should reside in a separate
  22:Libraries/STM32F4xx_StdPeriph_Driver/src/stm32f4xx_flash_ramfunc.c ****          source module. Using the 'Options for File' dialog you can simply change
  23:Libraries/STM32F4xx_StdPeriph_Driver/src/stm32f4xx_flash_ramfunc.c ****          the 'Code / Const' area of a module to a memory space in physical RAM.
  24:Libraries/STM32F4xx_StdPeriph_Driver/src/stm32f4xx_flash_ramfunc.c ****          Available memory areas are declared in the 'Target' tab of the 
  25:Libraries/STM32F4xx_StdPeriph_Driver/src/stm32f4xx_flash_ramfunc.c ****          Options for Target' dialog.
  26:Libraries/STM32F4xx_StdPeriph_Driver/src/stm32f4xx_flash_ramfunc.c **** 
  27:Libraries/STM32F4xx_StdPeriph_Driver/src/stm32f4xx_flash_ramfunc.c ****     *** ICCARM Compiler ***
  28:Libraries/STM32F4xx_StdPeriph_Driver/src/stm32f4xx_flash_ramfunc.c ****     -----------------------
  29:Libraries/STM32F4xx_StdPeriph_Driver/src/stm32f4xx_flash_ramfunc.c ****     [..] RAM functions are defined using a specific toolchain keyword "__ramfunc".
ARM GAS  /tmp/ccW0AjdO.s 			page 2


  30:Libraries/STM32F4xx_StdPeriph_Driver/src/stm32f4xx_flash_ramfunc.c **** 
  31:Libraries/STM32F4xx_StdPeriph_Driver/src/stm32f4xx_flash_ramfunc.c ****     *** GNU Compiler ***
  32:Libraries/STM32F4xx_StdPeriph_Driver/src/stm32f4xx_flash_ramfunc.c ****     --------------------
  33:Libraries/STM32F4xx_StdPeriph_Driver/src/stm32f4xx_flash_ramfunc.c ****     [..] RAM functions are defined using a specific toolchain attribute
  34:Libraries/STM32F4xx_StdPeriph_Driver/src/stm32f4xx_flash_ramfunc.c ****          "__attribute__((section(".RamFunc")))".
  35:Libraries/STM32F4xx_StdPeriph_Driver/src/stm32f4xx_flash_ramfunc.c ****   
  36:Libraries/STM32F4xx_StdPeriph_Driver/src/stm32f4xx_flash_ramfunc.c ****   @endverbatim
  37:Libraries/STM32F4xx_StdPeriph_Driver/src/stm32f4xx_flash_ramfunc.c ****   ******************************************************************************
  38:Libraries/STM32F4xx_StdPeriph_Driver/src/stm32f4xx_flash_ramfunc.c ****   * @attention
  39:Libraries/STM32F4xx_StdPeriph_Driver/src/stm32f4xx_flash_ramfunc.c ****   *
  40:Libraries/STM32F4xx_StdPeriph_Driver/src/stm32f4xx_flash_ramfunc.c ****   * Copyright (c) 2016 STMicroelectronics.
  41:Libraries/STM32F4xx_StdPeriph_Driver/src/stm32f4xx_flash_ramfunc.c ****   * All rights reserved.
  42:Libraries/STM32F4xx_StdPeriph_Driver/src/stm32f4xx_flash_ramfunc.c ****   *
  43:Libraries/STM32F4xx_StdPeriph_Driver/src/stm32f4xx_flash_ramfunc.c ****   * This software is licensed under terms that can be found in the LICENSE file
  44:Libraries/STM32F4xx_StdPeriph_Driver/src/stm32f4xx_flash_ramfunc.c ****   * in the root directory of this software component.
  45:Libraries/STM32F4xx_StdPeriph_Driver/src/stm32f4xx_flash_ramfunc.c ****   * If no LICENSE file comes with this software, it is provided AS-IS.
  46:Libraries/STM32F4xx_StdPeriph_Driver/src/stm32f4xx_flash_ramfunc.c ****   *
  47:Libraries/STM32F4xx_StdPeriph_Driver/src/stm32f4xx_flash_ramfunc.c ****   ******************************************************************************
  48:Libraries/STM32F4xx_StdPeriph_Driver/src/stm32f4xx_flash_ramfunc.c ****   */
  49:Libraries/STM32F4xx_StdPeriph_Driver/src/stm32f4xx_flash_ramfunc.c **** 
  50:Libraries/STM32F4xx_StdPeriph_Driver/src/stm32f4xx_flash_ramfunc.c **** /* Includes ------------------------------------------------------------------*/
  51:Libraries/STM32F4xx_StdPeriph_Driver/src/stm32f4xx_flash_ramfunc.c **** #include "stm32f4xx_flash_ramfunc.h"
  52:Libraries/STM32F4xx_StdPeriph_Driver/src/stm32f4xx_flash_ramfunc.c **** 
  53:Libraries/STM32F4xx_StdPeriph_Driver/src/stm32f4xx_flash_ramfunc.c **** /** @addtogroup STM32F4xx_StdPeriph_Driver
  54:Libraries/STM32F4xx_StdPeriph_Driver/src/stm32f4xx_flash_ramfunc.c ****   * @{
  55:Libraries/STM32F4xx_StdPeriph_Driver/src/stm32f4xx_flash_ramfunc.c ****   */
  56:Libraries/STM32F4xx_StdPeriph_Driver/src/stm32f4xx_flash_ramfunc.c **** 
  57:Libraries/STM32F4xx_StdPeriph_Driver/src/stm32f4xx_flash_ramfunc.c **** /** @defgroup FLASH RAMFUNC 
  58:Libraries/STM32F4xx_StdPeriph_Driver/src/stm32f4xx_flash_ramfunc.c ****   * @brief FLASH RAMFUNC driver modules
  59:Libraries/STM32F4xx_StdPeriph_Driver/src/stm32f4xx_flash_ramfunc.c ****   * @{
  60:Libraries/STM32F4xx_StdPeriph_Driver/src/stm32f4xx_flash_ramfunc.c ****   */ 
  61:Libraries/STM32F4xx_StdPeriph_Driver/src/stm32f4xx_flash_ramfunc.c **** 
  62:Libraries/STM32F4xx_StdPeriph_Driver/src/stm32f4xx_flash_ramfunc.c **** /* Private typedef -----------------------------------------------------------*/
  63:Libraries/STM32F4xx_StdPeriph_Driver/src/stm32f4xx_flash_ramfunc.c **** /* Private define ------------------------------------------------------------*/
  64:Libraries/STM32F4xx_StdPeriph_Driver/src/stm32f4xx_flash_ramfunc.c **** /* Private macro -------------------------------------------------------------*/
  65:Libraries/STM32F4xx_StdPeriph_Driver/src/stm32f4xx_flash_ramfunc.c **** /* Private variables ---------------------------------------------------------*/
  66:Libraries/STM32F4xx_StdPeriph_Driver/src/stm32f4xx_flash_ramfunc.c **** /* Private function prototypes -----------------------------------------------*/
  67:Libraries/STM32F4xx_StdPeriph_Driver/src/stm32f4xx_flash_ramfunc.c **** /* Private functions ---------------------------------------------------------*/
  68:Libraries/STM32F4xx_StdPeriph_Driver/src/stm32f4xx_flash_ramfunc.c **** 
  69:Libraries/STM32F4xx_StdPeriph_Driver/src/stm32f4xx_flash_ramfunc.c **** /** @defgroup FLASH_RAMFUNC_Private_Functions
  70:Libraries/STM32F4xx_StdPeriph_Driver/src/stm32f4xx_flash_ramfunc.c ****   * @{
  71:Libraries/STM32F4xx_StdPeriph_Driver/src/stm32f4xx_flash_ramfunc.c ****   */
  72:Libraries/STM32F4xx_StdPeriph_Driver/src/stm32f4xx_flash_ramfunc.c **** 
  73:Libraries/STM32F4xx_StdPeriph_Driver/src/stm32f4xx_flash_ramfunc.c **** /** @defgroup FLASH_RAMFUNC_Group1 Peripheral features functions executed from internal RAM 
  74:Libraries/STM32F4xx_StdPeriph_Driver/src/stm32f4xx_flash_ramfunc.c ****   *  @brief Peripheral Extended features functions 
  75:Libraries/STM32F4xx_StdPeriph_Driver/src/stm32f4xx_flash_ramfunc.c ****   *
  76:Libraries/STM32F4xx_StdPeriph_Driver/src/stm32f4xx_flash_ramfunc.c **** @verbatim   
  77:Libraries/STM32F4xx_StdPeriph_Driver/src/stm32f4xx_flash_ramfunc.c **** 
  78:Libraries/STM32F4xx_StdPeriph_Driver/src/stm32f4xx_flash_ramfunc.c ****  ===============================================================================
  79:Libraries/STM32F4xx_StdPeriph_Driver/src/stm32f4xx_flash_ramfunc.c ****                       ##### ramfunc functions #####
  80:Libraries/STM32F4xx_StdPeriph_Driver/src/stm32f4xx_flash_ramfunc.c ****  ===============================================================================
  81:Libraries/STM32F4xx_StdPeriph_Driver/src/stm32f4xx_flash_ramfunc.c ****     [..]
  82:Libraries/STM32F4xx_StdPeriph_Driver/src/stm32f4xx_flash_ramfunc.c ****     This subsection provides a set of functions that should be executed from RAM 
  83:Libraries/STM32F4xx_StdPeriph_Driver/src/stm32f4xx_flash_ramfunc.c ****     transfers.
  84:Libraries/STM32F4xx_StdPeriph_Driver/src/stm32f4xx_flash_ramfunc.c ****     
  85:Libraries/STM32F4xx_StdPeriph_Driver/src/stm32f4xx_flash_ramfunc.c **** @endverbatim
  86:Libraries/STM32F4xx_StdPeriph_Driver/src/stm32f4xx_flash_ramfunc.c ****   * @{
ARM GAS  /tmp/ccW0AjdO.s 			page 3


  87:Libraries/STM32F4xx_StdPeriph_Driver/src/stm32f4xx_flash_ramfunc.c ****   */
  88:Libraries/STM32F4xx_StdPeriph_Driver/src/stm32f4xx_flash_ramfunc.c **** 
  89:Libraries/STM32F4xx_StdPeriph_Driver/src/stm32f4xx_flash_ramfunc.c **** /**
  90:Libraries/STM32F4xx_StdPeriph_Driver/src/stm32f4xx_flash_ramfunc.c ****   * @brief Start/Stop the flash interface while System Run
  91:Libraries/STM32F4xx_StdPeriph_Driver/src/stm32f4xx_flash_ramfunc.c ****   * @note  This mode is only available for STM32F411xx devices. 
  92:Libraries/STM32F4xx_StdPeriph_Driver/src/stm32f4xx_flash_ramfunc.c ****   * @note  This mode could n't be set while executing with the flash itself. 
  93:Libraries/STM32F4xx_StdPeriph_Driver/src/stm32f4xx_flash_ramfunc.c ****   *        It should be done with specific routine executed from RAM.     
  94:Libraries/STM32F4xx_StdPeriph_Driver/src/stm32f4xx_flash_ramfunc.c ****   * @param  NewState: new state of the Smart Card mode.
  95:Libraries/STM32F4xx_StdPeriph_Driver/src/stm32f4xx_flash_ramfunc.c ****   *          This parameter can be: ENABLE or DISABLE.  
  96:Libraries/STM32F4xx_StdPeriph_Driver/src/stm32f4xx_flash_ramfunc.c ****   * @retval None
  97:Libraries/STM32F4xx_StdPeriph_Driver/src/stm32f4xx_flash_ramfunc.c ****   */
  98:Libraries/STM32F4xx_StdPeriph_Driver/src/stm32f4xx_flash_ramfunc.c **** __RAM_FUNC FLASH_FlashInterfaceCmd(FunctionalState NewState)
  99:Libraries/STM32F4xx_StdPeriph_Driver/src/stm32f4xx_flash_ramfunc.c **** {
  30              		.loc 1 99 1 view -0
  31              		.cfi_startproc
  32              		@ args = 0, pretend = 0, frame = 0
  33              		@ frame_needed = 0, uses_anonymous_args = 0
  34              		@ link register save eliminated.
 100:Libraries/STM32F4xx_StdPeriph_Driver/src/stm32f4xx_flash_ramfunc.c ****   if (NewState != DISABLE)
  35              		.loc 1 100 3 view .LVU1
  36              		.loc 1 100 6 is_stmt 0 view .LVU2
  37 0000 28B1     		cbz	r0, .L2
 101:Libraries/STM32F4xx_StdPeriph_Driver/src/stm32f4xx_flash_ramfunc.c ****   {
 102:Libraries/STM32F4xx_StdPeriph_Driver/src/stm32f4xx_flash_ramfunc.c ****     /* Start the flash interface while System Run */
 103:Libraries/STM32F4xx_StdPeriph_Driver/src/stm32f4xx_flash_ramfunc.c ****     CLEAR_BIT(PWR->CR, PWR_CR_FISSR);
  38              		.loc 1 103 5 is_stmt 1 view .LVU3
  39 0002 064A     		ldr	r2, .L4
  40 0004 1368     		ldr	r3, [r2]
  41 0006 23F40013 		bic	r3, r3, #2097152
  42 000a 1360     		str	r3, [r2]
  43 000c 7047     		bx	lr
  44              	.L2:
 104:Libraries/STM32F4xx_StdPeriph_Driver/src/stm32f4xx_flash_ramfunc.c ****   }
 105:Libraries/STM32F4xx_StdPeriph_Driver/src/stm32f4xx_flash_ramfunc.c ****   else
 106:Libraries/STM32F4xx_StdPeriph_Driver/src/stm32f4xx_flash_ramfunc.c ****   {
 107:Libraries/STM32F4xx_StdPeriph_Driver/src/stm32f4xx_flash_ramfunc.c ****     /* Stop the flash interface while System Run */  
 108:Libraries/STM32F4xx_StdPeriph_Driver/src/stm32f4xx_flash_ramfunc.c ****     SET_BIT(PWR->CR, PWR_CR_FISSR);
  45              		.loc 1 108 5 view .LVU4
  46 000e 034A     		ldr	r2, .L4
  47 0010 1368     		ldr	r3, [r2]
  48 0012 43F40013 		orr	r3, r3, #2097152
  49 0016 1360     		str	r3, [r2]
 109:Libraries/STM32F4xx_StdPeriph_Driver/src/stm32f4xx_flash_ramfunc.c ****   }
 110:Libraries/STM32F4xx_StdPeriph_Driver/src/stm32f4xx_flash_ramfunc.c **** }
  50              		.loc 1 110 1 is_stmt 0 view .LVU5
  51 0018 7047     		bx	lr
  52              	.L5:
  53 001a 00BF     		.align	2
  54              	.L4:
  55 001c 00700040 		.word	1073770496
  56              		.cfi_endproc
  57              	.LFE123:
  59              		.align	1
  60              		.global	FLASH_FlashSleepModeCmd
  61              		.syntax unified
  62              		.thumb
  63              		.thumb_func
ARM GAS  /tmp/ccW0AjdO.s 			page 4


  64              		.fpu fpv4-sp-d16
  66              	FLASH_FlashSleepModeCmd:
  67              	.LVL1:
  68              	.LFB124:
 111:Libraries/STM32F4xx_StdPeriph_Driver/src/stm32f4xx_flash_ramfunc.c **** 
 112:Libraries/STM32F4xx_StdPeriph_Driver/src/stm32f4xx_flash_ramfunc.c **** /**
 113:Libraries/STM32F4xx_StdPeriph_Driver/src/stm32f4xx_flash_ramfunc.c ****   * @brief Enable/Disable the flash sleep while System Run
 114:Libraries/STM32F4xx_StdPeriph_Driver/src/stm32f4xx_flash_ramfunc.c ****   * @note  This mode is only available for STM32F411xx devices. 
 115:Libraries/STM32F4xx_StdPeriph_Driver/src/stm32f4xx_flash_ramfunc.c ****   * @note  This mode could n't be set while executing with the flash itself. 
 116:Libraries/STM32F4xx_StdPeriph_Driver/src/stm32f4xx_flash_ramfunc.c ****   *        It should be done with specific routine executed from RAM.     
 117:Libraries/STM32F4xx_StdPeriph_Driver/src/stm32f4xx_flash_ramfunc.c ****   * @param  NewState: new state of the Smart Card mode.
 118:Libraries/STM32F4xx_StdPeriph_Driver/src/stm32f4xx_flash_ramfunc.c ****   *          This parameter can be: ENABLE or DISABLE.  
 119:Libraries/STM32F4xx_StdPeriph_Driver/src/stm32f4xx_flash_ramfunc.c ****   * @retval None
 120:Libraries/STM32F4xx_StdPeriph_Driver/src/stm32f4xx_flash_ramfunc.c ****   */
 121:Libraries/STM32F4xx_StdPeriph_Driver/src/stm32f4xx_flash_ramfunc.c **** __RAM_FUNC FLASH_FlashSleepModeCmd(FunctionalState NewState)
 122:Libraries/STM32F4xx_StdPeriph_Driver/src/stm32f4xx_flash_ramfunc.c **** {
  69              		.loc 1 122 1 is_stmt 1 view -0
  70              		.cfi_startproc
  71              		@ args = 0, pretend = 0, frame = 0
  72              		@ frame_needed = 0, uses_anonymous_args = 0
  73              		@ link register save eliminated.
 123:Libraries/STM32F4xx_StdPeriph_Driver/src/stm32f4xx_flash_ramfunc.c ****   if (NewState != DISABLE)
  74              		.loc 1 123 3 view .LVU7
  75              		.loc 1 123 6 is_stmt 0 view .LVU8
  76 0020 28B1     		cbz	r0, .L7
 124:Libraries/STM32F4xx_StdPeriph_Driver/src/stm32f4xx_flash_ramfunc.c ****   {
 125:Libraries/STM32F4xx_StdPeriph_Driver/src/stm32f4xx_flash_ramfunc.c ****     /* Enable the flash sleep while System Run */
 126:Libraries/STM32F4xx_StdPeriph_Driver/src/stm32f4xx_flash_ramfunc.c ****     SET_BIT(PWR->CR, PWR_CR_FMSSR);
  77              		.loc 1 126 5 is_stmt 1 view .LVU9
  78 0022 064A     		ldr	r2, .L9
  79 0024 1368     		ldr	r3, [r2]
  80 0026 43F48013 		orr	r3, r3, #1048576
  81 002a 1360     		str	r3, [r2]
  82 002c 7047     		bx	lr
  83              	.L7:
 127:Libraries/STM32F4xx_StdPeriph_Driver/src/stm32f4xx_flash_ramfunc.c ****   }
 128:Libraries/STM32F4xx_StdPeriph_Driver/src/stm32f4xx_flash_ramfunc.c ****   else
 129:Libraries/STM32F4xx_StdPeriph_Driver/src/stm32f4xx_flash_ramfunc.c ****   {
 130:Libraries/STM32F4xx_StdPeriph_Driver/src/stm32f4xx_flash_ramfunc.c ****     /* Disable the flash sleep while System Run */
 131:Libraries/STM32F4xx_StdPeriph_Driver/src/stm32f4xx_flash_ramfunc.c ****     CLEAR_BIT(PWR->CR, PWR_CR_FMSSR);
  84              		.loc 1 131 5 view .LVU10
  85 002e 034A     		ldr	r2, .L9
  86 0030 1368     		ldr	r3, [r2]
  87 0032 23F48013 		bic	r3, r3, #1048576
  88 0036 1360     		str	r3, [r2]
 132:Libraries/STM32F4xx_StdPeriph_Driver/src/stm32f4xx_flash_ramfunc.c ****   }
 133:Libraries/STM32F4xx_StdPeriph_Driver/src/stm32f4xx_flash_ramfunc.c **** }
  89              		.loc 1 133 1 is_stmt 0 view .LVU11
  90 0038 7047     		bx	lr
  91              	.L10:
  92 003a 00BF     		.align	2
  93              	.L9:
  94 003c 00700040 		.word	1073770496
  95              		.cfi_endproc
  96              	.LFE124:
  98              		.text
  99              	.Letext0:
ARM GAS  /tmp/ccW0AjdO.s 			page 5


 100              		.file 2 "/home/ktkuri/arm-gcc-tools/arm-none-eabi/include/machine/_default_types.h"
 101              		.file 3 "/home/ktkuri/arm-gcc-tools/arm-none-eabi/include/sys/_stdint.h"
 102              		.file 4 "Libraries/CMSIS/Device/ST/STM32F4xx/Include/stm32f4xx.h"
ARM GAS  /tmp/ccW0AjdO.s 			page 6


DEFINED SYMBOLS
                            *ABS*:0000000000000000 stm32f4xx_flash_ramfunc.c
     /tmp/ccW0AjdO.s:18     .RamFunc:0000000000000000 $t
     /tmp/ccW0AjdO.s:26     .RamFunc:0000000000000000 FLASH_FlashInterfaceCmd
     /tmp/ccW0AjdO.s:55     .RamFunc:000000000000001c $d
     /tmp/ccW0AjdO.s:59     .RamFunc:0000000000000020 $t
     /tmp/ccW0AjdO.s:66     .RamFunc:0000000000000020 FLASH_FlashSleepModeCmd
     /tmp/ccW0AjdO.s:94     .RamFunc:000000000000003c $d

NO UNDEFINED SYMBOLS
