ARM GAS  C:\Users\ktkuru\AppData\Local\Temp\ccAzbYNd.s 			page 1


   1              		.cpu cortex-m4
   2              		.arch armv7e-m
   3              		.fpu fpv4-sp-d16
   4              		.eabi_attribute 27, 1
   5              		.eabi_attribute 28, 1
   6              		.eabi_attribute 20, 1
   7              		.eabi_attribute 21, 1
   8              		.eabi_attribute 23, 3
   9              		.eabi_attribute 24, 1
  10              		.eabi_attribute 25, 1
  11              		.eabi_attribute 26, 1
  12              		.eabi_attribute 30, 1
  13              		.eabi_attribute 34, 1
  14              		.eabi_attribute 18, 4
  15              		.file	"stm32f4xx_exti.c"
  16              		.text
  17              	.Ltext0:
  18              		.cfi_sections	.debug_frame
  19              		.file 1 "libraries/STM32F4xx_StdPeriph_Driver/src/stm32f4xx_exti.c"
  20              		.section	.text.EXTI_DeInit,"ax",%progbits
  21              		.align	1
  22              		.global	EXTI_DeInit
  23              		.syntax unified
  24              		.thumb
  25              		.thumb_func
  27              	EXTI_DeInit:
  28              	.LFB123:
   1:libraries/STM32F4xx_StdPeriph_Driver/src/stm32f4xx_exti.c **** /**
   2:libraries/STM32F4xx_StdPeriph_Driver/src/stm32f4xx_exti.c ****   ******************************************************************************
   3:libraries/STM32F4xx_StdPeriph_Driver/src/stm32f4xx_exti.c ****   * @file    stm32f4xx_exti.c
   4:libraries/STM32F4xx_StdPeriph_Driver/src/stm32f4xx_exti.c ****   * @author  MCD Application Team
   5:libraries/STM32F4xx_StdPeriph_Driver/src/stm32f4xx_exti.c ****   * @version V1.8.1
   6:libraries/STM32F4xx_StdPeriph_Driver/src/stm32f4xx_exti.c ****   * @date    27-January-2022
   7:libraries/STM32F4xx_StdPeriph_Driver/src/stm32f4xx_exti.c ****   * @brief   This file provides firmware functions to manage the following 
   8:libraries/STM32F4xx_StdPeriph_Driver/src/stm32f4xx_exti.c ****   *          functionalities of the EXTI peripheral:
   9:libraries/STM32F4xx_StdPeriph_Driver/src/stm32f4xx_exti.c ****   *           + Initialization and Configuration
  10:libraries/STM32F4xx_StdPeriph_Driver/src/stm32f4xx_exti.c ****   *           + Interrupts and flags management
  11:libraries/STM32F4xx_StdPeriph_Driver/src/stm32f4xx_exti.c ****   *
  12:libraries/STM32F4xx_StdPeriph_Driver/src/stm32f4xx_exti.c **** @verbatim  
  13:libraries/STM32F4xx_StdPeriph_Driver/src/stm32f4xx_exti.c **** 
  14:libraries/STM32F4xx_StdPeriph_Driver/src/stm32f4xx_exti.c ****  ===============================================================================
  15:libraries/STM32F4xx_StdPeriph_Driver/src/stm32f4xx_exti.c ****                               ##### EXTI features #####
  16:libraries/STM32F4xx_StdPeriph_Driver/src/stm32f4xx_exti.c ****  ===============================================================================
  17:libraries/STM32F4xx_StdPeriph_Driver/src/stm32f4xx_exti.c **** 
  18:libraries/STM32F4xx_StdPeriph_Driver/src/stm32f4xx_exti.c ****  [..] External interrupt/event lines are mapped as following:
  19:libraries/STM32F4xx_StdPeriph_Driver/src/stm32f4xx_exti.c ****    (#) All available GPIO pins are connected to the 16 external 
  20:libraries/STM32F4xx_StdPeriph_Driver/src/stm32f4xx_exti.c ****        interrupt/event lines from EXTI0 to EXTI15.
  21:libraries/STM32F4xx_StdPeriph_Driver/src/stm32f4xx_exti.c ****    (#) EXTI line 16 is connected to the PVD Output
  22:libraries/STM32F4xx_StdPeriph_Driver/src/stm32f4xx_exti.c ****    (#) EXTI line 17 is connected to the RTC Alarm event
  23:libraries/STM32F4xx_StdPeriph_Driver/src/stm32f4xx_exti.c ****    (#) EXTI line 18 is connected to the USB OTG FS Wakeup from suspend event
  24:libraries/STM32F4xx_StdPeriph_Driver/src/stm32f4xx_exti.c ****    (#) EXTI line 19 is connected to the Ethernet Wakeup event
  25:libraries/STM32F4xx_StdPeriph_Driver/src/stm32f4xx_exti.c ****    (#) EXTI line 20 is connected to the USB OTG HS (configured in FS) Wakeup event 
  26:libraries/STM32F4xx_StdPeriph_Driver/src/stm32f4xx_exti.c ****    (#) EXTI line 21 is connected to the RTC Tamper and Time Stamp events
  27:libraries/STM32F4xx_StdPeriph_Driver/src/stm32f4xx_exti.c ****    (#) EXTI line 22 is connected to the RTC Wakeup event
  28:libraries/STM32F4xx_StdPeriph_Driver/src/stm32f4xx_exti.c ****    (#) EXTI line 23 is connected to the LPTIM Wakeup event 
  29:libraries/STM32F4xx_StdPeriph_Driver/src/stm32f4xx_exti.c **** 
  30:libraries/STM32F4xx_StdPeriph_Driver/src/stm32f4xx_exti.c ****                        ##### How to use this driver #####
ARM GAS  C:\Users\ktkuru\AppData\Local\Temp\ccAzbYNd.s 			page 2


  31:libraries/STM32F4xx_StdPeriph_Driver/src/stm32f4xx_exti.c ****  ===============================================================================
  32:libraries/STM32F4xx_StdPeriph_Driver/src/stm32f4xx_exti.c ****  
  33:libraries/STM32F4xx_StdPeriph_Driver/src/stm32f4xx_exti.c ****  [..] In order to use an I/O pin as an external interrupt source, follow steps 
  34:libraries/STM32F4xx_StdPeriph_Driver/src/stm32f4xx_exti.c ****       below:
  35:libraries/STM32F4xx_StdPeriph_Driver/src/stm32f4xx_exti.c ****    (#) Configure the I/O in input mode using GPIO_Init()
  36:libraries/STM32F4xx_StdPeriph_Driver/src/stm32f4xx_exti.c ****    (#) Select the input source pin for the EXTI line using SYSCFG_EXTILineConfig()
  37:libraries/STM32F4xx_StdPeriph_Driver/src/stm32f4xx_exti.c ****    (#) Select the mode(interrupt, event) and configure the trigger 
  38:libraries/STM32F4xx_StdPeriph_Driver/src/stm32f4xx_exti.c ****        selection (Rising, falling or both) using EXTI_Init()
  39:libraries/STM32F4xx_StdPeriph_Driver/src/stm32f4xx_exti.c ****    (#) Configure NVIC IRQ channel mapped to the EXTI line using NVIC_Init()
  40:libraries/STM32F4xx_StdPeriph_Driver/src/stm32f4xx_exti.c **** 
  41:libraries/STM32F4xx_StdPeriph_Driver/src/stm32f4xx_exti.c ****  [..]     
  42:libraries/STM32F4xx_StdPeriph_Driver/src/stm32f4xx_exti.c ****    (@) SYSCFG APB clock must be enabled to get write access to SYSCFG_EXTICRx
  43:libraries/STM32F4xx_StdPeriph_Driver/src/stm32f4xx_exti.c ****        registers using RCC_APB2PeriphClockCmd(RCC_APB2Periph_SYSCFG, ENABLE);
  44:libraries/STM32F4xx_StdPeriph_Driver/src/stm32f4xx_exti.c **** 
  45:libraries/STM32F4xx_StdPeriph_Driver/src/stm32f4xx_exti.c **** @endverbatim
  46:libraries/STM32F4xx_StdPeriph_Driver/src/stm32f4xx_exti.c ****   *
  47:libraries/STM32F4xx_StdPeriph_Driver/src/stm32f4xx_exti.c ****   ******************************************************************************
  48:libraries/STM32F4xx_StdPeriph_Driver/src/stm32f4xx_exti.c ****   * @attention
  49:libraries/STM32F4xx_StdPeriph_Driver/src/stm32f4xx_exti.c ****   *
  50:libraries/STM32F4xx_StdPeriph_Driver/src/stm32f4xx_exti.c ****   * Copyright (c) 2016 STMicroelectronics.
  51:libraries/STM32F4xx_StdPeriph_Driver/src/stm32f4xx_exti.c ****   * All rights reserved.
  52:libraries/STM32F4xx_StdPeriph_Driver/src/stm32f4xx_exti.c ****   *
  53:libraries/STM32F4xx_StdPeriph_Driver/src/stm32f4xx_exti.c ****   * This software is licensed under terms that can be found in the LICENSE file
  54:libraries/STM32F4xx_StdPeriph_Driver/src/stm32f4xx_exti.c ****   * in the root directory of this software component.
  55:libraries/STM32F4xx_StdPeriph_Driver/src/stm32f4xx_exti.c ****   * If no LICENSE file comes with this software, it is provided AS-IS.
  56:libraries/STM32F4xx_StdPeriph_Driver/src/stm32f4xx_exti.c ****   *
  57:libraries/STM32F4xx_StdPeriph_Driver/src/stm32f4xx_exti.c ****   ******************************************************************************
  58:libraries/STM32F4xx_StdPeriph_Driver/src/stm32f4xx_exti.c ****   */
  59:libraries/STM32F4xx_StdPeriph_Driver/src/stm32f4xx_exti.c **** 
  60:libraries/STM32F4xx_StdPeriph_Driver/src/stm32f4xx_exti.c **** /* Includes ------------------------------------------------------------------*/
  61:libraries/STM32F4xx_StdPeriph_Driver/src/stm32f4xx_exti.c **** #include "stm32f4xx_exti.h"
  62:libraries/STM32F4xx_StdPeriph_Driver/src/stm32f4xx_exti.c **** 
  63:libraries/STM32F4xx_StdPeriph_Driver/src/stm32f4xx_exti.c **** /** @addtogroup STM32F4xx_StdPeriph_Driver
  64:libraries/STM32F4xx_StdPeriph_Driver/src/stm32f4xx_exti.c ****   * @{
  65:libraries/STM32F4xx_StdPeriph_Driver/src/stm32f4xx_exti.c ****   */
  66:libraries/STM32F4xx_StdPeriph_Driver/src/stm32f4xx_exti.c **** 
  67:libraries/STM32F4xx_StdPeriph_Driver/src/stm32f4xx_exti.c **** /** @defgroup EXTI 
  68:libraries/STM32F4xx_StdPeriph_Driver/src/stm32f4xx_exti.c ****   * @brief EXTI driver modules
  69:libraries/STM32F4xx_StdPeriph_Driver/src/stm32f4xx_exti.c ****   * @{
  70:libraries/STM32F4xx_StdPeriph_Driver/src/stm32f4xx_exti.c ****   */
  71:libraries/STM32F4xx_StdPeriph_Driver/src/stm32f4xx_exti.c **** 
  72:libraries/STM32F4xx_StdPeriph_Driver/src/stm32f4xx_exti.c **** /* Private typedef -----------------------------------------------------------*/
  73:libraries/STM32F4xx_StdPeriph_Driver/src/stm32f4xx_exti.c **** /* Private define ------------------------------------------------------------*/
  74:libraries/STM32F4xx_StdPeriph_Driver/src/stm32f4xx_exti.c **** 
  75:libraries/STM32F4xx_StdPeriph_Driver/src/stm32f4xx_exti.c **** #define EXTI_LINENONE    ((uint32_t)0x00000)  /* No interrupt selected */
  76:libraries/STM32F4xx_StdPeriph_Driver/src/stm32f4xx_exti.c **** 
  77:libraries/STM32F4xx_StdPeriph_Driver/src/stm32f4xx_exti.c **** /* Private macro -------------------------------------------------------------*/
  78:libraries/STM32F4xx_StdPeriph_Driver/src/stm32f4xx_exti.c **** /* Private variables ---------------------------------------------------------*/
  79:libraries/STM32F4xx_StdPeriph_Driver/src/stm32f4xx_exti.c **** /* Private function prototypes -----------------------------------------------*/
  80:libraries/STM32F4xx_StdPeriph_Driver/src/stm32f4xx_exti.c **** /* Private functions ---------------------------------------------------------*/
  81:libraries/STM32F4xx_StdPeriph_Driver/src/stm32f4xx_exti.c **** 
  82:libraries/STM32F4xx_StdPeriph_Driver/src/stm32f4xx_exti.c **** /** @defgroup EXTI_Private_Functions
  83:libraries/STM32F4xx_StdPeriph_Driver/src/stm32f4xx_exti.c ****   * @{
  84:libraries/STM32F4xx_StdPeriph_Driver/src/stm32f4xx_exti.c ****   */
  85:libraries/STM32F4xx_StdPeriph_Driver/src/stm32f4xx_exti.c **** 
  86:libraries/STM32F4xx_StdPeriph_Driver/src/stm32f4xx_exti.c **** /** @defgroup EXTI_Group1 Initialization and Configuration functions
  87:libraries/STM32F4xx_StdPeriph_Driver/src/stm32f4xx_exti.c ****  *  @brief   Initialization and Configuration functions 
ARM GAS  C:\Users\ktkuru\AppData\Local\Temp\ccAzbYNd.s 			page 3


  88:libraries/STM32F4xx_StdPeriph_Driver/src/stm32f4xx_exti.c ****  *
  89:libraries/STM32F4xx_StdPeriph_Driver/src/stm32f4xx_exti.c **** @verbatim   
  90:libraries/STM32F4xx_StdPeriph_Driver/src/stm32f4xx_exti.c ****  ===============================================================================
  91:libraries/STM32F4xx_StdPeriph_Driver/src/stm32f4xx_exti.c ****              ##### Initialization and Configuration functions #####
  92:libraries/STM32F4xx_StdPeriph_Driver/src/stm32f4xx_exti.c ****  ===============================================================================
  93:libraries/STM32F4xx_StdPeriph_Driver/src/stm32f4xx_exti.c **** 
  94:libraries/STM32F4xx_StdPeriph_Driver/src/stm32f4xx_exti.c **** @endverbatim
  95:libraries/STM32F4xx_StdPeriph_Driver/src/stm32f4xx_exti.c ****   * @{
  96:libraries/STM32F4xx_StdPeriph_Driver/src/stm32f4xx_exti.c ****   */
  97:libraries/STM32F4xx_StdPeriph_Driver/src/stm32f4xx_exti.c **** 
  98:libraries/STM32F4xx_StdPeriph_Driver/src/stm32f4xx_exti.c **** /**
  99:libraries/STM32F4xx_StdPeriph_Driver/src/stm32f4xx_exti.c ****   * @brief  Deinitializes the EXTI peripheral registers to their default reset values.
 100:libraries/STM32F4xx_StdPeriph_Driver/src/stm32f4xx_exti.c ****   * @param  None
 101:libraries/STM32F4xx_StdPeriph_Driver/src/stm32f4xx_exti.c ****   * @retval None
 102:libraries/STM32F4xx_StdPeriph_Driver/src/stm32f4xx_exti.c ****   */
 103:libraries/STM32F4xx_StdPeriph_Driver/src/stm32f4xx_exti.c **** void EXTI_DeInit(void)
 104:libraries/STM32F4xx_StdPeriph_Driver/src/stm32f4xx_exti.c **** {
  29              		.loc 1 104 1 view -0
  30              		.cfi_startproc
  31              		@ args = 0, pretend = 0, frame = 0
  32              		@ frame_needed = 0, uses_anonymous_args = 0
  33              		@ link register save eliminated.
 105:libraries/STM32F4xx_StdPeriph_Driver/src/stm32f4xx_exti.c ****   EXTI->IMR = 0x00000000;
  34              		.loc 1 105 3 view .LVU1
  35              		.loc 1 105 13 is_stmt 0 view .LVU2
  36 0000 044B     		ldr	r3, .L2
  37 0002 0022     		movs	r2, #0
  38 0004 1A60     		str	r2, [r3]
 106:libraries/STM32F4xx_StdPeriph_Driver/src/stm32f4xx_exti.c ****   EXTI->EMR = 0x00000000;
  39              		.loc 1 106 3 is_stmt 1 view .LVU3
  40              		.loc 1 106 13 is_stmt 0 view .LVU4
  41 0006 5A60     		str	r2, [r3, #4]
 107:libraries/STM32F4xx_StdPeriph_Driver/src/stm32f4xx_exti.c ****   EXTI->RTSR = 0x00000000;
  42              		.loc 1 107 3 is_stmt 1 view .LVU5
  43              		.loc 1 107 14 is_stmt 0 view .LVU6
  44 0008 9A60     		str	r2, [r3, #8]
 108:libraries/STM32F4xx_StdPeriph_Driver/src/stm32f4xx_exti.c ****   EXTI->FTSR = 0x00000000;
  45              		.loc 1 108 3 is_stmt 1 view .LVU7
  46              		.loc 1 108 14 is_stmt 0 view .LVU8
  47 000a DA60     		str	r2, [r3, #12]
 109:libraries/STM32F4xx_StdPeriph_Driver/src/stm32f4xx_exti.c ****   EXTI->PR = 0x007FFFFF;
  48              		.loc 1 109 3 is_stmt 1 view .LVU9
  49              		.loc 1 109 12 is_stmt 0 view .LVU10
  50 000c 024A     		ldr	r2, .L2+4
  51 000e 5A61     		str	r2, [r3, #20]
 110:libraries/STM32F4xx_StdPeriph_Driver/src/stm32f4xx_exti.c **** }
  52              		.loc 1 110 1 view .LVU11
  53 0010 7047     		bx	lr
  54              	.L3:
  55 0012 00BF     		.align	2
  56              	.L2:
  57 0014 003C0140 		.word	1073822720
  58 0018 FFFF7F00 		.word	8388607
  59              		.cfi_endproc
  60              	.LFE123:
  62              		.section	.text.EXTI_Init,"ax",%progbits
  63              		.align	1
ARM GAS  C:\Users\ktkuru\AppData\Local\Temp\ccAzbYNd.s 			page 4


  64              		.global	EXTI_Init
  65              		.syntax unified
  66              		.thumb
  67              		.thumb_func
  69              	EXTI_Init:
  70              	.LVL0:
  71              	.LFB124:
 111:libraries/STM32F4xx_StdPeriph_Driver/src/stm32f4xx_exti.c **** 
 112:libraries/STM32F4xx_StdPeriph_Driver/src/stm32f4xx_exti.c **** /**
 113:libraries/STM32F4xx_StdPeriph_Driver/src/stm32f4xx_exti.c ****   * @brief  Initializes the EXTI peripheral according to the specified
 114:libraries/STM32F4xx_StdPeriph_Driver/src/stm32f4xx_exti.c ****   *         parameters in the EXTI_InitStruct.
 115:libraries/STM32F4xx_StdPeriph_Driver/src/stm32f4xx_exti.c ****   * @param  EXTI_InitStruct: pointer to a EXTI_InitTypeDef structure
 116:libraries/STM32F4xx_StdPeriph_Driver/src/stm32f4xx_exti.c ****   *         that contains the configuration information for the EXTI peripheral.
 117:libraries/STM32F4xx_StdPeriph_Driver/src/stm32f4xx_exti.c ****   * @retval None
 118:libraries/STM32F4xx_StdPeriph_Driver/src/stm32f4xx_exti.c ****   */
 119:libraries/STM32F4xx_StdPeriph_Driver/src/stm32f4xx_exti.c **** void EXTI_Init(EXTI_InitTypeDef* EXTI_InitStruct)
 120:libraries/STM32F4xx_StdPeriph_Driver/src/stm32f4xx_exti.c **** {
  72              		.loc 1 120 1 is_stmt 1 view -0
  73              		.cfi_startproc
  74              		@ args = 0, pretend = 0, frame = 0
  75              		@ frame_needed = 0, uses_anonymous_args = 0
  76              		@ link register save eliminated.
 121:libraries/STM32F4xx_StdPeriph_Driver/src/stm32f4xx_exti.c ****   uint32_t tmp = 0;
  77              		.loc 1 121 3 view .LVU13
 122:libraries/STM32F4xx_StdPeriph_Driver/src/stm32f4xx_exti.c **** 
 123:libraries/STM32F4xx_StdPeriph_Driver/src/stm32f4xx_exti.c ****   /* Check the parameters */
 124:libraries/STM32F4xx_StdPeriph_Driver/src/stm32f4xx_exti.c ****   assert_param(IS_EXTI_MODE(EXTI_InitStruct->EXTI_Mode));
  78              		.loc 1 124 3 view .LVU14
 125:libraries/STM32F4xx_StdPeriph_Driver/src/stm32f4xx_exti.c ****   assert_param(IS_EXTI_TRIGGER(EXTI_InitStruct->EXTI_Trigger));
  79              		.loc 1 125 3 view .LVU15
 126:libraries/STM32F4xx_StdPeriph_Driver/src/stm32f4xx_exti.c ****   assert_param(IS_EXTI_LINE(EXTI_InitStruct->EXTI_Line));  
  80              		.loc 1 126 3 view .LVU16
 127:libraries/STM32F4xx_StdPeriph_Driver/src/stm32f4xx_exti.c ****   assert_param(IS_FUNCTIONAL_STATE(EXTI_InitStruct->EXTI_LineCmd));
  81              		.loc 1 127 3 view .LVU17
 128:libraries/STM32F4xx_StdPeriph_Driver/src/stm32f4xx_exti.c **** 
 129:libraries/STM32F4xx_StdPeriph_Driver/src/stm32f4xx_exti.c ****   tmp = (uint32_t)EXTI_BASE;
  82              		.loc 1 129 3 view .LVU18
 130:libraries/STM32F4xx_StdPeriph_Driver/src/stm32f4xx_exti.c ****      
 131:libraries/STM32F4xx_StdPeriph_Driver/src/stm32f4xx_exti.c ****   if (EXTI_InitStruct->EXTI_LineCmd != DISABLE)
  83              		.loc 1 131 3 view .LVU19
  84              		.loc 1 131 22 is_stmt 0 view .LVU20
  85 0000 8379     		ldrb	r3, [r0, #6]	@ zero_extendqisi2
  86              		.loc 1 131 6 view .LVU21
  87 0002 002B     		cmp	r3, #0
  88 0004 36D0     		beq	.L5
 120:libraries/STM32F4xx_StdPeriph_Driver/src/stm32f4xx_exti.c ****   uint32_t tmp = 0;
  89              		.loc 1 120 1 view .LVU22
  90 0006 10B4     		push	{r4}
  91              	.LCFI0:
  92              		.cfi_def_cfa_offset 4
  93              		.cfi_offset 4, -4
 132:libraries/STM32F4xx_StdPeriph_Driver/src/stm32f4xx_exti.c ****   {
 133:libraries/STM32F4xx_StdPeriph_Driver/src/stm32f4xx_exti.c ****     /* Clear EXTI line configuration */
 134:libraries/STM32F4xx_StdPeriph_Driver/src/stm32f4xx_exti.c ****     EXTI->IMR &= ~EXTI_InitStruct->EXTI_Line;
  94              		.loc 1 134 5 is_stmt 1 view .LVU23
  95              		.loc 1 134 9 is_stmt 0 view .LVU24
  96 0008 204B     		ldr	r3, .L13
ARM GAS  C:\Users\ktkuru\AppData\Local\Temp\ccAzbYNd.s 			page 5


  97 000a 1A68     		ldr	r2, [r3]
  98              		.loc 1 134 34 view .LVU25
  99 000c 0168     		ldr	r1, [r0]
 100              		.loc 1 134 15 view .LVU26
 101 000e 22EA0102 		bic	r2, r2, r1
 102 0012 1A60     		str	r2, [r3]
 135:libraries/STM32F4xx_StdPeriph_Driver/src/stm32f4xx_exti.c ****     EXTI->EMR &= ~EXTI_InitStruct->EXTI_Line;
 103              		.loc 1 135 5 is_stmt 1 view .LVU27
 104              		.loc 1 135 9 is_stmt 0 view .LVU28
 105 0014 5A68     		ldr	r2, [r3, #4]
 106              		.loc 1 135 34 view .LVU29
 107 0016 0168     		ldr	r1, [r0]
 108              		.loc 1 135 15 view .LVU30
 109 0018 22EA0102 		bic	r2, r2, r1
 110 001c 5A60     		str	r2, [r3, #4]
 136:libraries/STM32F4xx_StdPeriph_Driver/src/stm32f4xx_exti.c ****     
 137:libraries/STM32F4xx_StdPeriph_Driver/src/stm32f4xx_exti.c ****     tmp += EXTI_InitStruct->EXTI_Mode;
 111              		.loc 1 137 5 is_stmt 1 view .LVU31
 112              		.loc 1 137 27 is_stmt 0 view .LVU32
 113 001e 0279     		ldrb	r2, [r0, #4]	@ zero_extendqisi2
 114              		.loc 1 137 9 view .LVU33
 115 0020 02F18042 		add	r2, r2, #1073741824
 116 0024 02F59E32 		add	r2, r2, #80896
 117              	.LVL1:
 138:libraries/STM32F4xx_StdPeriph_Driver/src/stm32f4xx_exti.c **** 
 139:libraries/STM32F4xx_StdPeriph_Driver/src/stm32f4xx_exti.c ****     *(__IO uint32_t *) tmp |= EXTI_InitStruct->EXTI_Line;
 118              		.loc 1 139 5 is_stmt 1 view .LVU34
 119 0028 1168     		ldr	r1, [r2]
 120              		.loc 1 139 28 is_stmt 0 view .LVU35
 121 002a 0468     		ldr	r4, [r0]
 122 002c 2143     		orrs	r1, r1, r4
 123 002e 1160     		str	r1, [r2]
 140:libraries/STM32F4xx_StdPeriph_Driver/src/stm32f4xx_exti.c **** 
 141:libraries/STM32F4xx_StdPeriph_Driver/src/stm32f4xx_exti.c ****     /* Clear Rising Falling edge configuration */
 142:libraries/STM32F4xx_StdPeriph_Driver/src/stm32f4xx_exti.c ****     EXTI->RTSR &= ~EXTI_InitStruct->EXTI_Line;
 124              		.loc 1 142 5 is_stmt 1 view .LVU36
 125              		.loc 1 142 9 is_stmt 0 view .LVU37
 126 0030 9A68     		ldr	r2, [r3, #8]
 127              	.LVL2:
 128              		.loc 1 142 35 view .LVU38
 129 0032 0168     		ldr	r1, [r0]
 130              		.loc 1 142 16 view .LVU39
 131 0034 22EA0102 		bic	r2, r2, r1
 132 0038 9A60     		str	r2, [r3, #8]
 143:libraries/STM32F4xx_StdPeriph_Driver/src/stm32f4xx_exti.c ****     EXTI->FTSR &= ~EXTI_InitStruct->EXTI_Line;
 133              		.loc 1 143 5 is_stmt 1 view .LVU40
 134              		.loc 1 143 9 is_stmt 0 view .LVU41
 135 003a DA68     		ldr	r2, [r3, #12]
 136              		.loc 1 143 35 view .LVU42
 137 003c 0168     		ldr	r1, [r0]
 138              		.loc 1 143 16 view .LVU43
 139 003e 22EA0102 		bic	r2, r2, r1
 140 0042 DA60     		str	r2, [r3, #12]
 144:libraries/STM32F4xx_StdPeriph_Driver/src/stm32f4xx_exti.c ****     
 145:libraries/STM32F4xx_StdPeriph_Driver/src/stm32f4xx_exti.c ****     /* Select the trigger for the selected external interrupts */
 146:libraries/STM32F4xx_StdPeriph_Driver/src/stm32f4xx_exti.c ****     if (EXTI_InitStruct->EXTI_Trigger == EXTI_Trigger_Rising_Falling)
 141              		.loc 1 146 5 is_stmt 1 view .LVU44
ARM GAS  C:\Users\ktkuru\AppData\Local\Temp\ccAzbYNd.s 			page 6


 142              		.loc 1 146 24 is_stmt 0 view .LVU45
 143 0044 4379     		ldrb	r3, [r0, #5]	@ zero_extendqisi2
 144              		.loc 1 146 8 view .LVU46
 145 0046 102B     		cmp	r3, #16
 146 0048 0AD0     		beq	.L12
 147:libraries/STM32F4xx_StdPeriph_Driver/src/stm32f4xx_exti.c ****     {
 148:libraries/STM32F4xx_StdPeriph_Driver/src/stm32f4xx_exti.c ****       /* Rising Falling edge */
 149:libraries/STM32F4xx_StdPeriph_Driver/src/stm32f4xx_exti.c ****       EXTI->RTSR |= EXTI_InitStruct->EXTI_Line;
 150:libraries/STM32F4xx_StdPeriph_Driver/src/stm32f4xx_exti.c ****       EXTI->FTSR |= EXTI_InitStruct->EXTI_Line;
 151:libraries/STM32F4xx_StdPeriph_Driver/src/stm32f4xx_exti.c ****     }
 152:libraries/STM32F4xx_StdPeriph_Driver/src/stm32f4xx_exti.c ****     else
 153:libraries/STM32F4xx_StdPeriph_Driver/src/stm32f4xx_exti.c ****     {
 154:libraries/STM32F4xx_StdPeriph_Driver/src/stm32f4xx_exti.c ****       tmp = (uint32_t)EXTI_BASE;
 147              		.loc 1 154 7 is_stmt 1 view .LVU47
 148              	.LVL3:
 155:libraries/STM32F4xx_StdPeriph_Driver/src/stm32f4xx_exti.c ****       tmp += EXTI_InitStruct->EXTI_Trigger;
 149              		.loc 1 155 7 view .LVU48
 150              		.loc 1 155 11 is_stmt 0 view .LVU49
 151 004a 03F18043 		add	r3, r3, #1073741824
 152 004e 03F59E33 		add	r3, r3, #80896
 153              	.LVL4:
 156:libraries/STM32F4xx_StdPeriph_Driver/src/stm32f4xx_exti.c **** 
 157:libraries/STM32F4xx_StdPeriph_Driver/src/stm32f4xx_exti.c ****       *(__IO uint32_t *) tmp |= EXTI_InitStruct->EXTI_Line;
 154              		.loc 1 157 7 is_stmt 1 view .LVU50
 155 0052 1A68     		ldr	r2, [r3]
 156              		.loc 1 157 48 is_stmt 0 view .LVU51
 157 0054 0168     		ldr	r1, [r0]
 158              		.loc 1 157 30 view .LVU52
 159 0056 0A43     		orrs	r2, r2, r1
 160 0058 1A60     		str	r2, [r3]
 161              	.LVL5:
 162              	.L4:
 158:libraries/STM32F4xx_StdPeriph_Driver/src/stm32f4xx_exti.c ****     }
 159:libraries/STM32F4xx_StdPeriph_Driver/src/stm32f4xx_exti.c ****   }
 160:libraries/STM32F4xx_StdPeriph_Driver/src/stm32f4xx_exti.c ****   else
 161:libraries/STM32F4xx_StdPeriph_Driver/src/stm32f4xx_exti.c ****   {
 162:libraries/STM32F4xx_StdPeriph_Driver/src/stm32f4xx_exti.c ****     tmp += EXTI_InitStruct->EXTI_Mode;
 163:libraries/STM32F4xx_StdPeriph_Driver/src/stm32f4xx_exti.c **** 
 164:libraries/STM32F4xx_StdPeriph_Driver/src/stm32f4xx_exti.c ****     /* Disable the selected external lines */
 165:libraries/STM32F4xx_StdPeriph_Driver/src/stm32f4xx_exti.c ****     *(__IO uint32_t *) tmp &= ~EXTI_InitStruct->EXTI_Line;
 166:libraries/STM32F4xx_StdPeriph_Driver/src/stm32f4xx_exti.c ****   }
 167:libraries/STM32F4xx_StdPeriph_Driver/src/stm32f4xx_exti.c **** }
 163              		.loc 1 167 1 view .LVU53
 164 005a 5DF8044B 		ldr	r4, [sp], #4
 165              	.LCFI1:
 166              		.cfi_remember_state
 167              		.cfi_restore 4
 168              		.cfi_def_cfa_offset 0
 169 005e 7047     		bx	lr
 170              	.LVL6:
 171              	.L12:
 172              	.LCFI2:
 173              		.cfi_restore_state
 149:libraries/STM32F4xx_StdPeriph_Driver/src/stm32f4xx_exti.c ****       EXTI->FTSR |= EXTI_InitStruct->EXTI_Line;
 174              		.loc 1 149 7 is_stmt 1 view .LVU54
 149:libraries/STM32F4xx_StdPeriph_Driver/src/stm32f4xx_exti.c ****       EXTI->FTSR |= EXTI_InitStruct->EXTI_Line;
 175              		.loc 1 149 11 is_stmt 0 view .LVU55
ARM GAS  C:\Users\ktkuru\AppData\Local\Temp\ccAzbYNd.s 			page 7


 176 0060 0A4B     		ldr	r3, .L13
 177 0062 9A68     		ldr	r2, [r3, #8]
 149:libraries/STM32F4xx_StdPeriph_Driver/src/stm32f4xx_exti.c ****       EXTI->FTSR |= EXTI_InitStruct->EXTI_Line;
 178              		.loc 1 149 36 view .LVU56
 179 0064 0168     		ldr	r1, [r0]
 149:libraries/STM32F4xx_StdPeriph_Driver/src/stm32f4xx_exti.c ****       EXTI->FTSR |= EXTI_InitStruct->EXTI_Line;
 180              		.loc 1 149 18 view .LVU57
 181 0066 0A43     		orrs	r2, r2, r1
 182 0068 9A60     		str	r2, [r3, #8]
 150:libraries/STM32F4xx_StdPeriph_Driver/src/stm32f4xx_exti.c ****     }
 183              		.loc 1 150 7 is_stmt 1 view .LVU58
 150:libraries/STM32F4xx_StdPeriph_Driver/src/stm32f4xx_exti.c ****     }
 184              		.loc 1 150 11 is_stmt 0 view .LVU59
 185 006a DA68     		ldr	r2, [r3, #12]
 150:libraries/STM32F4xx_StdPeriph_Driver/src/stm32f4xx_exti.c ****     }
 186              		.loc 1 150 36 view .LVU60
 187 006c 0168     		ldr	r1, [r0]
 150:libraries/STM32F4xx_StdPeriph_Driver/src/stm32f4xx_exti.c ****     }
 188              		.loc 1 150 18 view .LVU61
 189 006e 0A43     		orrs	r2, r2, r1
 190 0070 DA60     		str	r2, [r3, #12]
 191 0072 F2E7     		b	.L4
 192              	.LVL7:
 193              	.L5:
 194              	.LCFI3:
 195              		.cfi_def_cfa_offset 0
 196              		.cfi_restore 4
 162:libraries/STM32F4xx_StdPeriph_Driver/src/stm32f4xx_exti.c **** 
 197              		.loc 1 162 5 is_stmt 1 view .LVU62
 162:libraries/STM32F4xx_StdPeriph_Driver/src/stm32f4xx_exti.c **** 
 198              		.loc 1 162 27 is_stmt 0 view .LVU63
 199 0074 0379     		ldrb	r3, [r0, #4]	@ zero_extendqisi2
 162:libraries/STM32F4xx_StdPeriph_Driver/src/stm32f4xx_exti.c **** 
 200              		.loc 1 162 9 view .LVU64
 201 0076 03F18043 		add	r3, r3, #1073741824
 202 007a 03F59E33 		add	r3, r3, #80896
 203              	.LVL8:
 165:libraries/STM32F4xx_StdPeriph_Driver/src/stm32f4xx_exti.c ****   }
 204              		.loc 1 165 5 is_stmt 1 view .LVU65
 205 007e 1A68     		ldr	r2, [r3]
 165:libraries/STM32F4xx_StdPeriph_Driver/src/stm32f4xx_exti.c ****   }
 206              		.loc 1 165 47 is_stmt 0 view .LVU66
 207 0080 0168     		ldr	r1, [r0]
 165:libraries/STM32F4xx_StdPeriph_Driver/src/stm32f4xx_exti.c ****   }
 208              		.loc 1 165 28 view .LVU67
 209 0082 22EA0102 		bic	r2, r2, r1
 210 0086 1A60     		str	r2, [r3]
 211 0088 7047     		bx	lr
 212              	.L14:
 213 008a 00BF     		.align	2
 214              	.L13:
 215 008c 003C0140 		.word	1073822720
 216              		.cfi_endproc
 217              	.LFE124:
 219              		.section	.text.EXTI_StructInit,"ax",%progbits
 220              		.align	1
 221              		.global	EXTI_StructInit
ARM GAS  C:\Users\ktkuru\AppData\Local\Temp\ccAzbYNd.s 			page 8


 222              		.syntax unified
 223              		.thumb
 224              		.thumb_func
 226              	EXTI_StructInit:
 227              	.LVL9:
 228              	.LFB125:
 168:libraries/STM32F4xx_StdPeriph_Driver/src/stm32f4xx_exti.c **** 
 169:libraries/STM32F4xx_StdPeriph_Driver/src/stm32f4xx_exti.c **** /**
 170:libraries/STM32F4xx_StdPeriph_Driver/src/stm32f4xx_exti.c ****   * @brief  Fills each EXTI_InitStruct member with its reset value.
 171:libraries/STM32F4xx_StdPeriph_Driver/src/stm32f4xx_exti.c ****   * @param  EXTI_InitStruct: pointer to a EXTI_InitTypeDef structure which will
 172:libraries/STM32F4xx_StdPeriph_Driver/src/stm32f4xx_exti.c ****   *         be initialized.
 173:libraries/STM32F4xx_StdPeriph_Driver/src/stm32f4xx_exti.c ****   * @retval None
 174:libraries/STM32F4xx_StdPeriph_Driver/src/stm32f4xx_exti.c ****   */
 175:libraries/STM32F4xx_StdPeriph_Driver/src/stm32f4xx_exti.c **** void EXTI_StructInit(EXTI_InitTypeDef* EXTI_InitStruct)
 176:libraries/STM32F4xx_StdPeriph_Driver/src/stm32f4xx_exti.c **** {
 229              		.loc 1 176 1 is_stmt 1 view -0
 230              		.cfi_startproc
 231              		@ args = 0, pretend = 0, frame = 0
 232              		@ frame_needed = 0, uses_anonymous_args = 0
 233              		@ link register save eliminated.
 177:libraries/STM32F4xx_StdPeriph_Driver/src/stm32f4xx_exti.c ****   EXTI_InitStruct->EXTI_Line = EXTI_LINENONE;
 234              		.loc 1 177 3 view .LVU69
 235              		.loc 1 177 30 is_stmt 0 view .LVU70
 236 0000 0023     		movs	r3, #0
 237 0002 0360     		str	r3, [r0]
 178:libraries/STM32F4xx_StdPeriph_Driver/src/stm32f4xx_exti.c ****   EXTI_InitStruct->EXTI_Mode = EXTI_Mode_Interrupt;
 238              		.loc 1 178 3 is_stmt 1 view .LVU71
 239              		.loc 1 178 30 is_stmt 0 view .LVU72
 240 0004 0371     		strb	r3, [r0, #4]
 179:libraries/STM32F4xx_StdPeriph_Driver/src/stm32f4xx_exti.c ****   EXTI_InitStruct->EXTI_Trigger = EXTI_Trigger_Falling;
 241              		.loc 1 179 3 is_stmt 1 view .LVU73
 242              		.loc 1 179 33 is_stmt 0 view .LVU74
 243 0006 0C22     		movs	r2, #12
 244 0008 4271     		strb	r2, [r0, #5]
 180:libraries/STM32F4xx_StdPeriph_Driver/src/stm32f4xx_exti.c ****   EXTI_InitStruct->EXTI_LineCmd = DISABLE;
 245              		.loc 1 180 3 is_stmt 1 view .LVU75
 246              		.loc 1 180 33 is_stmt 0 view .LVU76
 247 000a 8371     		strb	r3, [r0, #6]
 181:libraries/STM32F4xx_StdPeriph_Driver/src/stm32f4xx_exti.c **** }
 248              		.loc 1 181 1 view .LVU77
 249 000c 7047     		bx	lr
 250              		.cfi_endproc
 251              	.LFE125:
 253              		.section	.text.EXTI_GenerateSWInterrupt,"ax",%progbits
 254              		.align	1
 255              		.global	EXTI_GenerateSWInterrupt
 256              		.syntax unified
 257              		.thumb
 258              		.thumb_func
 260              	EXTI_GenerateSWInterrupt:
 261              	.LVL10:
 262              	.LFB126:
 182:libraries/STM32F4xx_StdPeriph_Driver/src/stm32f4xx_exti.c **** 
 183:libraries/STM32F4xx_StdPeriph_Driver/src/stm32f4xx_exti.c **** /**
 184:libraries/STM32F4xx_StdPeriph_Driver/src/stm32f4xx_exti.c ****   * @brief  Generates a Software interrupt on selected EXTI line.
 185:libraries/STM32F4xx_StdPeriph_Driver/src/stm32f4xx_exti.c ****   * @param  EXTI_Line: specifies the EXTI line on which the software interrupt
 186:libraries/STM32F4xx_StdPeriph_Driver/src/stm32f4xx_exti.c ****   *         will be generated.
ARM GAS  C:\Users\ktkuru\AppData\Local\Temp\ccAzbYNd.s 			page 9


 187:libraries/STM32F4xx_StdPeriph_Driver/src/stm32f4xx_exti.c ****   *         This parameter can be any combination of EXTI_Linex where x can be (0..22)
 188:libraries/STM32F4xx_StdPeriph_Driver/src/stm32f4xx_exti.c ****   * @retval None
 189:libraries/STM32F4xx_StdPeriph_Driver/src/stm32f4xx_exti.c ****   */
 190:libraries/STM32F4xx_StdPeriph_Driver/src/stm32f4xx_exti.c **** void EXTI_GenerateSWInterrupt(uint32_t EXTI_Line)
 191:libraries/STM32F4xx_StdPeriph_Driver/src/stm32f4xx_exti.c **** {
 263              		.loc 1 191 1 is_stmt 1 view -0
 264              		.cfi_startproc
 265              		@ args = 0, pretend = 0, frame = 0
 266              		@ frame_needed = 0, uses_anonymous_args = 0
 267              		@ link register save eliminated.
 192:libraries/STM32F4xx_StdPeriph_Driver/src/stm32f4xx_exti.c ****   /* Check the parameters */
 193:libraries/STM32F4xx_StdPeriph_Driver/src/stm32f4xx_exti.c ****   assert_param(IS_EXTI_LINE(EXTI_Line));
 268              		.loc 1 193 3 view .LVU79
 194:libraries/STM32F4xx_StdPeriph_Driver/src/stm32f4xx_exti.c ****   
 195:libraries/STM32F4xx_StdPeriph_Driver/src/stm32f4xx_exti.c ****   EXTI->SWIER |= EXTI_Line;
 269              		.loc 1 195 3 view .LVU80
 270              		.loc 1 195 7 is_stmt 0 view .LVU81
 271 0000 024A     		ldr	r2, .L17
 272 0002 1369     		ldr	r3, [r2, #16]
 273              		.loc 1 195 15 view .LVU82
 274 0004 0343     		orrs	r3, r3, r0
 275 0006 1361     		str	r3, [r2, #16]
 196:libraries/STM32F4xx_StdPeriph_Driver/src/stm32f4xx_exti.c **** }
 276              		.loc 1 196 1 view .LVU83
 277 0008 7047     		bx	lr
 278              	.L18:
 279 000a 00BF     		.align	2
 280              	.L17:
 281 000c 003C0140 		.word	1073822720
 282              		.cfi_endproc
 283              	.LFE126:
 285              		.section	.text.EXTI_GetFlagStatus,"ax",%progbits
 286              		.align	1
 287              		.global	EXTI_GetFlagStatus
 288              		.syntax unified
 289              		.thumb
 290              		.thumb_func
 292              	EXTI_GetFlagStatus:
 293              	.LVL11:
 294              	.LFB127:
 197:libraries/STM32F4xx_StdPeriph_Driver/src/stm32f4xx_exti.c **** 
 198:libraries/STM32F4xx_StdPeriph_Driver/src/stm32f4xx_exti.c **** /**
 199:libraries/STM32F4xx_StdPeriph_Driver/src/stm32f4xx_exti.c ****   * @}
 200:libraries/STM32F4xx_StdPeriph_Driver/src/stm32f4xx_exti.c ****   */
 201:libraries/STM32F4xx_StdPeriph_Driver/src/stm32f4xx_exti.c **** 
 202:libraries/STM32F4xx_StdPeriph_Driver/src/stm32f4xx_exti.c **** /** @defgroup EXTI_Group2 Interrupts and flags management functions
 203:libraries/STM32F4xx_StdPeriph_Driver/src/stm32f4xx_exti.c ****  *  @brief   Interrupts and flags management functions 
 204:libraries/STM32F4xx_StdPeriph_Driver/src/stm32f4xx_exti.c ****  *
 205:libraries/STM32F4xx_StdPeriph_Driver/src/stm32f4xx_exti.c **** @verbatim   
 206:libraries/STM32F4xx_StdPeriph_Driver/src/stm32f4xx_exti.c ****  ===============================================================================
 207:libraries/STM32F4xx_StdPeriph_Driver/src/stm32f4xx_exti.c ****              ##### Interrupts and flags management functions #####
 208:libraries/STM32F4xx_StdPeriph_Driver/src/stm32f4xx_exti.c ****  ===============================================================================
 209:libraries/STM32F4xx_StdPeriph_Driver/src/stm32f4xx_exti.c **** 
 210:libraries/STM32F4xx_StdPeriph_Driver/src/stm32f4xx_exti.c **** @endverbatim
 211:libraries/STM32F4xx_StdPeriph_Driver/src/stm32f4xx_exti.c ****   * @{
 212:libraries/STM32F4xx_StdPeriph_Driver/src/stm32f4xx_exti.c ****   */
 213:libraries/STM32F4xx_StdPeriph_Driver/src/stm32f4xx_exti.c **** 
ARM GAS  C:\Users\ktkuru\AppData\Local\Temp\ccAzbYNd.s 			page 10


 214:libraries/STM32F4xx_StdPeriph_Driver/src/stm32f4xx_exti.c **** /**
 215:libraries/STM32F4xx_StdPeriph_Driver/src/stm32f4xx_exti.c ****   * @brief  Checks whether the specified EXTI line flag is set or not.
 216:libraries/STM32F4xx_StdPeriph_Driver/src/stm32f4xx_exti.c ****   * @param  EXTI_Line: specifies the EXTI line flag to check.
 217:libraries/STM32F4xx_StdPeriph_Driver/src/stm32f4xx_exti.c ****   *          This parameter can be EXTI_Linex where x can be(0..22)
 218:libraries/STM32F4xx_StdPeriph_Driver/src/stm32f4xx_exti.c ****   * @retval The new state of EXTI_Line (SET or RESET).
 219:libraries/STM32F4xx_StdPeriph_Driver/src/stm32f4xx_exti.c ****   */
 220:libraries/STM32F4xx_StdPeriph_Driver/src/stm32f4xx_exti.c **** FlagStatus EXTI_GetFlagStatus(uint32_t EXTI_Line)
 221:libraries/STM32F4xx_StdPeriph_Driver/src/stm32f4xx_exti.c **** {
 295              		.loc 1 221 1 is_stmt 1 view -0
 296              		.cfi_startproc
 297              		@ args = 0, pretend = 0, frame = 0
 298              		@ frame_needed = 0, uses_anonymous_args = 0
 299              		@ link register save eliminated.
 222:libraries/STM32F4xx_StdPeriph_Driver/src/stm32f4xx_exti.c ****   FlagStatus bitstatus = RESET;
 300              		.loc 1 222 3 view .LVU85
 223:libraries/STM32F4xx_StdPeriph_Driver/src/stm32f4xx_exti.c ****   /* Check the parameters */
 224:libraries/STM32F4xx_StdPeriph_Driver/src/stm32f4xx_exti.c ****   assert_param(IS_GET_EXTI_LINE(EXTI_Line));
 301              		.loc 1 224 3 view .LVU86
 225:libraries/STM32F4xx_StdPeriph_Driver/src/stm32f4xx_exti.c ****   
 226:libraries/STM32F4xx_StdPeriph_Driver/src/stm32f4xx_exti.c ****   if ((EXTI->PR & EXTI_Line) != (uint32_t)RESET)
 302              		.loc 1 226 3 view .LVU87
 303              		.loc 1 226 12 is_stmt 0 view .LVU88
 304 0000 034B     		ldr	r3, .L22
 305 0002 5B69     		ldr	r3, [r3, #20]
 306              		.loc 1 226 6 view .LVU89
 307 0004 0342     		tst	r3, r0
 308 0006 01D0     		beq	.L21
 227:libraries/STM32F4xx_StdPeriph_Driver/src/stm32f4xx_exti.c ****   {
 228:libraries/STM32F4xx_StdPeriph_Driver/src/stm32f4xx_exti.c ****     bitstatus = SET;
 309              		.loc 1 228 15 view .LVU90
 310 0008 0120     		movs	r0, #1
 311              	.LVL12:
 312              		.loc 1 228 15 view .LVU91
 313 000a 7047     		bx	lr
 314              	.LVL13:
 315              	.L21:
 229:libraries/STM32F4xx_StdPeriph_Driver/src/stm32f4xx_exti.c ****   }
 230:libraries/STM32F4xx_StdPeriph_Driver/src/stm32f4xx_exti.c ****   else
 231:libraries/STM32F4xx_StdPeriph_Driver/src/stm32f4xx_exti.c ****   {
 232:libraries/STM32F4xx_StdPeriph_Driver/src/stm32f4xx_exti.c ****     bitstatus = RESET;
 316              		.loc 1 232 15 view .LVU92
 317 000c 0020     		movs	r0, #0
 318              	.LVL14:
 233:libraries/STM32F4xx_StdPeriph_Driver/src/stm32f4xx_exti.c ****   }
 234:libraries/STM32F4xx_StdPeriph_Driver/src/stm32f4xx_exti.c ****   return bitstatus;
 319              		.loc 1 234 3 is_stmt 1 view .LVU93
 235:libraries/STM32F4xx_StdPeriph_Driver/src/stm32f4xx_exti.c **** }
 320              		.loc 1 235 1 is_stmt 0 view .LVU94
 321 000e 7047     		bx	lr
 322              	.L23:
 323              		.align	2
 324              	.L22:
 325 0010 003C0140 		.word	1073822720
 326              		.cfi_endproc
 327              	.LFE127:
 329              		.section	.text.EXTI_ClearFlag,"ax",%progbits
 330              		.align	1
ARM GAS  C:\Users\ktkuru\AppData\Local\Temp\ccAzbYNd.s 			page 11


 331              		.global	EXTI_ClearFlag
 332              		.syntax unified
 333              		.thumb
 334              		.thumb_func
 336              	EXTI_ClearFlag:
 337              	.LVL15:
 338              	.LFB128:
 236:libraries/STM32F4xx_StdPeriph_Driver/src/stm32f4xx_exti.c **** 
 237:libraries/STM32F4xx_StdPeriph_Driver/src/stm32f4xx_exti.c **** /**
 238:libraries/STM32F4xx_StdPeriph_Driver/src/stm32f4xx_exti.c ****   * @brief  Clears the EXTI's line pending flags.
 239:libraries/STM32F4xx_StdPeriph_Driver/src/stm32f4xx_exti.c ****   * @param  EXTI_Line: specifies the EXTI lines flags to clear.
 240:libraries/STM32F4xx_StdPeriph_Driver/src/stm32f4xx_exti.c ****   *          This parameter can be any combination of EXTI_Linex where x can be (0..22)
 241:libraries/STM32F4xx_StdPeriph_Driver/src/stm32f4xx_exti.c ****   * @retval None
 242:libraries/STM32F4xx_StdPeriph_Driver/src/stm32f4xx_exti.c ****   */
 243:libraries/STM32F4xx_StdPeriph_Driver/src/stm32f4xx_exti.c **** void EXTI_ClearFlag(uint32_t EXTI_Line)
 244:libraries/STM32F4xx_StdPeriph_Driver/src/stm32f4xx_exti.c **** {
 339              		.loc 1 244 1 is_stmt 1 view -0
 340              		.cfi_startproc
 341              		@ args = 0, pretend = 0, frame = 0
 342              		@ frame_needed = 0, uses_anonymous_args = 0
 343              		@ link register save eliminated.
 245:libraries/STM32F4xx_StdPeriph_Driver/src/stm32f4xx_exti.c ****   /* Check the parameters */
 246:libraries/STM32F4xx_StdPeriph_Driver/src/stm32f4xx_exti.c ****   assert_param(IS_EXTI_LINE(EXTI_Line));
 344              		.loc 1 246 3 view .LVU96
 247:libraries/STM32F4xx_StdPeriph_Driver/src/stm32f4xx_exti.c ****   
 248:libraries/STM32F4xx_StdPeriph_Driver/src/stm32f4xx_exti.c ****   EXTI->PR = EXTI_Line;
 345              		.loc 1 248 3 view .LVU97
 346              		.loc 1 248 12 is_stmt 0 view .LVU98
 347 0000 014B     		ldr	r3, .L25
 348 0002 5861     		str	r0, [r3, #20]
 249:libraries/STM32F4xx_StdPeriph_Driver/src/stm32f4xx_exti.c **** }
 349              		.loc 1 249 1 view .LVU99
 350 0004 7047     		bx	lr
 351              	.L26:
 352 0006 00BF     		.align	2
 353              	.L25:
 354 0008 003C0140 		.word	1073822720
 355              		.cfi_endproc
 356              	.LFE128:
 358              		.section	.text.EXTI_GetITStatus,"ax",%progbits
 359              		.align	1
 360              		.global	EXTI_GetITStatus
 361              		.syntax unified
 362              		.thumb
 363              		.thumb_func
 365              	EXTI_GetITStatus:
 366              	.LVL16:
 367              	.LFB129:
 250:libraries/STM32F4xx_StdPeriph_Driver/src/stm32f4xx_exti.c **** 
 251:libraries/STM32F4xx_StdPeriph_Driver/src/stm32f4xx_exti.c **** /**
 252:libraries/STM32F4xx_StdPeriph_Driver/src/stm32f4xx_exti.c ****   * @brief  Checks whether the specified EXTI line is asserted or not.
 253:libraries/STM32F4xx_StdPeriph_Driver/src/stm32f4xx_exti.c ****   * @param  EXTI_Line: specifies the EXTI line to check.
 254:libraries/STM32F4xx_StdPeriph_Driver/src/stm32f4xx_exti.c ****   *          This parameter can be EXTI_Linex where x can be(0..22)
 255:libraries/STM32F4xx_StdPeriph_Driver/src/stm32f4xx_exti.c ****   * @retval The new state of EXTI_Line (SET or RESET).
 256:libraries/STM32F4xx_StdPeriph_Driver/src/stm32f4xx_exti.c ****   */
 257:libraries/STM32F4xx_StdPeriph_Driver/src/stm32f4xx_exti.c **** ITStatus EXTI_GetITStatus(uint32_t EXTI_Line)
 258:libraries/STM32F4xx_StdPeriph_Driver/src/stm32f4xx_exti.c **** {
ARM GAS  C:\Users\ktkuru\AppData\Local\Temp\ccAzbYNd.s 			page 12


 368              		.loc 1 258 1 is_stmt 1 view -0
 369              		.cfi_startproc
 370              		@ args = 0, pretend = 0, frame = 0
 371              		@ frame_needed = 0, uses_anonymous_args = 0
 372              		@ link register save eliminated.
 259:libraries/STM32F4xx_StdPeriph_Driver/src/stm32f4xx_exti.c ****   FlagStatus bitstatus = RESET;
 373              		.loc 1 259 3 view .LVU101
 260:libraries/STM32F4xx_StdPeriph_Driver/src/stm32f4xx_exti.c ****   /* Check the parameters */
 261:libraries/STM32F4xx_StdPeriph_Driver/src/stm32f4xx_exti.c ****   assert_param(IS_GET_EXTI_LINE(EXTI_Line));
 374              		.loc 1 261 3 view .LVU102
 262:libraries/STM32F4xx_StdPeriph_Driver/src/stm32f4xx_exti.c ****   
 263:libraries/STM32F4xx_StdPeriph_Driver/src/stm32f4xx_exti.c ****   if ((EXTI->PR & EXTI_Line) != (uint32_t)RESET)
 375              		.loc 1 263 3 view .LVU103
 376              		.loc 1 263 12 is_stmt 0 view .LVU104
 377 0000 034B     		ldr	r3, .L30
 378 0002 5B69     		ldr	r3, [r3, #20]
 379              		.loc 1 263 6 view .LVU105
 380 0004 0342     		tst	r3, r0
 381 0006 01D0     		beq	.L29
 264:libraries/STM32F4xx_StdPeriph_Driver/src/stm32f4xx_exti.c ****   {
 265:libraries/STM32F4xx_StdPeriph_Driver/src/stm32f4xx_exti.c ****     bitstatus = SET;
 382              		.loc 1 265 15 view .LVU106
 383 0008 0120     		movs	r0, #1
 384              	.LVL17:
 385              		.loc 1 265 15 view .LVU107
 386 000a 7047     		bx	lr
 387              	.LVL18:
 388              	.L29:
 266:libraries/STM32F4xx_StdPeriph_Driver/src/stm32f4xx_exti.c ****   }
 267:libraries/STM32F4xx_StdPeriph_Driver/src/stm32f4xx_exti.c ****   else
 268:libraries/STM32F4xx_StdPeriph_Driver/src/stm32f4xx_exti.c ****   {
 269:libraries/STM32F4xx_StdPeriph_Driver/src/stm32f4xx_exti.c ****     bitstatus = RESET;
 389              		.loc 1 269 15 view .LVU108
 390 000c 0020     		movs	r0, #0
 391              	.LVL19:
 270:libraries/STM32F4xx_StdPeriph_Driver/src/stm32f4xx_exti.c ****   }
 271:libraries/STM32F4xx_StdPeriph_Driver/src/stm32f4xx_exti.c ****   return bitstatus;
 392              		.loc 1 271 3 is_stmt 1 view .LVU109
 272:libraries/STM32F4xx_StdPeriph_Driver/src/stm32f4xx_exti.c ****   
 273:libraries/STM32F4xx_StdPeriph_Driver/src/stm32f4xx_exti.c **** }
 393              		.loc 1 273 1 is_stmt 0 view .LVU110
 394 000e 7047     		bx	lr
 395              	.L31:
 396              		.align	2
 397              	.L30:
 398 0010 003C0140 		.word	1073822720
 399              		.cfi_endproc
 400              	.LFE129:
 402              		.section	.text.EXTI_ClearITPendingBit,"ax",%progbits
 403              		.align	1
 404              		.global	EXTI_ClearITPendingBit
 405              		.syntax unified
 406              		.thumb
 407              		.thumb_func
 409              	EXTI_ClearITPendingBit:
 410              	.LVL20:
 411              	.LFB130:
ARM GAS  C:\Users\ktkuru\AppData\Local\Temp\ccAzbYNd.s 			page 13


 274:libraries/STM32F4xx_StdPeriph_Driver/src/stm32f4xx_exti.c **** 
 275:libraries/STM32F4xx_StdPeriph_Driver/src/stm32f4xx_exti.c **** /**
 276:libraries/STM32F4xx_StdPeriph_Driver/src/stm32f4xx_exti.c ****   * @brief  Clears the EXTI's line pending bits.
 277:libraries/STM32F4xx_StdPeriph_Driver/src/stm32f4xx_exti.c ****   * @param  EXTI_Line: specifies the EXTI lines to clear.
 278:libraries/STM32F4xx_StdPeriph_Driver/src/stm32f4xx_exti.c ****   *          This parameter can be any combination of EXTI_Linex where x can be (0..22)
 279:libraries/STM32F4xx_StdPeriph_Driver/src/stm32f4xx_exti.c ****   * @retval None
 280:libraries/STM32F4xx_StdPeriph_Driver/src/stm32f4xx_exti.c ****   */
 281:libraries/STM32F4xx_StdPeriph_Driver/src/stm32f4xx_exti.c **** void EXTI_ClearITPendingBit(uint32_t EXTI_Line)
 282:libraries/STM32F4xx_StdPeriph_Driver/src/stm32f4xx_exti.c **** {
 412              		.loc 1 282 1 is_stmt 1 view -0
 413              		.cfi_startproc
 414              		@ args = 0, pretend = 0, frame = 0
 415              		@ frame_needed = 0, uses_anonymous_args = 0
 416              		@ link register save eliminated.
 283:libraries/STM32F4xx_StdPeriph_Driver/src/stm32f4xx_exti.c ****   /* Check the parameters */
 284:libraries/STM32F4xx_StdPeriph_Driver/src/stm32f4xx_exti.c ****   assert_param(IS_EXTI_LINE(EXTI_Line));
 417              		.loc 1 284 3 view .LVU112
 285:libraries/STM32F4xx_StdPeriph_Driver/src/stm32f4xx_exti.c ****   
 286:libraries/STM32F4xx_StdPeriph_Driver/src/stm32f4xx_exti.c ****   EXTI->PR = EXTI_Line;
 418              		.loc 1 286 3 view .LVU113
 419              		.loc 1 286 12 is_stmt 0 view .LVU114
 420 0000 014B     		ldr	r3, .L33
 421 0002 5861     		str	r0, [r3, #20]
 287:libraries/STM32F4xx_StdPeriph_Driver/src/stm32f4xx_exti.c **** }
 422              		.loc 1 287 1 view .LVU115
 423 0004 7047     		bx	lr
 424              	.L34:
 425 0006 00BF     		.align	2
 426              	.L33:
 427 0008 003C0140 		.word	1073822720
 428              		.cfi_endproc
 429              	.LFE130:
 431              		.text
 432              	.Letext0:
 433              		.file 2 "C:/Program Files (x86)/Arm GNU Toolchain arm-none-eabi/13.3 rel1/arm-none-eabi/include/ma
 434              		.file 3 "C:/Program Files (x86)/Arm GNU Toolchain arm-none-eabi/13.3 rel1/arm-none-eabi/include/sy
 435              		.file 4 "libraries/CMSIS/Device/ST/STM32F4xx/include/stm32f4xx.h"
 436              		.file 5 "libraries/STM32F4xx_StdPeriph_Driver/inc/stm32f4xx_exti.h"
ARM GAS  C:\Users\ktkuru\AppData\Local\Temp\ccAzbYNd.s 			page 14


DEFINED SYMBOLS
                            *ABS*:00000000 stm32f4xx_exti.c
C:\Users\ktkuru\AppData\Local\Temp\ccAzbYNd.s:21     .text.EXTI_DeInit:00000000 $t
C:\Users\ktkuru\AppData\Local\Temp\ccAzbYNd.s:27     .text.EXTI_DeInit:00000000 EXTI_DeInit
C:\Users\ktkuru\AppData\Local\Temp\ccAzbYNd.s:57     .text.EXTI_DeInit:00000014 $d
C:\Users\ktkuru\AppData\Local\Temp\ccAzbYNd.s:63     .text.EXTI_Init:00000000 $t
C:\Users\ktkuru\AppData\Local\Temp\ccAzbYNd.s:69     .text.EXTI_Init:00000000 EXTI_Init
C:\Users\ktkuru\AppData\Local\Temp\ccAzbYNd.s:215    .text.EXTI_Init:0000008c $d
C:\Users\ktkuru\AppData\Local\Temp\ccAzbYNd.s:220    .text.EXTI_StructInit:00000000 $t
C:\Users\ktkuru\AppData\Local\Temp\ccAzbYNd.s:226    .text.EXTI_StructInit:00000000 EXTI_StructInit
C:\Users\ktkuru\AppData\Local\Temp\ccAzbYNd.s:254    .text.EXTI_GenerateSWInterrupt:00000000 $t
C:\Users\ktkuru\AppData\Local\Temp\ccAzbYNd.s:260    .text.EXTI_GenerateSWInterrupt:00000000 EXTI_GenerateSWInterrupt
C:\Users\ktkuru\AppData\Local\Temp\ccAzbYNd.s:281    .text.EXTI_GenerateSWInterrupt:0000000c $d
C:\Users\ktkuru\AppData\Local\Temp\ccAzbYNd.s:286    .text.EXTI_GetFlagStatus:00000000 $t
C:\Users\ktkuru\AppData\Local\Temp\ccAzbYNd.s:292    .text.EXTI_GetFlagStatus:00000000 EXTI_GetFlagStatus
C:\Users\ktkuru\AppData\Local\Temp\ccAzbYNd.s:325    .text.EXTI_GetFlagStatus:00000010 $d
C:\Users\ktkuru\AppData\Local\Temp\ccAzbYNd.s:330    .text.EXTI_ClearFlag:00000000 $t
C:\Users\ktkuru\AppData\Local\Temp\ccAzbYNd.s:336    .text.EXTI_ClearFlag:00000000 EXTI_ClearFlag
C:\Users\ktkuru\AppData\Local\Temp\ccAzbYNd.s:354    .text.EXTI_ClearFlag:00000008 $d
C:\Users\ktkuru\AppData\Local\Temp\ccAzbYNd.s:359    .text.EXTI_GetITStatus:00000000 $t
C:\Users\ktkuru\AppData\Local\Temp\ccAzbYNd.s:365    .text.EXTI_GetITStatus:00000000 EXTI_GetITStatus
C:\Users\ktkuru\AppData\Local\Temp\ccAzbYNd.s:398    .text.EXTI_GetITStatus:00000010 $d
C:\Users\ktkuru\AppData\Local\Temp\ccAzbYNd.s:403    .text.EXTI_ClearITPendingBit:00000000 $t
C:\Users\ktkuru\AppData\Local\Temp\ccAzbYNd.s:409    .text.EXTI_ClearITPendingBit:00000000 EXTI_ClearITPendingBit
C:\Users\ktkuru\AppData\Local\Temp\ccAzbYNd.s:427    .text.EXTI_ClearITPendingBit:00000008 $d

NO UNDEFINED SYMBOLS
