ARM GAS  C:\Users\ktkuru\AppData\Local\Temp\cc5fTgRN.s 			page 1


   1              		.cpu cortex-m4
   2              		.arch armv7e-m
   3              		.fpu fpv4-sp-d16
   4              		.eabi_attribute 27, 1
   5              		.eabi_attribute 28, 1
   6              		.eabi_attribute 20, 1
   7              		.eabi_attribute 21, 1
   8              		.eabi_attribute 23, 3
   9              		.eabi_attribute 24, 1
  10              		.eabi_attribute 25, 1
  11              		.eabi_attribute 26, 1
  12              		.eabi_attribute 30, 1
  13              		.eabi_attribute 34, 1
  14              		.eabi_attribute 18, 4
  15              		.file	"__main.cpp"
  16              		.text
  17              	.Ltext0:
  18              		.cfi_sections	.debug_frame
  19              		.file 1 "User/__main.cpp"
  20              		.section	.text.__main,"ax",%progbits
  21              		.align	1
  22              		.global	__main
  23              		.syntax unified
  24              		.thumb
  25              		.thumb_func
  27              	__main:
  28              		.fnstart
  29              	.LFB133:
   1:User/__main.cpp **** #include "lib.h"
   2:User/__main.cpp **** 
   3:User/__main.cpp **** 
   4:User/__main.cpp **** 
   5:User/__main.cpp **** 
   6:User/__main.cpp **** 
   7:User/__main.cpp **** int __main()
   8:User/__main.cpp **** {
  30              		.loc 1 8 1 view -0
  31              		.cfi_startproc
  32              		@ args = 0, pretend = 0, frame = 0
  33              		@ frame_needed = 0, uses_anonymous_args = 0
  34 0000 08B5     		push	{r3, lr}
  35              		.save {r3, lr}
  36              	.LCFI0:
  37              		.cfi_def_cfa_offset 8
  38              		.cfi_offset 3, -8
  39              		.cfi_offset 14, -4
   9:User/__main.cpp ****     
  10:User/__main.cpp ****     LCD_Clear(WHITE);
  40              		.loc 1 10 5 view .LVU1
  41              		.loc 1 10 14 is_stmt 0 view .LVU2
  42 0002 4FF6FF70 		movw	r0, #65535
  43 0006 FFF7FEFF 		bl	LCD_Clear
  44              	.LVL0:
  45              	.L2:
  11:User/__main.cpp ****     while (1)
  46              		.loc 1 11 5 is_stmt 1 view .LVU3
  12:User/__main.cpp ****     {
ARM GAS  C:\Users\ktkuru\AppData\Local\Temp\cc5fTgRN.s 			page 2


  13:User/__main.cpp ****         
  14:User/__main.cpp ****         //LCD_ShowxNum(10,10,12,2,32,1);
  15:User/__main.cpp ****         //LCD_ShowString(10,40,240,32,32,p);
  16:User/__main.cpp ****         //Printf(10,40,240,32,32,"hello,world");
  17:User/__main.cpp ****         LCD_DrawRectangle(500,500,100,50);
  47              		.loc 1 17 9 discriminator 1 view .LVU4
  48              		.loc 1 17 26 is_stmt 0 discriminator 1 view .LVU5
  49 000a 3223     		movs	r3, #50
  50 000c 6422     		movs	r2, #100
  51 000e 4FF4FA71 		mov	r1, #500
  52 0012 0846     		mov	r0, r1
  53 0014 FFF7FEFF 		bl	LCD_DrawRectangle
  54              	.LVL1:
  11:User/__main.cpp ****     while (1)
  55              		.loc 1 11 5 is_stmt 1 view .LVU6
  56 0018 F7E7     		b	.L2
  57              		.cfi_endproc
  58              	.LFE133:
  59              		.fnend
  61              		.text
  62              	.Letext0:
  63              		.file 2 "C:/Program Files (x86)/Arm GNU Toolchain arm-none-eabi/13.3 rel1/arm-none-eabi/include/ma
  64              		.file 3 "C:/Program Files (x86)/Arm GNU Toolchain arm-none-eabi/13.3 rel1/arm-none-eabi/include/sy
  65              		.file 4 "User/stm32f4xx.h"
  66              		.file 5 "C:/Program Files (x86)/Arm GNU Toolchain arm-none-eabi/13.3 rel1/lib/gcc/arm-none-eabi/13
  67              		.file 6 "C:/Program Files (x86)/Arm GNU Toolchain arm-none-eabi/13.3 rel1/arm-none-eabi/include/c+
  68              		.file 7 "C:/Program Files (x86)/Arm GNU Toolchain arm-none-eabi/13.3 rel1/arm-none-eabi/include/c+
  69              		.file 8 "C:/Program Files (x86)/Arm GNU Toolchain arm-none-eabi/13.3 rel1/arm-none-eabi/include/c+
  70              		.file 9 "C:/Program Files (x86)/Arm GNU Toolchain arm-none-eabi/13.3 rel1/arm-none-eabi/include/st
  71              		.file 10 "C:/Program Files (x86)/Arm GNU Toolchain arm-none-eabi/13.3 rel1/arm-none-eabi/include/c
  72              		.file 11 "LCD/lcd.h"
ARM GAS  C:\Users\ktkuru\AppData\Local\Temp\cc5fTgRN.s 			page 3


DEFINED SYMBOLS
                            *ABS*:00000000 __main.cpp
C:\Users\ktkuru\AppData\Local\Temp\cc5fTgRN.s:21     .text.__main:00000000 $t
C:\Users\ktkuru\AppData\Local\Temp\cc5fTgRN.s:27     .text.__main:00000000 __main
           .ARM.extab.text.__main:00000000 $d
           .ARM.exidx.text.__main:00000000 $d

UNDEFINED SYMBOLS
LCD_Clear
LCD_DrawRectangle
__aeabi_unwind_cpp_pr1
