ARM GAS  C:\Users\ktkuru\AppData\Local\Temp\cc3n1Lze.s 			page 1


   1              		.cpu cortex-m4
   2              		.arch armv7e-m
   3              		.fpu fpv4-sp-d16
   4              		.eabi_attribute 27, 1
   5              		.eabi_attribute 28, 1
   6              		.eabi_attribute 20, 1
   7              		.eabi_attribute 21, 1
   8              		.eabi_attribute 23, 3
   9              		.eabi_attribute 24, 1
  10              		.eabi_attribute 25, 1
  11              		.eabi_attribute 26, 1
  12              		.eabi_attribute 30, 1
  13              		.eabi_attribute 34, 1
  14              		.eabi_attribute 18, 4
  15              		.file	"gt9xxx.c"
  16              		.text
  17              	.Ltext0:
  18              		.cfi_sections	.debug_frame
  19              		.file 1 "TOUCH/gt9xxx.c"
  20              		.section	.text.gt9xxx_wr_reg,"ax",%progbits
  21              		.align	1
  22              		.global	gt9xxx_wr_reg
  23              		.syntax unified
  24              		.thumb
  25              		.thumb_func
  27              	gt9xxx_wr_reg:
  28              	.LVL0:
  29              	.LFB126:
   1:TOUCH/gt9xxx.c **** 
   2:TOUCH/gt9xxx.c **** 
   3:TOUCH/gt9xxx.c **** #include "string.h"
   4:TOUCH/gt9xxx.c **** #include "lcd.h"
   5:TOUCH/gt9xxx.c **** //#include "touch.h"
   6:TOUCH/gt9xxx.c **** #include "ctiic.h"
   7:TOUCH/gt9xxx.c **** #include "gt9xxx.h"
   8:TOUCH/gt9xxx.c **** #include "usart.h"
   9:TOUCH/gt9xxx.c **** #include "delay.h"
  10:TOUCH/gt9xxx.c **** 
  11:TOUCH/gt9xxx.c **** 
  12:TOUCH/gt9xxx.c **** 
  13:TOUCH/gt9xxx.c **** /* Ê≥®ÊÑè: Èô§‰∫ÜGT9271ÊîØÊåÅ10ÁÇπËß¶Êë∏‰πãÂ§ñ, ÂÖ∂‰ªñËß¶Êë∏ËäØÁâáÂè™ÊîØÊåÅ 5ÁÇπËß¶Êë∏ */
  14:TOUCH/gt9xxx.c **** uint8_t g_gt_tnum = 5;      /* ÈªòËÆ§ÊîØÊåÅÁöÑËß¶Êë∏Â±èÁÇπÊï∞(5ÁÇπËß¶Êë∏) */
  15:TOUCH/gt9xxx.c **** 
  16:TOUCH/gt9xxx.c **** /**
  17:TOUCH/gt9xxx.c ****  * @brief       Âêëgt9xxxÂÜôÂÖ•‰∏ÄÊ¨°Êï∞ÊçÆ
  18:TOUCH/gt9xxx.c ****  * @param       reg : Ëµ∑ÂßãÂØÑÂ≠òÂô®Âú∞ÂùÄ
  19:TOUCH/gt9xxx.c ****  * @param       buf : Êï∞ÊçÆÁºìÁºìÂ≠òÂå∫
  20:TOUCH/gt9xxx.c ****  * @param       len : ÂÜôÊï∞ÊçÆÈïøÂ∫¶
  21:TOUCH/gt9xxx.c ****  * @retval      0, ÊàêÂäü; 1, Â§±Ë¥•;
  22:TOUCH/gt9xxx.c ****  */
  23:TOUCH/gt9xxx.c **** uint8_t gt9xxx_wr_reg(uint16_t reg, uint8_t *buf, uint8_t len)
  24:TOUCH/gt9xxx.c **** {
  30              		.loc 1 24 1 view -0
  31              		.cfi_startproc
  32              		@ args = 0, pretend = 0, frame = 0
  33              		@ frame_needed = 0, uses_anonymous_args = 0
  34              		.loc 1 24 1 is_stmt 0 view .LVU1
ARM GAS  C:\Users\ktkuru\AppData\Local\Temp\cc3n1Lze.s 			page 2


  35 0000 F8B5     		push	{r3, r4, r5, r6, r7, lr}
  36              	.LCFI0:
  37              		.cfi_def_cfa_offset 24
  38              		.cfi_offset 3, -24
  39              		.cfi_offset 4, -20
  40              		.cfi_offset 5, -16
  41              		.cfi_offset 6, -12
  42              		.cfi_offset 7, -8
  43              		.cfi_offset 14, -4
  44 0002 0446     		mov	r4, r0
  45 0004 0F46     		mov	r7, r1
  46 0006 1546     		mov	r5, r2
  25:TOUCH/gt9xxx.c ****     uint8_t i;
  47              		.loc 1 25 5 is_stmt 1 view .LVU2
  26:TOUCH/gt9xxx.c ****     uint8_t ret = 0;
  48              		.loc 1 26 5 view .LVU3
  49              	.LVL1:
  27:TOUCH/gt9xxx.c ****     ct_iic_start();
  50              		.loc 1 27 5 view .LVU4
  51 0008 FFF7FEFF 		bl	ct_iic_start
  52              	.LVL2:
  28:TOUCH/gt9xxx.c ****     ct_iic_send_byte(GT9XXX_CMD_WR);    /* ÂèëÈÄÅÂÜôÂëΩ‰ª§ */
  53              		.loc 1 28 5 view .LVU5
  54 000c 2820     		movs	r0, #40
  55 000e FFF7FEFF 		bl	ct_iic_send_byte
  56              	.LVL3:
  29:TOUCH/gt9xxx.c ****     ct_iic_wait_ack();
  57              		.loc 1 29 5 view .LVU6
  58 0012 FFF7FEFF 		bl	ct_iic_wait_ack
  59              	.LVL4:
  30:TOUCH/gt9xxx.c ****     ct_iic_send_byte(reg >> 8);         /* ÂèëÈÄÅÈ´ò8‰ΩçÂú∞ÂùÄ */
  60              		.loc 1 30 5 view .LVU7
  61 0016 200A     		lsrs	r0, r4, #8
  62 0018 FFF7FEFF 		bl	ct_iic_send_byte
  63              	.LVL5:
  31:TOUCH/gt9xxx.c ****     ct_iic_wait_ack();
  64              		.loc 1 31 5 view .LVU8
  65 001c FFF7FEFF 		bl	ct_iic_wait_ack
  66              	.LVL6:
  32:TOUCH/gt9xxx.c ****     ct_iic_send_byte(reg & 0XFF);       /* ÂèëÈÄÅ‰Ωé8‰ΩçÂú∞ÂùÄ */
  67              		.loc 1 32 5 view .LVU9
  68 0020 E0B2     		uxtb	r0, r4
  69 0022 FFF7FEFF 		bl	ct_iic_send_byte
  70              	.LVL7:
  33:TOUCH/gt9xxx.c ****     ct_iic_wait_ack();
  71              		.loc 1 33 5 view .LVU10
  72 0026 FFF7FEFF 		bl	ct_iic_wait_ack
  73              	.LVL8:
  34:TOUCH/gt9xxx.c **** 
  35:TOUCH/gt9xxx.c ****     for (i = 0; i < len; i++)
  74              		.loc 1 35 5 view .LVU11
  26:TOUCH/gt9xxx.c ****     ct_iic_start();
  75              		.loc 1 26 13 is_stmt 0 view .LVU12
  76 002a 0026     		movs	r6, #0
  77              		.loc 1 35 12 view .LVU13
  78 002c 3446     		mov	r4, r6
  79              	.LVL9:
ARM GAS  C:\Users\ktkuru\AppData\Local\Temp\cc3n1Lze.s 			page 3


  80              		.loc 1 35 5 view .LVU14
  81 002e 01E0     		b	.L2
  82              	.LVL10:
  83              	.L6:
  84              		.loc 1 35 27 is_stmt 1 discriminator 2 view .LVU15
  85 0030 0134     		adds	r4, r4, #1
  86              	.LVL11:
  87              		.loc 1 35 27 is_stmt 0 discriminator 2 view .LVU16
  88 0032 E4B2     		uxtb	r4, r4
  89              	.LVL12:
  90              	.L2:
  91              		.loc 1 35 19 is_stmt 1 discriminator 1 view .LVU17
  92 0034 AC42     		cmp	r4, r5
  93 0036 07D2     		bcs	.L3
  36:TOUCH/gt9xxx.c ****     {
  37:TOUCH/gt9xxx.c ****         ct_iic_send_byte(buf[i]);       /* ÂèëÊï∞ÊçÆ */
  94              		.loc 1 37 9 view .LVU18
  95 0038 385D     		ldrb	r0, [r7, r4]	@ zero_extendqisi2
  96 003a FFF7FEFF 		bl	ct_iic_send_byte
  97              	.LVL13:
  38:TOUCH/gt9xxx.c ****         ret = ct_iic_wait_ack();
  98              		.loc 1 38 9 view .LVU19
  99              		.loc 1 38 15 is_stmt 0 view .LVU20
 100 003e FFF7FEFF 		bl	ct_iic_wait_ack
 101              	.LVL14:
  39:TOUCH/gt9xxx.c **** 
  40:TOUCH/gt9xxx.c ****         if (ret)break;
 102              		.loc 1 40 9 is_stmt 1 view .LVU21
 103              		.loc 1 40 12 is_stmt 0 view .LVU22
 104 0042 0646     		mov	r6, r0
 105 0044 0028     		cmp	r0, #0
 106 0046 F3D0     		beq	.L6
 107              	.LVL15:
 108              	.L3:
  41:TOUCH/gt9xxx.c ****     }
  42:TOUCH/gt9xxx.c **** 
  43:TOUCH/gt9xxx.c ****     ct_iic_stop();  /* ‰∫ßÁîü‰∏Ä‰∏™ÂÅúÊ≠¢Êù°‰ª∂ */
 109              		.loc 1 43 5 is_stmt 1 view .LVU23
 110 0048 FFF7FEFF 		bl	ct_iic_stop
 111              	.LVL16:
  44:TOUCH/gt9xxx.c ****     return ret;
 112              		.loc 1 44 5 view .LVU24
  45:TOUCH/gt9xxx.c **** }
 113              		.loc 1 45 1 is_stmt 0 view .LVU25
 114 004c 3046     		mov	r0, r6
 115 004e F8BD     		pop	{r3, r4, r5, r6, r7, pc}
 116              		.loc 1 45 1 view .LVU26
 117              		.cfi_endproc
 118              	.LFE126:
 120              		.section	.text.gt9xxx_rd_reg,"ax",%progbits
 121              		.align	1
 122              		.global	gt9xxx_rd_reg
 123              		.syntax unified
 124              		.thumb
 125              		.thumb_func
 127              	gt9xxx_rd_reg:
 128              	.LVL17:
ARM GAS  C:\Users\ktkuru\AppData\Local\Temp\cc3n1Lze.s 			page 4


 129              	.LFB127:
  46:TOUCH/gt9xxx.c **** 
  47:TOUCH/gt9xxx.c **** /**
  48:TOUCH/gt9xxx.c ****  * @brief       ‰ªégt9xxxËØªÂá∫‰∏ÄÊ¨°Êï∞ÊçÆ
  49:TOUCH/gt9xxx.c ****  * @param       reg : Ëµ∑ÂßãÂØÑÂ≠òÂô®Âú∞ÂùÄ
  50:TOUCH/gt9xxx.c ****  * @param       buf : Êï∞ÊçÆÁºìÁºìÂ≠òÂå∫
  51:TOUCH/gt9xxx.c ****  * @param       len : ËØªÊï∞ÊçÆÈïøÂ∫¶
  52:TOUCH/gt9xxx.c ****  * @retval      Êó†
  53:TOUCH/gt9xxx.c ****  */
  54:TOUCH/gt9xxx.c **** void gt9xxx_rd_reg(uint16_t reg, uint8_t *buf, uint8_t len)
  55:TOUCH/gt9xxx.c **** {
 130              		.loc 1 55 1 is_stmt 1 view -0
 131              		.cfi_startproc
 132              		@ args = 0, pretend = 0, frame = 0
 133              		@ frame_needed = 0, uses_anonymous_args = 0
 134              		.loc 1 55 1 is_stmt 0 view .LVU28
 135 0000 70B5     		push	{r4, r5, r6, lr}
 136              	.LCFI1:
 137              		.cfi_def_cfa_offset 16
 138              		.cfi_offset 4, -16
 139              		.cfi_offset 5, -12
 140              		.cfi_offset 6, -8
 141              		.cfi_offset 14, -4
 142 0002 0446     		mov	r4, r0
 143 0004 0E46     		mov	r6, r1
 144 0006 1546     		mov	r5, r2
  56:TOUCH/gt9xxx.c ****     uint8_t i;
 145              		.loc 1 56 5 is_stmt 1 view .LVU29
  57:TOUCH/gt9xxx.c ****     ct_iic_start();
 146              		.loc 1 57 5 view .LVU30
 147 0008 FFF7FEFF 		bl	ct_iic_start
 148              	.LVL18:
  58:TOUCH/gt9xxx.c ****     ct_iic_send_byte(GT9XXX_CMD_WR);    /* ÂèëÈÄÅÂÜôÂëΩ‰ª§ */
 149              		.loc 1 58 5 view .LVU31
 150 000c 2820     		movs	r0, #40
 151 000e FFF7FEFF 		bl	ct_iic_send_byte
 152              	.LVL19:
  59:TOUCH/gt9xxx.c ****     ct_iic_wait_ack();
 153              		.loc 1 59 5 view .LVU32
 154 0012 FFF7FEFF 		bl	ct_iic_wait_ack
 155              	.LVL20:
  60:TOUCH/gt9xxx.c ****     ct_iic_send_byte(reg >> 8);         /* ÂèëÈÄÅÈ´ò8‰ΩçÂú∞ÂùÄ */
 156              		.loc 1 60 5 view .LVU33
 157 0016 200A     		lsrs	r0, r4, #8
 158 0018 FFF7FEFF 		bl	ct_iic_send_byte
 159              	.LVL21:
  61:TOUCH/gt9xxx.c ****     ct_iic_wait_ack();
 160              		.loc 1 61 5 view .LVU34
 161 001c FFF7FEFF 		bl	ct_iic_wait_ack
 162              	.LVL22:
  62:TOUCH/gt9xxx.c ****     ct_iic_send_byte(reg & 0XFF);       /* ÂèëÈÄÅ‰Ωé8‰ΩçÂú∞ÂùÄ */
 163              		.loc 1 62 5 view .LVU35
 164 0020 E0B2     		uxtb	r0, r4
 165 0022 FFF7FEFF 		bl	ct_iic_send_byte
 166              	.LVL23:
  63:TOUCH/gt9xxx.c ****     ct_iic_wait_ack();
 167              		.loc 1 63 5 view .LVU36
ARM GAS  C:\Users\ktkuru\AppData\Local\Temp\cc3n1Lze.s 			page 5


 168 0026 FFF7FEFF 		bl	ct_iic_wait_ack
 169              	.LVL24:
  64:TOUCH/gt9xxx.c ****     ct_iic_start();
 170              		.loc 1 64 5 view .LVU37
 171 002a FFF7FEFF 		bl	ct_iic_start
 172              	.LVL25:
  65:TOUCH/gt9xxx.c ****     ct_iic_send_byte(GT9XXX_CMD_RD);    /* ÂèëÈÄÅËØªÂëΩ‰ª§ */
 173              		.loc 1 65 5 view .LVU38
 174 002e 2920     		movs	r0, #41
 175 0030 FFF7FEFF 		bl	ct_iic_send_byte
 176              	.LVL26:
  66:TOUCH/gt9xxx.c ****     ct_iic_wait_ack();
 177              		.loc 1 66 5 view .LVU39
 178 0034 FFF7FEFF 		bl	ct_iic_wait_ack
 179              	.LVL27:
  67:TOUCH/gt9xxx.c **** 
  68:TOUCH/gt9xxx.c ****     for (i = 0; i < len; i++)
 180              		.loc 1 68 5 view .LVU40
 181              		.loc 1 68 12 is_stmt 0 view .LVU41
 182 0038 0024     		movs	r4, #0
 183              	.LVL28:
 184              		.loc 1 68 5 view .LVU42
 185 003a 08E0     		b	.L8
 186              	.LVL29:
 187              	.L9:
  69:TOUCH/gt9xxx.c ****     {
  70:TOUCH/gt9xxx.c ****         buf[i] = ct_iic_read_byte(i == (len - 1) ? 0 : 1);  /* ÂèëÊï∞ÊçÆ */
 188              		.loc 1 70 9 is_stmt 1 view .LVU43
 189              		.loc 1 70 45 is_stmt 0 view .LVU44
 190 003c 681E     		subs	r0, r5, #1
 191              		.loc 1 70 18 view .LVU45
 192 003e 201A     		subs	r0, r4, r0
 193 0040 18BF     		it	ne
 194 0042 0120     		movne	r0, #1
 195 0044 FFF7FEFF 		bl	ct_iic_read_byte
 196              	.LVL30:
 197              		.loc 1 70 16 discriminator 1 view .LVU46
 198 0048 3055     		strb	r0, [r6, r4]
  68:TOUCH/gt9xxx.c ****     {
 199              		.loc 1 68 27 is_stmt 1 discriminator 3 view .LVU47
 200 004a 0134     		adds	r4, r4, #1
 201              	.LVL31:
  68:TOUCH/gt9xxx.c ****     {
 202              		.loc 1 68 27 is_stmt 0 discriminator 3 view .LVU48
 203 004c E4B2     		uxtb	r4, r4
 204              	.LVL32:
 205              	.L8:
  68:TOUCH/gt9xxx.c ****     {
 206              		.loc 1 68 19 is_stmt 1 discriminator 1 view .LVU49
 207 004e AC42     		cmp	r4, r5
 208 0050 F4D3     		bcc	.L9
  71:TOUCH/gt9xxx.c ****     }
  72:TOUCH/gt9xxx.c **** 
  73:TOUCH/gt9xxx.c ****     ct_iic_stop();  /* ‰∫ßÁîü‰∏Ä‰∏™ÂÅúÊ≠¢Êù°‰ª∂ */
 209              		.loc 1 73 5 view .LVU50
 210 0052 FFF7FEFF 		bl	ct_iic_stop
 211              	.LVL33:
ARM GAS  C:\Users\ktkuru\AppData\Local\Temp\cc3n1Lze.s 			page 6


  74:TOUCH/gt9xxx.c **** }
 212              		.loc 1 74 1 is_stmt 0 view .LVU51
 213 0056 70BD     		pop	{r4, r5, r6, pc}
 214              		.loc 1 74 1 view .LVU52
 215              		.cfi_endproc
 216              	.LFE127:
 218              		.section	.rodata.gt9xxx_init.str1.4,"aMS",%progbits,1
 219              		.align	2
 220              	.LC0:
 221 0000 39313100 		.ascii	"911\000"
 222              		.align	2
 223              	.LC1:
 224 0004 39313437 		.ascii	"9147\000"
 224      00
 225 0009 000000   		.align	2
 226              	.LC2:
 227 000c 31313538 		.ascii	"1158\000"
 227      00
 228 0011 000000   		.align	2
 229              	.LC3:
 230 0014 39323731 		.ascii	"9271\000"
 230      00
 231 0019 000000   		.align	2
 232              	.LC4:
 233 001c 43545020 		.ascii	"CTP ID:%s\015\012\000"
 233      49443A25 
 233      730D0A00 
 234              		.section	.text.gt9xxx_init,"ax",%progbits
 235              		.align	1
 236              		.global	gt9xxx_init
 237              		.syntax unified
 238              		.thumb
 239              		.thumb_func
 241              	gt9xxx_init:
 242              	.LFB128:
  75:TOUCH/gt9xxx.c **** 
  76:TOUCH/gt9xxx.c **** /**
  77:TOUCH/gt9xxx.c ****  * @brief       ÂàùÂßãÂåñgt9xxxËß¶Êë∏Â±è
  78:TOUCH/gt9xxx.c ****  * @param       Êó†
  79:TOUCH/gt9xxx.c ****  * @retval      0, ÂàùÂßãÂåñÊàêÂäü; 1, ÂàùÂßãÂåñÂ§±Ë¥•;
  80:TOUCH/gt9xxx.c ****  */
  81:TOUCH/gt9xxx.c **** uint8_t gt9xxx_init(void)
  82:TOUCH/gt9xxx.c **** {
 243              		.loc 1 82 1 is_stmt 1 view -0
 244              		.cfi_startproc
 245              		@ args = 0, pretend = 0, frame = 8
 246              		@ frame_needed = 0, uses_anonymous_args = 0
 247 0000 2DE9F041 		push	{r4, r5, r6, r7, r8, lr}
 248              	.LCFI2:
 249              		.cfi_def_cfa_offset 24
 250              		.cfi_offset 4, -24
 251              		.cfi_offset 5, -20
 252              		.cfi_offset 6, -16
 253              		.cfi_offset 7, -12
 254              		.cfi_offset 8, -8
 255              		.cfi_offset 14, -4
 256 0004 84B0     		sub	sp, sp, #16
ARM GAS  C:\Users\ktkuru\AppData\Local\Temp\cc3n1Lze.s 			page 7


 257              	.LCFI3:
 258              		.cfi_def_cfa_offset 40
  83:TOUCH/gt9xxx.c ****     uint8_t temp[5];
 259              		.loc 1 83 5 view .LVU54
  84:TOUCH/gt9xxx.c **** 
  85:TOUCH/gt9xxx.c ****     GT9XXX_RST_GPIO_CLK_ENABLE();   /* RSTÂºïËÑöÊó∂Èíü‰ΩøËÉΩ */
 260              		.loc 1 85 5 view .LVU55
 261              		.loc 1 85 5 view .LVU56
 262 0006 3D4B     		ldr	r3, .L17
 263 0008 1A6B     		ldr	r2, [r3, #48]
 264 000a 42F48072 		orr	r2, r2, #256
 265 000e 1A63     		str	r2, [r3, #48]
 266              		.loc 1 85 5 view .LVU57
  86:TOUCH/gt9xxx.c ****     GT9XXX_INT_GPIO_CLK_ENABLE();   /* INTÂºïËÑöÊó∂Èíü‰ΩøËÉΩ */
 267              		.loc 1 86 5 view .LVU58
 268              		.loc 1 86 5 view .LVU59
 269 0010 1A6B     		ldr	r2, [r3, #48]
 270 0012 42F08002 		orr	r2, r2, #128
 271 0016 1A63     		str	r2, [r3, #48]
 272              		.loc 1 86 5 view .LVU60
  87:TOUCH/gt9xxx.c **** 
  88:TOUCH/gt9xxx.c ****     /* RSTÂºïËÑöÊ®°ÂºèËÆæÁΩÆ, Êé®ÊåΩËæìÂá∫, ‰∏äÊãâ */
  89:TOUCH/gt9xxx.c ****     GPIO_Set(GT9XXX_RST_GPIO_PORT, GT9XXX_RST_GPIO_PIN,
 273              		.loc 1 89 5 view .LVU61
 274 0018 0125     		movs	r5, #1
 275 001a 0195     		str	r5, [sp, #4]
 276 001c 0226     		movs	r6, #2
 277 001e 0096     		str	r6, [sp]
 278 0020 0023     		movs	r3, #0
 279 0022 2A46     		mov	r2, r5
 280 0024 4FF48071 		mov	r1, #256
 281 0028 3548     		ldr	r0, .L17+4
 282 002a FFF7FEFF 		bl	GPIO_Set
 283              	.LVL34:
  90:TOUCH/gt9xxx.c ****                  GPIO_MODE_OUT, GPIO_OTYPE_PP, GPIO_SPEED_50M, GPIO_PUPD_PU);
  91:TOUCH/gt9xxx.c **** 
  92:TOUCH/gt9xxx.c ****     /* INTÂºïËÑöÊ®°ÂºèËÆæÁΩÆ, ËæìÂÖ•Ê®°Âºè, ‰∏äÊãâ */
  93:TOUCH/gt9xxx.c ****     GPIO_Set(GT9XXX_INT_GPIO_PORT, GT9XXX_INT_GPIO_PIN,
 284              		.loc 1 93 5 view .LVU62
 285 002e 354F     		ldr	r7, .L17+8
 286 0030 0195     		str	r5, [sp, #4]
 287 0032 0096     		str	r6, [sp]
 288 0034 0023     		movs	r3, #0
 289 0036 1A46     		mov	r2, r3
 290 0038 8021     		movs	r1, #128
 291 003a 3846     		mov	r0, r7
 292 003c FFF7FEFF 		bl	GPIO_Set
 293              	.LVL35:
  94:TOUCH/gt9xxx.c ****                  GPIO_MODE_IN, GPIO_OTYPE_PP, GPIO_SPEED_50M, GPIO_PUPD_PU);
  95:TOUCH/gt9xxx.c **** 
  96:TOUCH/gt9xxx.c ****     
  97:TOUCH/gt9xxx.c ****     ct_iic_init();      /* ÂàùÂßãÂåñÁîµÂÆπÂ±èÁöÑI2CÊÄªÁ∫ø */
 294              		.loc 1 97 5 view .LVU63
 295 0040 FFF7FEFF 		bl	ct_iic_init
 296              	.LVL36:
  98:TOUCH/gt9xxx.c ****     GT9XXX_RST(0);      /* Â§ç‰Ωç */
 297              		.loc 1 98 5 view .LVU64
ARM GAS  C:\Users\ktkuru\AppData\Local\Temp\cc3n1Lze.s 			page 8


 298 0044 DFF8D880 		ldr	r8, .L17+36
 299 0048 0024     		movs	r4, #0
 300 004a C8F8A042 		str	r4, [r8, #672]
  99:TOUCH/gt9xxx.c ****     delay_ms(10);
 301              		.loc 1 99 5 view .LVU65
 302 004e 0A20     		movs	r0, #10
 303 0050 FFF7FEFF 		bl	delay_ms
 304              	.LVL37:
 100:TOUCH/gt9xxx.c ****     GT9XXX_RST(1);      /* ÈáäÊîæÂ§ç‰Ωç */
 305              		.loc 1 100 5 view .LVU66
 306 0054 C8F8A052 		str	r5, [r8, #672]
 101:TOUCH/gt9xxx.c ****     delay_ms(10);
 307              		.loc 1 101 5 view .LVU67
 308 0058 0A20     		movs	r0, #10
 309 005a FFF7FEFF 		bl	delay_ms
 310              	.LVL38:
 102:TOUCH/gt9xxx.c **** 
 103:TOUCH/gt9xxx.c ****     /* INTÂºïËÑöÊ®°ÂºèËÆæÁΩÆ, ËæìÂÖ•Ê®°Âºè, ÊµÆÁ©∫ËæìÂÖ• */
 104:TOUCH/gt9xxx.c ****     GPIO_Set(GT9XXX_INT_GPIO_PORT, GT9XXX_INT_GPIO_PIN, 
 311              		.loc 1 104 5 view .LVU68
 312 005e 0194     		str	r4, [sp, #4]
 313 0060 0096     		str	r6, [sp]
 314 0062 2346     		mov	r3, r4
 315 0064 2246     		mov	r2, r4
 316 0066 8021     		movs	r1, #128
 317 0068 3846     		mov	r0, r7
 318 006a FFF7FEFF 		bl	GPIO_Set
 319              	.LVL39:
 105:TOUCH/gt9xxx.c ****                  GPIO_MODE_IN, GPIO_OTYPE_PP, GPIO_SPEED_50M, GPIO_PUPD_NONE);
 106:TOUCH/gt9xxx.c **** 
 107:TOUCH/gt9xxx.c ****     delay_ms(100);
 320              		.loc 1 107 5 view .LVU69
 321 006e 6420     		movs	r0, #100
 322 0070 FFF7FEFF 		bl	delay_ms
 323              	.LVL40:
 108:TOUCH/gt9xxx.c ****     gt9xxx_rd_reg(GT9XXX_PID_REG, temp, 4); /* ËØªÂèñ‰∫ßÂìÅID */
 324              		.loc 1 108 5 view .LVU70
 325 0074 0422     		movs	r2, #4
 326 0076 02A9     		add	r1, sp, #8
 327 0078 48F24010 		movw	r0, #33088
 328 007c FFF7FEFF 		bl	gt9xxx_rd_reg
 329              	.LVL41:
 109:TOUCH/gt9xxx.c ****     temp[4] = 0;
 330              		.loc 1 109 5 view .LVU71
 331              		.loc 1 109 13 is_stmt 0 view .LVU72
 332 0080 8DF80C40 		strb	r4, [sp, #12]
 110:TOUCH/gt9xxx.c ****     /* Âà§Êñ≠‰∏Ä‰∏ãÊòØÂê¶ÊòØÁâπÂÆöÁöÑËß¶Êë∏Â±è */
 111:TOUCH/gt9xxx.c ****     if (strcmp((char *)temp, "911") && strcmp((char *)temp, "9147") && strcmp((char *)temp, "1158")
 333              		.loc 1 111 5 is_stmt 1 view .LVU73
 334              		.loc 1 111 9 is_stmt 0 view .LVU74
 335 0084 2049     		ldr	r1, .L17+12
 336 0086 02A8     		add	r0, sp, #8
 337 0088 FFF7FEFF 		bl	strcmp
 338              	.LVL42:
 339              		.loc 1 111 8 discriminator 1 view .LVU75
 340 008c 70B1     		cbz	r0, .L12
 341              		.loc 1 111 40 discriminator 1 view .LVU76
ARM GAS  C:\Users\ktkuru\AppData\Local\Temp\cc3n1Lze.s 			page 9


 342 008e 1F49     		ldr	r1, .L17+16
 343 0090 02A8     		add	r0, sp, #8
 344 0092 FFF7FEFF 		bl	strcmp
 345              	.LVL43:
 346              		.loc 1 111 37 discriminator 1 view .LVU77
 347 0096 48B1     		cbz	r0, .L12
 348              		.loc 1 111 72 discriminator 2 view .LVU78
 349 0098 1D49     		ldr	r1, .L17+20
 350 009a 02A8     		add	r0, sp, #8
 351 009c FFF7FEFF 		bl	strcmp
 352              	.LVL44:
 353              		.loc 1 111 69 discriminator 1 view .LVU79
 354 00a0 20B1     		cbz	r0, .L12
 355              		.loc 1 111 104 discriminator 3 view .LVU80
 356 00a2 1C49     		ldr	r1, .L17+24
 357 00a4 02A8     		add	r0, sp, #8
 358 00a6 FFF7FEFF 		bl	strcmp
 359              	.LVL45:
 360              		.loc 1 111 101 discriminator 1 view .LVU81
 361 00aa 20BB     		cbnz	r0, .L15
 362              	.L12:
 112:TOUCH/gt9xxx.c ****     {
 113:TOUCH/gt9xxx.c ****         return 1;   /* Ëã•‰∏çÊòØËß¶Êë∏Â±èÁî®Âà∞ÁöÑGT911/9147/1158/9271ÔºåÂàôÂàùÂßãÂåñÂ§±Ë¥•ÔºåÈúÄÁ°
 114:TOUCH/gt9xxx.c ****     }
 115:TOUCH/gt9xxx.c ****     printf("CTP ID:%s\r\n", temp);          /* ÊâìÂç∞ID */
 363              		.loc 1 115 5 is_stmt 1 view .LVU82
 364 00ac 02A9     		add	r1, sp, #8
 365 00ae 1A48     		ldr	r0, .L17+28
 366 00b0 FFF7FEFF 		bl	printf
 367              	.LVL46:
 116:TOUCH/gt9xxx.c ****     
 117:TOUCH/gt9xxx.c ****     if (strcmp((char *)temp, "9271") == 0)  /* ID==9271, ÊîØÊåÅ10ÁÇπËß¶Êë∏ */
 368              		.loc 1 117 5 view .LVU83
 369              		.loc 1 117 9 is_stmt 0 view .LVU84
 370 00b4 1749     		ldr	r1, .L17+24
 371 00b6 02A8     		add	r0, sp, #8
 372 00b8 FFF7FEFF 		bl	strcmp
 373              	.LVL47:
 374              		.loc 1 117 8 discriminator 1 view .LVU85
 375 00bc 10B9     		cbnz	r0, .L14
 118:TOUCH/gt9xxx.c ****     {
 119:TOUCH/gt9xxx.c ****          g_gt_tnum = 10;    /* ÊîØÊåÅ10ÁÇπËß¶Êë∏Â±è */
 376              		.loc 1 119 10 is_stmt 1 view .LVU86
 377              		.loc 1 119 20 is_stmt 0 view .LVU87
 378 00be 174B     		ldr	r3, .L17+32
 379 00c0 0A22     		movs	r2, #10
 380 00c2 1A70     		strb	r2, [r3]
 381              	.L14:
 120:TOUCH/gt9xxx.c ****     }
 121:TOUCH/gt9xxx.c ****     
 122:TOUCH/gt9xxx.c ****     temp[0] = 0X02;
 382              		.loc 1 122 5 is_stmt 1 view .LVU88
 383              		.loc 1 122 13 is_stmt 0 view .LVU89
 384 00c4 0223     		movs	r3, #2
 385 00c6 8DF80830 		strb	r3, [sp, #8]
 123:TOUCH/gt9xxx.c ****     gt9xxx_wr_reg(GT9XXX_CTRL_REG, temp, 1);    /* ËΩØÂ§ç‰ΩçGT9XXX */
 386              		.loc 1 123 5 is_stmt 1 view .LVU90
ARM GAS  C:\Users\ktkuru\AppData\Local\Temp\cc3n1Lze.s 			page 10


 387 00ca 0122     		movs	r2, #1
 388 00cc 02A9     		add	r1, sp, #8
 389 00ce 48F24000 		movw	r0, #32832
 390 00d2 FFF7FEFF 		bl	gt9xxx_wr_reg
 391              	.LVL48:
 124:TOUCH/gt9xxx.c ****     
 125:TOUCH/gt9xxx.c ****     delay_ms(10);
 392              		.loc 1 125 5 view .LVU91
 393 00d6 0A20     		movs	r0, #10
 394 00d8 FFF7FEFF 		bl	delay_ms
 395              	.LVL49:
 126:TOUCH/gt9xxx.c ****     
 127:TOUCH/gt9xxx.c ****     temp[0] = 0X00;
 396              		.loc 1 127 5 view .LVU92
 397              		.loc 1 127 13 is_stmt 0 view .LVU93
 398 00dc 0024     		movs	r4, #0
 399 00de 8DF80840 		strb	r4, [sp, #8]
 128:TOUCH/gt9xxx.c ****     gt9xxx_wr_reg(GT9XXX_CTRL_REG, temp, 1);    /* ÁªìÊùüÂ§ç‰Ωç, ËøõÂÖ•ËØªÂùêÊ†áÁä∂ÊÄÅ */
 400              		.loc 1 128 5 is_stmt 1 view .LVU94
 401 00e2 0122     		movs	r2, #1
 402 00e4 02A9     		add	r1, sp, #8
 403 00e6 48F24000 		movw	r0, #32832
 404 00ea FFF7FEFF 		bl	gt9xxx_wr_reg
 405              	.LVL50:
 129:TOUCH/gt9xxx.c **** 
 130:TOUCH/gt9xxx.c ****     return 0;
 406              		.loc 1 130 5 view .LVU95
 407              		.loc 1 130 12 is_stmt 0 view .LVU96
 408 00ee 2046     		mov	r0, r4
 409              	.L13:
 131:TOUCH/gt9xxx.c **** }
 410              		.loc 1 131 1 view .LVU97
 411 00f0 04B0     		add	sp, sp, #16
 412              	.LCFI4:
 413              		.cfi_remember_state
 414              		.cfi_def_cfa_offset 24
 415              		@ sp needed
 416 00f2 BDE8F081 		pop	{r4, r5, r6, r7, r8, pc}
 417              	.L15:
 418              	.LCFI5:
 419              		.cfi_restore_state
 113:TOUCH/gt9xxx.c ****     }
 420              		.loc 1 113 16 view .LVU98
 421 00f6 0120     		movs	r0, #1
 422 00f8 FAE7     		b	.L13
 423              	.L18:
 424 00fa 00BF     		.align	2
 425              	.L17:
 426 00fc 00380240 		.word	1073887232
 427 0100 00200240 		.word	1073881088
 428 0104 001C0240 		.word	1073880064
 429 0108 00000000 		.word	.LC0
 430 010c 04000000 		.word	.LC1
 431 0110 0C000000 		.word	.LC2
 432 0114 14000000 		.word	.LC3
 433 0118 1C000000 		.word	.LC4
 434 011c 00000000 		.word	g_gt_tnum
ARM GAS  C:\Users\ktkuru\AppData\Local\Temp\cc3n1Lze.s 			page 11


 435 0120 00004442 		.word	1111752704
 436              		.cfi_endproc
 437              	.LFE128:
 439              		.global	GT9XXX_TPX_TBL
 440              		.section	.rodata.GT9XXX_TPX_TBL,"a"
 441              		.align	2
 444              	GT9XXX_TPX_TBL:
 445 0000 5081     		.short	-32432
 446 0002 5881     		.short	-32424
 447 0004 6081     		.short	-32416
 448 0006 6881     		.short	-32408
 449 0008 7081     		.short	-32400
 450 000a 7881     		.short	-32392
 451 000c 8081     		.short	-32384
 452 000e 8881     		.short	-32376
 453 0010 9081     		.short	-32368
 454 0012 9881     		.short	-32360
 455              		.global	g_gt_tnum
 456              		.section	.data.g_gt_tnum,"aw"
 459              	g_gt_tnum:
 460 0000 05       		.byte	5
 461              		.text
 462              	.Letext0:
 463              		.file 2 "C:/Program Files (x86)/Arm GNU Toolchain arm-none-eabi/13.3 rel1/arm-none-eabi/include/ma
 464              		.file 3 "C:/Program Files (x86)/Arm GNU Toolchain arm-none-eabi/13.3 rel1/arm-none-eabi/include/sy
 465              		.file 4 "User/stm32f4xx.h"
 466              		.file 5 "C:/Program Files (x86)/Arm GNU Toolchain arm-none-eabi/13.3 rel1/arm-none-eabi/include/st
 467              		.file 6 "C:/Program Files (x86)/Arm GNU Toolchain arm-none-eabi/13.3 rel1/arm-none-eabi/include/st
 468              		.file 7 "system/delay/delay.h"
 469              		.file 8 "USER_LIB/inc/lib.h"
 470              		.file 9 "TOUCH/ctiic.h"
ARM GAS  C:\Users\ktkuru\AppData\Local\Temp\cc3n1Lze.s 			page 12


DEFINED SYMBOLS
                            *ABS*:00000000 gt9xxx.c
C:\Users\ktkuru\AppData\Local\Temp\cc3n1Lze.s:21     .text.gt9xxx_wr_reg:00000000 $t
C:\Users\ktkuru\AppData\Local\Temp\cc3n1Lze.s:27     .text.gt9xxx_wr_reg:00000000 gt9xxx_wr_reg
C:\Users\ktkuru\AppData\Local\Temp\cc3n1Lze.s:121    .text.gt9xxx_rd_reg:00000000 $t
C:\Users\ktkuru\AppData\Local\Temp\cc3n1Lze.s:127    .text.gt9xxx_rd_reg:00000000 gt9xxx_rd_reg
C:\Users\ktkuru\AppData\Local\Temp\cc3n1Lze.s:219    .rodata.gt9xxx_init.str1.4:00000000 $d
C:\Users\ktkuru\AppData\Local\Temp\cc3n1Lze.s:235    .text.gt9xxx_init:00000000 $t
C:\Users\ktkuru\AppData\Local\Temp\cc3n1Lze.s:241    .text.gt9xxx_init:00000000 gt9xxx_init
C:\Users\ktkuru\AppData\Local\Temp\cc3n1Lze.s:426    .text.gt9xxx_init:000000fc $d
C:\Users\ktkuru\AppData\Local\Temp\cc3n1Lze.s:459    .data.g_gt_tnum:00000000 g_gt_tnum
C:\Users\ktkuru\AppData\Local\Temp\cc3n1Lze.s:444    .rodata.GT9XXX_TPX_TBL:00000000 GT9XXX_TPX_TBL
C:\Users\ktkuru\AppData\Local\Temp\cc3n1Lze.s:441    .rodata.GT9XXX_TPX_TBL:00000000 $d

UNDEFINED SYMBOLS
ct_iic_start
ct_iic_send_byte
ct_iic_wait_ack
ct_iic_stop
ct_iic_read_byte
GPIO_Set
ct_iic_init
delay_ms
strcmp
printf
